INFO:root:Starting the logger.
INFO:root:Using cuda.
INFO:root:: mem (CPU python)=571.0546875MB; mem (CPU total)=3580.87109375MB
INFO:root:############### Starting experiment with config file debug.ini ###############
INFO:root:###1 out of 1 data set parameter combinations ###
INFO:root:Data parameters: {'dataset_name': 'x-squared', 'max_dataset_size': 32768}
INFO:root:After loading the datasets: mem (CPU python)=573.94140625MB; mem (CPU total)=3581.35546875MB
INFO:root:###1 out of 9 training parameter combinations ###
INFO:root:Training parameters: {'report_every': 1, 'seed': 1234, 'model': 'MLP', 'uncertainty_quantification': 'diffusion', 'batch_size': 32768, 'n_epochs': 2, 'early_stopping': 100, 'init': 'default', 'learning_rate': 0.001, 'lr_schedule': 'step', 'optimizer': 'adam', 'gradient_clipping': 1, 'data_loader_pin_memory': False, 'data_loader_num_workers': 0, 'distributed_training': False, 'alpha': 0.05, 'n_samples_uq': 100, 'weight_decay': 0.01, 'dropout': 0.001, 'hidden_dim': 64, 'n_layers': 3, 'concat_condition_diffusion': False}
INFO:root:After creating the dataloaders: mem (CPU python)=576.25390625MB; mem (CPU total)=3582.83203125MB
INFO:root:NumberParameters: 16961
INFO:root:GPU memory allocated: 2097152
INFO:root:After setting up the model: mem (CPU python)=670.0MB; mem (CPU total)=3661.69921875MB
INFO:root:Training starts now.
INFO:root:At the start of the epoch: mem (CPU python)=695.59765625MB; mem (CPU total)=3678.86328125MB
INFO:root:[    1] Training loss: 1.04323983, Validation loss: 5486.86669922, Valdiation loss EMA: 5632.67968750
INFO:root:At the start of the epoch: mem (CPU python)=959.91796875MB; mem (CPU total)=3886.0703125MB
INFO:root:[    2] Training loss: 1.00213623, Validation loss: 4279.96728516, Valdiation loss EMA: 4392.88232422
INFO:root:After finishing all epochs: mem (CPU python)=989.48046875MB; mem (CPU total)=3915.234375MB
INFO:root:Training the model took 4.895s.
INFO:root:Emptying the cuda cache took 0.001s.
INFO:root:Starting evaluation: model MLP & uncertainty quantification diffusion
INFO:root:Evaluating the model on Train data.
