INFO:root:Starting the logger.
INFO:root:Using cuda.
INFO:root:: mem (CPU python)=568.07421875MB; mem (CPU total)=3290.24609375MB
INFO:root:############### Starting experiment with config file debug.ini ###############
INFO:root:###1 out of 1 data set parameter combinations ###
INFO:root:Data parameters: {'dataset_name': 'uniform-regression', 'max_dataset_size': 4096}
INFO:root:After loading the datasets: mem (CPU python)=571.03515625MB; mem (CPU total)=3296.1015625MB
INFO:root:###1 out of 9 training parameter combinations ###
INFO:root:Training parameters: {'seed': 1234, 'model': 'MLP', 'uncertainty_quantification': 'diffusion', 'batch_size': 4096, 'n_epochs': 40, 'early_stopping': 10, 'init': 'default', 'learning_rate': 0.001, 'lr_schedule': 'step', 'optimizer': 'adam', 'gradient_clipping': 1, 'data_loader_pin_memory': False, 'data_loader_num_workers': 0, 'distributed_training': False, 'alpha': 0.05, 'n_samples_uq': 100, 'weight_decay': 0.01, 'dropout': 0.001, 'hidden_dim': 64, 'n_layers': 3, 'concat_condition_diffusion': False}
INFO:root:After creating the dataloaders: mem (CPU python)=571.5078125MB; mem (CPU total)=3296.1015625MB
INFO:root:NumberParameters: 16961
INFO:root:GPU memory allocated: 2097152
INFO:root:After setting up the model: mem (CPU python)=665.5MB; mem (CPU total)=3377.84765625MB
INFO:root:Training starts now.
INFO:root:At the start of the epoch: mem (CPU python)=779.859375MB; mem (CPU total)=3462.42578125MB
INFO:root:[    1] Training loss: 1.09453523, Validation loss: 58556.10546875, Valdiation loss EMA: 58556.10546875
INFO:root:At the start of the epoch: mem (CPU python)=971.48828125MB; mem (CPU total)=3615.60546875MB
INFO:root:[    2] Training loss: 0.94754058, Validation loss: 47571.21093750, Valdiation loss EMA: 47571.21093750
INFO:root:At the start of the epoch: mem (CPU python)=973.6640625MB; mem (CPU total)=3618.2578125MB
INFO:root:[    3] Training loss: 0.96448094, Validation loss: 36946.84765625, Valdiation loss EMA: 36946.84765625
INFO:root:At the start of the epoch: mem (CPU python)=973.6640625MB; mem (CPU total)=3621.703125MB
INFO:root:[    4] Training loss: 0.96743417, Validation loss: 31243.29687500, Valdiation loss EMA: 31243.29687500
INFO:root:At the start of the epoch: mem (CPU python)=973.6640625MB; mem (CPU total)=3622.1953125MB
INFO:root:[    5] Training loss: 0.93128300, Validation loss: 32410.58984375, Valdiation loss EMA: 32410.58984375
INFO:root:At the start of the epoch: mem (CPU python)=973.6640625MB; mem (CPU total)=3622.4296875MB
INFO:root:[    6] Training loss: 0.90664059, Validation loss: 23130.28320312, Valdiation loss EMA: 23130.28320312
INFO:root:At the start of the epoch: mem (CPU python)=973.6640625MB; mem (CPU total)=3622.4296875MB
INFO:root:[    7] Training loss: 0.93750447, Validation loss: 25144.33984375, Valdiation loss EMA: 25144.33984375
INFO:root:At the start of the epoch: mem (CPU python)=973.6640625MB; mem (CPU total)=3622.6640625MB
INFO:root:[    8] Training loss: 0.86942947, Validation loss: 20819.53125000, Valdiation loss EMA: 20819.53125000
INFO:root:At the start of the epoch: mem (CPU python)=973.6640625MB; mem (CPU total)=3615.03125MB
INFO:root:[    9] Training loss: 0.94147581, Validation loss: 18581.21484375, Valdiation loss EMA: 18581.21484375
INFO:root:At the start of the epoch: mem (CPU python)=973.6640625MB; mem (CPU total)=3614.78125MB
INFO:root:[   10] Training loss: 0.86550152, Validation loss: 14075.26953125, Valdiation loss EMA: 14075.26953125
INFO:root:At the start of the epoch: mem (CPU python)=973.6640625MB; mem (CPU total)=3614.7734375MB
INFO:root:[   11] Training loss: 0.85779274, Validation loss: 13077.91503906, Valdiation loss EMA: 13077.91503906
INFO:root:At the start of the epoch: mem (CPU python)=973.6640625MB; mem (CPU total)=3614.95703125MB
INFO:root:[   12] Training loss: 0.81439787, Validation loss: 11896.54101562, Valdiation loss EMA: 11896.54101562
INFO:root:At the start of the epoch: mem (CPU python)=973.6640625MB; mem (CPU total)=3616.16015625MB
INFO:root:[   13] Training loss: 0.81448811, Validation loss: 11519.08691406, Valdiation loss EMA: 11519.08691406
INFO:root:At the start of the epoch: mem (CPU python)=973.6640625MB; mem (CPU total)=3618.22265625MB
INFO:root:[   14] Training loss: 0.83749038, Validation loss: 10043.54882812, Valdiation loss EMA: 10043.54882812
INFO:root:At the start of the epoch: mem (CPU python)=973.6640625MB; mem (CPU total)=3619.00390625MB
INFO:root:[   15] Training loss: 0.76087070, Validation loss: 9122.10351562, Valdiation loss EMA: 9122.10351562
INFO:root:At the start of the epoch: mem (CPU python)=973.6640625MB; mem (CPU total)=3618.859375MB
INFO:root:[   16] Training loss: 0.79253870, Validation loss: 6149.33154297, Valdiation loss EMA: 6149.33154297
INFO:root:At the start of the epoch: mem (CPU python)=973.6640625MB; mem (CPU total)=3618.859375MB
INFO:root:[   17] Training loss: 0.77826047, Validation loss: 5708.58789062, Valdiation loss EMA: 5708.58789062
INFO:root:At the start of the epoch: mem (CPU python)=973.6640625MB; mem (CPU total)=3618.609375MB
INFO:root:[   18] Training loss: 0.88817221, Validation loss: 4485.45751953, Valdiation loss EMA: 4485.45751953
INFO:root:At the start of the epoch: mem (CPU python)=973.6640625MB; mem (CPU total)=3617.33203125MB
INFO:root:[   19] Training loss: 0.75550294, Validation loss: 5359.19140625, Valdiation loss EMA: 5359.19140625
INFO:root:At the start of the epoch: mem (CPU python)=973.6640625MB; mem (CPU total)=3618.375MB
INFO:root:[   20] Training loss: 0.71854335, Validation loss: 7645.20507812, Valdiation loss EMA: 7645.20507812
INFO:root:At the start of the epoch: mem (CPU python)=973.6640625MB; mem (CPU total)=3618.71875MB
INFO:root:[   21] Training loss: 0.73744816, Validation loss: 8824.13574219, Valdiation loss EMA: 8824.13574219
INFO:root:At the start of the epoch: mem (CPU python)=978.1171875MB; mem (CPU total)=3626.046875MB
INFO:root:[   22] Training loss: 0.72294503, Validation loss: 7594.71972656, Valdiation loss EMA: 7594.71972656
INFO:root:At the start of the epoch: mem (CPU python)=978.1171875MB; mem (CPU total)=3624.74609375MB
INFO:root:[   23] Training loss: 0.87574488, Validation loss: 7123.70996094, Valdiation loss EMA: 7123.70996094
INFO:root:At the start of the epoch: mem (CPU python)=978.1171875MB; mem (CPU total)=3624.9921875MB
INFO:root:[   24] Training loss: 0.69586140, Validation loss: 6125.21728516, Valdiation loss EMA: 6125.21728516
INFO:root:At the start of the epoch: mem (CPU python)=978.1171875MB; mem (CPU total)=3625.23828125MB
INFO:root:[   25] Training loss: 0.69702697, Validation loss: 7855.64990234, Valdiation loss EMA: 7855.64990234
INFO:root:At the start of the epoch: mem (CPU python)=978.1171875MB; mem (CPU total)=3623.046875MB
INFO:root:[   26] Training loss: 0.65689170, Validation loss: 8925.21484375, Valdiation loss EMA: 8925.21484375
INFO:root:At the start of the epoch: mem (CPU python)=978.1171875MB; mem (CPU total)=3623.03125MB
INFO:root:[   27] Training loss: 0.63457537, Validation loss: 9927.58691406, Valdiation loss EMA: 9927.58691406
INFO:root:At the start of the epoch: mem (CPU python)=978.1171875MB; mem (CPU total)=3623.9453125MB
INFO:root:[   28] Training loss: 0.62722796, Validation loss: 9520.26953125, Valdiation loss EMA: 9520.26953125
INFO:root:At the start of the epoch: mem (CPU python)=978.1171875MB; mem (CPU total)=3624.1328125MB
INFO:root:[   29] Training loss: 0.58072525, Validation loss: 7807.91845703, Valdiation loss EMA: 7807.91845703
INFO:root:At the start of the epoch: mem (CPU python)=978.1171875MB; mem (CPU total)=3626.71484375MB
INFO:root:[   30] Training loss: 0.61315304, Validation loss: 8194.04296875, Valdiation loss EMA: 8194.04296875
INFO:root:At the start of the epoch: mem (CPU python)=978.1171875MB; mem (CPU total)=3626.7109375MB
INFO:root:[   31] Training loss: 0.59896320, Validation loss: 8369.16503906, Valdiation loss EMA: 8369.16503906
INFO:root:At the start of the epoch: mem (CPU python)=978.1171875MB; mem (CPU total)=3626.94140625MB
INFO:root:[   32] Training loss: 0.59040082, Validation loss: 8500.28906250, Valdiation loss EMA: 8500.28906250
INFO:root:At the start of the epoch: mem (CPU python)=978.1171875MB; mem (CPU total)=3627.1875MB
INFO:root:[   33] Training loss: 0.55689311, Validation loss: 7333.60302734, Valdiation loss EMA: 7333.60302734
INFO:root:At the start of the epoch: mem (CPU python)=978.1171875MB; mem (CPU total)=3626.51171875MB
INFO:root:[   34] Training loss: 0.52081048, Validation loss: 8523.87500000, Valdiation loss EMA: 8523.87500000
INFO:root:At the start of the epoch: mem (CPU python)=978.1171875MB; mem (CPU total)=3626.4921875MB
INFO:root:[   35] Training loss: 0.50661719, Validation loss: 10180.99804688, Valdiation loss EMA: 10180.99804688
INFO:root:At the start of the epoch: mem (CPU python)=978.1171875MB; mem (CPU total)=3628.90234375MB
