INFO:root:Starting the logger.
INFO:root:Using cuda.
INFO:root:: mem (CPU python)=520.484375MB; mem (CPU total)=3406.5703125MB
INFO:root:############### Starting experiment with config file debug.ini ###############
INFO:root:###1 out of 1 data set parameter combinations ###
INFO:root:Data parameters: {'dataset_name': 'x-squared', 'max_dataset_size': 32768}
INFO:root:After loading the datasets: mem (CPU python)=522.69921875MB; mem (CPU total)=3406.5703125MB
INFO:root:###1 out of 9 training parameter combinations ###
INFO:root:Training parameters: {'report_every': 10, 'seed': 1234, 'model': 'MLP', 'uncertainty_quantification': 'dropout', 'batch_size': 32768, 'n_epochs': 100, 'early_stopping': 100, 'init': 'default', 'learning_rate': 0.001, 'lr_schedule': 'step', 'optimizer': 'adam', 'gradient_clipping': 1, 'data_loader_pin_memory': False, 'data_loader_num_workers': 0, 'distributed_training': False, 'alpha': 0.05, 'n_samples_uq': 100, 'weight_decay': 0.01, 'dropout': 0.001, 'hidden_dim': 64, 'n_layers': 3, 'concat_condition_diffusion': False}
INFO:root:After creating the dataloaders: mem (CPU python)=525.75390625MB; mem (CPU total)=3408.5390625MB
INFO:root:NumberParameters: 12673
INFO:root:GPU memory allocated: 2097152
INFO:root:After setting up the model: mem (CPU python)=619.07421875MB; mem (CPU total)=3489.87109375MB
INFO:root:Training starts now.
INFO:root:At the start of the epoch: mem (CPU python)=619.9140625MB; mem (CPU total)=3489.87109375MB
INFO:root:At the start of the epoch: mem (CPU python)=786.34765625MB; mem (CPU total)=3609.33203125MB
INFO:root:At the start of the epoch: mem (CPU python)=813.47265625MB; mem (CPU total)=3637.00390625MB
INFO:root:At the start of the epoch: mem (CPU python)=813.4765625MB; mem (CPU total)=3629.48828125MB
INFO:root:At the start of the epoch: mem (CPU python)=813.5MB; mem (CPU total)=3629.98046875MB
INFO:root:At the start of the epoch: mem (CPU python)=813.5MB; mem (CPU total)=3630.20703125MB
INFO:root:At the start of the epoch: mem (CPU python)=813.5MB; mem (CPU total)=3630.2109375MB
INFO:root:At the start of the epoch: mem (CPU python)=813.5MB; mem (CPU total)=3638.08203125MB
INFO:root:At the start of the epoch: mem (CPU python)=813.5MB; mem (CPU total)=3648.91015625MB
INFO:root:At the start of the epoch: mem (CPU python)=813.5MB; mem (CPU total)=3648.91015625MB
INFO:root:[   10] Training loss: 236.43824005, Validation loss: 22.20061798, Valdiation loss EMA: 22.20061798
INFO:root:At the start of the epoch: mem (CPU python)=814.06640625MB; mem (CPU total)=3648.91015625MB
INFO:root:At the start of the epoch: mem (CPU python)=818.3359375MB; mem (CPU total)=3652.79296875MB
INFO:root:At the start of the epoch: mem (CPU python)=818.3359375MB; mem (CPU total)=3652.79296875MB
