INFO:root:Starting the logger.
INFO:root:Using cuda.
INFO:root:: mem (CPU python)=516.23828125MB; mem (CPU total)=3218.625MB
INFO:root:############### Starting experiment with config file debug.ini ###############
INFO:root:###1 out of 1 data set parameter combinations ###
INFO:root:Data parameters: {'dataset_name': 'uniform-regression', 'max_dataset_size': 524288}
INFO:root:After loading the datasets: mem (CPU python)=525.2890625MB; mem (CPU total)=3221.1640625MB
INFO:root:###1 out of 9 training parameter combinations ###
INFO:root:Training parameters: {'seed': 1234, 'model': 'MLP', 'uncertainty_quantification': 'diffusion', 'batch_size': 32768, 'n_epochs': 40, 'early_stopping': 10, 'init': 'default', 'learning_rate': 0.001, 'lr_schedule': 'step', 'optimizer': 'adam', 'gradient_clipping': 1, 'data_loader_pin_memory': False, 'data_loader_num_workers': 0, 'distributed_training': False, 'alpha': 0.05, 'n_samples_uq': 100, 'weight_decay': 0.01, 'dropout': 0.001, 'hidden_dim': 64, 'n_layers': 3, 'concat_condition_diffusion': False}
INFO:root:After creating the dataloaders: mem (CPU python)=550.5625MB; mem (CPU total)=3240.8984375MB
INFO:root:NumberParameters: 16961
INFO:root:GPU memory allocated: 2097152
INFO:root:After setting up the model: mem (CPU python)=638.65625MB; mem (CPU total)=3320.79296875MB
INFO:root:Training starts now.
INFO:root:At the start of the epoch: mem (CPU python)=663.6875MB; mem (CPU total)=3340.21484375MB
INFO:root:[    1] Training loss: 0.93811611, Validation loss: 6895.72338867, Valdiation loss EMA: 6895.72338867
INFO:root:At the start of the epoch: mem (CPU python)=976.1015625MB; mem (CPU total)=3586.66015625MB
INFO:root:[    2] Training loss: 0.77185197, Validation loss: 5628.30712891, Valdiation loss EMA: 5628.30712891
INFO:root:At the start of the epoch: mem (CPU python)=980.41015625MB; mem (CPU total)=3601.95703125MB
INFO:root:[    3] Training loss: 0.56258779, Validation loss: 4002.25085449, Valdiation loss EMA: 4002.25085449
INFO:root:At the start of the epoch: mem (CPU python)=982.1015625MB; mem (CPU total)=3607.1015625MB
INFO:root:[    4] Training loss: 0.58361742, Validation loss: 806.46606445, Valdiation loss EMA: 806.46606445
INFO:root:At the start of the epoch: mem (CPU python)=985.26953125MB; mem (CPU total)=3605.25MB
INFO:root:[    5] Training loss: 0.39187934, Validation loss: 148.35459900, Valdiation loss EMA: 148.35459900
INFO:root:At the start of the epoch: mem (CPU python)=985.26953125MB; mem (CPU total)=3609.8203125MB
INFO:root:[    6] Training loss: 0.32078379, Validation loss: 18.25204086, Valdiation loss EMA: 18.25204086
INFO:root:At the start of the epoch: mem (CPU python)=985.30859375MB; mem (CPU total)=3609.6171875MB
INFO:root:[    7] Training loss: 0.28851447, Validation loss: 5.21606803, Valdiation loss EMA: 5.21606803
INFO:root:At the start of the epoch: mem (CPU python)=985.30859375MB; mem (CPU total)=3611.921875MB
INFO:root:[    8] Training loss: 0.26961276, Validation loss: 0.90935516, Valdiation loss EMA: 0.90935516
INFO:root:At the start of the epoch: mem (CPU python)=985.30859375MB; mem (CPU total)=3611.328125MB
INFO:root:[    9] Training loss: 0.24848733, Validation loss: 0.84607577, Valdiation loss EMA: 0.84607577
INFO:root:At the start of the epoch: mem (CPU python)=985.30859375MB; mem (CPU total)=3608.75MB
INFO:root:[   10] Training loss: 0.27184968, Validation loss: 9.98203516, Valdiation loss EMA: 9.98203516
INFO:root:At the start of the epoch: mem (CPU python)=985.30859375MB; mem (CPU total)=3613.58203125MB
INFO:root:[   11] Training loss: 0.25055058, Validation loss: 4.04528880, Valdiation loss EMA: 4.04528880
INFO:root:At the start of the epoch: mem (CPU python)=985.32421875MB; mem (CPU total)=3613.7265625MB
INFO:root:[   12] Training loss: 0.23180680, Validation loss: 0.53424269, Valdiation loss EMA: 0.53424269
INFO:root:At the start of the epoch: mem (CPU python)=985.32421875MB; mem (CPU total)=3614.3125MB
INFO:root:[   13] Training loss: 0.17348008, Validation loss: 0.39382870, Valdiation loss EMA: 0.39382870
INFO:root:At the start of the epoch: mem (CPU python)=985.32421875MB; mem (CPU total)=3615.11328125MB
INFO:root:[   14] Training loss: 0.15837001, Validation loss: 0.53628606, Valdiation loss EMA: 0.53628606
INFO:root:At the start of the epoch: mem (CPU python)=985.32421875MB; mem (CPU total)=3613.21875MB
INFO:root:[   15] Training loss: 0.20493411, Validation loss: 0.20947602, Valdiation loss EMA: 0.20947602
INFO:root:At the start of the epoch: mem (CPU python)=985.32421875MB; mem (CPU total)=3614.01171875MB
INFO:root:[   16] Training loss: 0.19297664, Validation loss: 0.28979908, Valdiation loss EMA: 0.28979908
INFO:root:At the start of the epoch: mem (CPU python)=985.32421875MB; mem (CPU total)=3615.0546875MB
INFO:root:[   17] Training loss: 0.19422193, Validation loss: 0.14849345, Valdiation loss EMA: 0.14849345
INFO:root:At the start of the epoch: mem (CPU python)=985.32421875MB; mem (CPU total)=3616.83984375MB
INFO:root:[   18] Training loss: 0.22944849, Validation loss: 0.12725689, Valdiation loss EMA: 0.12725689
INFO:root:At the start of the epoch: mem (CPU python)=985.32421875MB; mem (CPU total)=3618.6796875MB
INFO:root:[   19] Training loss: 0.28148433, Validation loss: 12.82701921, Valdiation loss EMA: 12.82701921
INFO:root:At the start of the epoch: mem (CPU python)=985.32421875MB; mem (CPU total)=3617.03515625MB
INFO:root:[   20] Training loss: 0.32620843, Validation loss: 4.18427992, Valdiation loss EMA: 4.18427992
INFO:root:At the start of the epoch: mem (CPU python)=985.32421875MB; mem (CPU total)=3612.5078125MB
INFO:root:[   21] Training loss: 0.18791316, Validation loss: 0.79049602, Valdiation loss EMA: 0.79049602
INFO:root:At the start of the epoch: mem (CPU python)=985.32421875MB; mem (CPU total)=3614.26171875MB
INFO:root:[   22] Training loss: 0.25940618, Validation loss: 0.18614884, Valdiation loss EMA: 0.18614884
INFO:root:At the start of the epoch: mem (CPU python)=985.32421875MB; mem (CPU total)=3617.16796875MB
INFO:root:[   23] Training loss: 0.14841735, Validation loss: 0.11016246, Valdiation loss EMA: 0.11016246
INFO:root:At the start of the epoch: mem (CPU python)=985.32421875MB; mem (CPU total)=3620.25MB
INFO:root:[   24] Training loss: 0.14065700, Validation loss: 0.17401640, Valdiation loss EMA: 0.17401640
INFO:root:At the start of the epoch: mem (CPU python)=985.32421875MB; mem (CPU total)=3616.6796875MB
INFO:root:[   25] Training loss: 0.17808068, Validation loss: 0.11667306, Valdiation loss EMA: 0.11667306
INFO:root:At the start of the epoch: mem (CPU python)=985.32421875MB; mem (CPU total)=3615.578125MB
INFO:root:[   26] Training loss: 0.29081206, Validation loss: 0.25009087, Valdiation loss EMA: 0.25009087
INFO:root:At the start of the epoch: mem (CPU python)=985.32421875MB; mem (CPU total)=3607.32421875MB
INFO:root:[   27] Training loss: 0.18812775, Validation loss: 0.13488364, Valdiation loss EMA: 0.13488364
INFO:root:At the start of the epoch: mem (CPU python)=985.32421875MB; mem (CPU total)=3612.5546875MB
INFO:root:[   28] Training loss: 0.21431454, Validation loss: 0.16573960, Valdiation loss EMA: 0.16573960
INFO:root:At the start of the epoch: mem (CPU python)=985.32421875MB; mem (CPU total)=3609.31640625MB
INFO:root:[   29] Training loss: 0.21424605, Validation loss: 0.11223336, Valdiation loss EMA: 0.11223336
INFO:root:At the start of the epoch: mem (CPU python)=985.32421875MB; mem (CPU total)=3612.87109375MB
INFO:root:[   30] Training loss: 0.17557480, Validation loss: 0.10315652, Valdiation loss EMA: 0.10315652
INFO:root:At the start of the epoch: mem (CPU python)=985.32421875MB; mem (CPU total)=3612.8515625MB
INFO:root:[   31] Training loss: 0.20598821, Validation loss: 0.17538706, Valdiation loss EMA: 0.17538706
INFO:root:At the start of the epoch: mem (CPU python)=985.32421875MB; mem (CPU total)=3617.1640625MB
INFO:root:[   32] Training loss: 0.13738548, Validation loss: 0.10337096, Valdiation loss EMA: 0.10337096
INFO:root:At the start of the epoch: mem (CPU python)=985.32421875MB; mem (CPU total)=3616.80078125MB
INFO:root:[   33] Training loss: 0.17039873, Validation loss: 0.10083694, Valdiation loss EMA: 0.10083694
INFO:root:At the start of the epoch: mem (CPU python)=985.32421875MB; mem (CPU total)=3617.05859375MB
INFO:root:[   34] Training loss: 0.16963124, Validation loss: 0.10427563, Valdiation loss EMA: 0.10427563
INFO:root:At the start of the epoch: mem (CPU python)=985.32421875MB; mem (CPU total)=3617.43359375MB
INFO:root:[   35] Training loss: 0.16675966, Validation loss: 0.10149576, Valdiation loss EMA: 0.10149576
INFO:root:At the start of the epoch: mem (CPU python)=985.32421875MB; mem (CPU total)=3615.2890625MB
INFO:root:[   36] Training loss: 0.16594872, Validation loss: 0.11268112, Valdiation loss EMA: 0.11268112
INFO:root:At the start of the epoch: mem (CPU python)=985.32421875MB; mem (CPU total)=3615.12890625MB
INFO:root:[   37] Training loss: 0.19999964, Validation loss: 0.10193498, Valdiation loss EMA: 0.10193498
INFO:root:At the start of the epoch: mem (CPU python)=985.32421875MB; mem (CPU total)=3616.9375MB
INFO:root:[   38] Training loss: 0.20016584, Validation loss: 0.09902995, Valdiation loss EMA: 0.09902995
INFO:root:At the start of the epoch: mem (CPU python)=985.32421875MB; mem (CPU total)=3616.3828125MB
INFO:root:[   39] Training loss: 0.16462397, Validation loss: 0.09992763, Valdiation loss EMA: 0.09992763
INFO:root:At the start of the epoch: mem (CPU python)=985.32421875MB; mem (CPU total)=3615.4921875MB
INFO:root:[   40] Training loss: 0.28793535, Validation loss: 0.29897025, Valdiation loss EMA: 0.29897025
INFO:root:After finishing all epochs: mem (CPU python)=985.32421875MB; mem (CPU total)=3618.02734375MB
INFO:root:Training the model took 216.943s.
INFO:root:Emptying the cuda cache took 0.001s.
