INFO:root:Starting the logger.
INFO:root:Using cuda.
INFO:root:: mem (CPU python)=572.0MB; mem (CPU total)=3499.78515625MB
INFO:root:############### Starting experiment with config file debug.ini ###############
INFO:root:###1 out of 1 data set parameter combinations ###
INFO:root:Data parameters: {'dataset_name': 'x-squared', 'max_dataset_size': 32768}
INFO:root:After loading the datasets: mem (CPU python)=575.21484375MB; mem (CPU total)=3499.78515625MB
INFO:root:###1 out of 9 training parameter combinations ###
INFO:root:Training parameters: {'report_every': 10, 'seed': 1234, 'model': 'MLP', 'uncertainty_quantification': 'dropout', 'batch_size': 32768, 'n_epochs': 100, 'early_stopping': 100, 'init': 'default', 'learning_rate': 0.001, 'lr_schedule': 'step', 'optimizer': 'adam', 'gradient_clipping': 1, 'data_loader_pin_memory': False, 'data_loader_num_workers': 0, 'distributed_training': False, 'alpha': 0.05, 'n_samples_uq': 100, 'weight_decay': 0.01, 'dropout': 0.001, 'hidden_dim': 64, 'n_layers': 3, 'concat_condition_diffusion': False}
INFO:root:After creating the dataloaders: mem (CPU python)=577.6953125MB; mem (CPU total)=3501.75390625MB
INFO:root:NumberParameters: 12673
INFO:root:GPU memory allocated: 2097152
INFO:root:After setting up the model: mem (CPU python)=671.27734375MB; mem (CPU total)=3583.58203125MB
INFO:root:Training starts now.
INFO:root:At the start of the epoch: mem (CPU python)=671.953125MB; mem (CPU total)=3583.58203125MB
INFO:root:At the start of the epoch: mem (CPU python)=839.1953125MB; mem (CPU total)=3700.9296875MB
INFO:root:At the start of the epoch: mem (CPU python)=866.46484375MB; mem (CPU total)=3728.984375MB
INFO:root:At the start of the epoch: mem (CPU python)=866.46484375MB; mem (CPU total)=3728.984375MB
INFO:root:At the start of the epoch: mem (CPU python)=866.46484375MB; mem (CPU total)=3729.4609375MB
INFO:root:At the start of the epoch: mem (CPU python)=866.46484375MB; mem (CPU total)=3730.4453125MB
INFO:root:At the start of the epoch: mem (CPU python)=866.46484375MB; mem (CPU total)=3729.69921875MB
INFO:root:At the start of the epoch: mem (CPU python)=866.46484375MB; mem (CPU total)=3729.69921875MB
INFO:root:At the start of the epoch: mem (CPU python)=866.46484375MB; mem (CPU total)=3729.69921875MB
INFO:root:At the start of the epoch: mem (CPU python)=866.46484375MB; mem (CPU total)=3729.69921875MB
INFO:root:[   10] Training loss: 241.99172211, Validation loss: 19.83661346, Valdiation loss EMA: 19.83661346
INFO:root:At the start of the epoch: mem (CPU python)=866.46484375MB; mem (CPU total)=3731.30859375MB
INFO:root:At the start of the epoch: mem (CPU python)=871.33984375MB; mem (CPU total)=3735.0MB
INFO:root:At the start of the epoch: mem (CPU python)=871.33984375MB; mem (CPU total)=3735.0MB
INFO:root:At the start of the epoch: mem (CPU python)=871.33984375MB; mem (CPU total)=3735.0MB
INFO:root:At the start of the epoch: mem (CPU python)=871.33984375MB; mem (CPU total)=3735.0MB
INFO:root:At the start of the epoch: mem (CPU python)=871.33984375MB; mem (CPU total)=3735.0MB
INFO:root:At the start of the epoch: mem (CPU python)=871.33984375MB; mem (CPU total)=3735.0MB
INFO:root:At the start of the epoch: mem (CPU python)=871.33984375MB; mem (CPU total)=3734.98046875MB
INFO:root:At the start of the epoch: mem (CPU python)=871.33984375MB; mem (CPU total)=3734.98046875MB
INFO:root:At the start of the epoch: mem (CPU python)=871.33984375MB; mem (CPU total)=3734.98046875MB
INFO:root:[   20] Training loss: 194.61251373, Validation loss: 12.85396118, Valdiation loss EMA: 12.85396118
INFO:root:At the start of the epoch: mem (CPU python)=871.33984375MB; mem (CPU total)=3734.98046875MB
INFO:root:At the start of the epoch: mem (CPU python)=871.33984375MB; mem (CPU total)=3734.98046875MB
INFO:root:At the start of the epoch: mem (CPU python)=871.33984375MB; mem (CPU total)=3735.21484375MB
INFO:root:At the start of the epoch: mem (CPU python)=871.33984375MB; mem (CPU total)=3735.21484375MB
INFO:root:At the start of the epoch: mem (CPU python)=871.33984375MB; mem (CPU total)=3735.21484375MB
INFO:root:At the start of the epoch: mem (CPU python)=871.33984375MB; mem (CPU total)=3735.21484375MB
INFO:root:At the start of the epoch: mem (CPU python)=871.33984375MB; mem (CPU total)=3735.2109375MB
INFO:root:At the start of the epoch: mem (CPU python)=871.33984375MB; mem (CPU total)=3735.2109375MB
INFO:root:At the start of the epoch: mem (CPU python)=871.33984375MB; mem (CPU total)=3735.2109375MB
INFO:root:At the start of the epoch: mem (CPU python)=871.33984375MB; mem (CPU total)=3735.2109375MB
INFO:root:[   30] Training loss: 97.34380264, Validation loss: 4.01121101, Valdiation loss EMA: 4.01121101
INFO:root:At the start of the epoch: mem (CPU python)=871.33984375MB; mem (CPU total)=3735.453125MB
INFO:root:At the start of the epoch: mem (CPU python)=871.33984375MB; mem (CPU total)=3735.69140625MB
INFO:root:At the start of the epoch: mem (CPU python)=871.33984375MB; mem (CPU total)=3735.69140625MB
INFO:root:At the start of the epoch: mem (CPU python)=871.33984375MB; mem (CPU total)=3735.69140625MB
INFO:root:At the start of the epoch: mem (CPU python)=871.33984375MB; mem (CPU total)=3735.69140625MB
INFO:root:At the start of the epoch: mem (CPU python)=871.33984375MB; mem (CPU total)=3735.69140625MB
INFO:root:At the start of the epoch: mem (CPU python)=871.33984375MB; mem (CPU total)=3735.69140625MB
INFO:root:At the start of the epoch: mem (CPU python)=871.33984375MB; mem (CPU total)=3735.69140625MB
INFO:root:At the start of the epoch: mem (CPU python)=871.33984375MB; mem (CPU total)=3735.69140625MB
INFO:root:At the start of the epoch: mem (CPU python)=871.33984375MB; mem (CPU total)=3735.69140625MB
INFO:root:[   40] Training loss: 52.36531868, Validation loss: 4.74225082, Valdiation loss EMA: 4.74225082
INFO:root:At the start of the epoch: mem (CPU python)=871.33984375MB; mem (CPU total)=3735.69140625MB
INFO:root:At the start of the epoch: mem (CPU python)=871.33984375MB; mem (CPU total)=3735.9375MB
INFO:root:At the start of the epoch: mem (CPU python)=871.33984375MB; mem (CPU total)=3735.9375MB
INFO:root:At the start of the epoch: mem (CPU python)=871.33984375MB; mem (CPU total)=3735.9375MB
INFO:root:At the start of the epoch: mem (CPU python)=871.33984375MB; mem (CPU total)=3735.9375MB
INFO:root:At the start of the epoch: mem (CPU python)=871.33984375MB; mem (CPU total)=3735.9375MB
INFO:root:At the start of the epoch: mem (CPU python)=871.33984375MB; mem (CPU total)=3735.9375MB
INFO:root:At the start of the epoch: mem (CPU python)=871.33984375MB; mem (CPU total)=3735.9375MB
INFO:root:At the start of the epoch: mem (CPU python)=871.33984375MB; mem (CPU total)=3736.18359375MB
INFO:root:At the start of the epoch: mem (CPU python)=871.33984375MB; mem (CPU total)=3736.18359375MB
INFO:root:[   50] Training loss: 42.50035248, Validation loss: 3.47143745, Valdiation loss EMA: 3.47143745
INFO:root:At the start of the epoch: mem (CPU python)=871.33984375MB; mem (CPU total)=3736.18359375MB
INFO:root:At the start of the epoch: mem (CPU python)=871.33984375MB; mem (CPU total)=3736.4296875MB
INFO:root:At the start of the epoch: mem (CPU python)=871.33984375MB; mem (CPU total)=3736.4296875MB
INFO:root:At the start of the epoch: mem (CPU python)=871.33984375MB; mem (CPU total)=3736.4296875MB
INFO:root:At the start of the epoch: mem (CPU python)=871.33984375MB; mem (CPU total)=3736.4296875MB
INFO:root:At the start of the epoch: mem (CPU python)=871.33984375MB; mem (CPU total)=3736.4296875MB
INFO:root:At the start of the epoch: mem (CPU python)=871.33984375MB; mem (CPU total)=3736.4296875MB
INFO:root:At the start of the epoch: mem (CPU python)=871.33984375MB; mem (CPU total)=3737.16796875MB
INFO:root:At the start of the epoch: mem (CPU python)=871.33984375MB; mem (CPU total)=3737.16796875MB
INFO:root:At the start of the epoch: mem (CPU python)=871.33984375MB; mem (CPU total)=3737.16796875MB
INFO:root:[   60] Training loss: 38.75227203, Validation loss: 3.02646275, Valdiation loss EMA: 3.02646275
INFO:root:At the start of the epoch: mem (CPU python)=871.33984375MB; mem (CPU total)=3737.16796875MB
INFO:root:At the start of the epoch: mem (CPU python)=871.33984375MB; mem (CPU total)=3737.16796875MB
INFO:root:At the start of the epoch: mem (CPU python)=871.33984375MB; mem (CPU total)=3737.1640625MB
INFO:root:At the start of the epoch: mem (CPU python)=871.33984375MB; mem (CPU total)=3737.1640625MB
INFO:root:At the start of the epoch: mem (CPU python)=871.33984375MB; mem (CPU total)=3737.65625MB
INFO:root:At the start of the epoch: mem (CPU python)=871.33984375MB; mem (CPU total)=3737.65625MB
INFO:root:At the start of the epoch: mem (CPU python)=871.33984375MB; mem (CPU total)=3737.40625MB
INFO:root:At the start of the epoch: mem (CPU python)=871.33984375MB; mem (CPU total)=3737.40625MB
INFO:root:At the start of the epoch: mem (CPU python)=871.33984375MB; mem (CPU total)=3737.40625MB
INFO:root:At the start of the epoch: mem (CPU python)=871.33984375MB; mem (CPU total)=3737.40625MB
INFO:root:[   70] Training loss: 33.71459427, Validation loss: 2.80007381, Valdiation loss EMA: 2.80007381
INFO:root:At the start of the epoch: mem (CPU python)=871.33984375MB; mem (CPU total)=3737.40625MB
INFO:root:At the start of the epoch: mem (CPU python)=871.33984375MB; mem (CPU total)=3736.91015625MB
INFO:root:At the start of the epoch: mem (CPU python)=871.33984375MB; mem (CPU total)=3736.91015625MB
INFO:root:At the start of the epoch: mem (CPU python)=871.33984375MB; mem (CPU total)=3736.91015625MB
INFO:root:At the start of the epoch: mem (CPU python)=871.33984375MB; mem (CPU total)=3736.91015625MB
INFO:root:At the start of the epoch: mem (CPU python)=871.33984375MB; mem (CPU total)=3736.91015625MB
INFO:root:At the start of the epoch: mem (CPU python)=871.33984375MB; mem (CPU total)=3736.91015625MB
INFO:root:At the start of the epoch: mem (CPU python)=871.33984375MB; mem (CPU total)=3736.91015625MB
INFO:root:At the start of the epoch: mem (CPU python)=871.33984375MB; mem (CPU total)=3736.91015625MB
INFO:root:At the start of the epoch: mem (CPU python)=871.33984375MB; mem (CPU total)=3736.91015625MB
INFO:root:[   80] Training loss: 29.93154964, Validation loss: 2.38011189, Valdiation loss EMA: 2.38011189
INFO:root:At the start of the epoch: mem (CPU python)=871.33984375MB; mem (CPU total)=3736.91015625MB
INFO:root:At the start of the epoch: mem (CPU python)=871.33984375MB; mem (CPU total)=3736.91015625MB
INFO:root:At the start of the epoch: mem (CPU python)=871.33984375MB; mem (CPU total)=3736.91015625MB
INFO:root:At the start of the epoch: mem (CPU python)=871.33984375MB; mem (CPU total)=3736.41796875MB
INFO:root:At the start of the epoch: mem (CPU python)=871.33984375MB; mem (CPU total)=3735.94140625MB
INFO:root:At the start of the epoch: mem (CPU python)=871.33984375MB; mem (CPU total)=3736.65625MB
INFO:root:At the start of the epoch: mem (CPU python)=871.33984375MB; mem (CPU total)=3736.65625MB
INFO:root:At the start of the epoch: mem (CPU python)=871.33984375MB; mem (CPU total)=3736.65625MB
INFO:root:At the start of the epoch: mem (CPU python)=871.33984375MB; mem (CPU total)=3736.65625MB
INFO:root:At the start of the epoch: mem (CPU python)=871.33984375MB; mem (CPU total)=3736.90234375MB
INFO:root:[   90] Training loss: 26.02612381, Validation loss: 2.04141655, Valdiation loss EMA: 2.04141655
INFO:root:At the start of the epoch: mem (CPU python)=871.33984375MB; mem (CPU total)=3737.12109375MB
INFO:root:At the start of the epoch: mem (CPU python)=871.33984375MB; mem (CPU total)=3737.12109375MB
INFO:root:At the start of the epoch: mem (CPU python)=871.33984375MB; mem (CPU total)=3737.12109375MB
INFO:root:At the start of the epoch: mem (CPU python)=871.33984375MB; mem (CPU total)=3737.3671875MB
INFO:root:At the start of the epoch: mem (CPU python)=871.33984375MB; mem (CPU total)=3737.3671875MB
INFO:root:At the start of the epoch: mem (CPU python)=871.33984375MB; mem (CPU total)=3737.3671875MB
INFO:root:At the start of the epoch: mem (CPU python)=871.33984375MB; mem (CPU total)=3737.3671875MB
INFO:root:At the start of the epoch: mem (CPU python)=871.33984375MB; mem (CPU total)=3737.3671875MB
INFO:root:At the start of the epoch: mem (CPU python)=871.33984375MB; mem (CPU total)=3737.3671875MB
INFO:root:At the start of the epoch: mem (CPU python)=871.33984375MB; mem (CPU total)=3737.3671875MB
INFO:root:[  100] Training loss: 21.64507198, Validation loss: 1.60463581, Valdiation loss EMA: 1.60463581
INFO:root:After finishing all epochs: mem (CPU python)=871.33984375MB; mem (CPU total)=3737.58203125MB
INFO:root:Training the model took 16.76s.
INFO:root:Emptying the cuda cache took 0.001s.
INFO:root:Starting evaluation: model MLP & uncertainty quantification dropout
INFO:root:Evaluating the model on Train data.
