INFO:root:Starting the logger.
INFO:root:Using cuda.
INFO:root:: mem (CPU python)=571.53515625MB; mem (CPU total)=3604.5859375MB
INFO:root:############### Starting experiment with config file debug.ini ###############
INFO:root:###1 out of 1 data set parameter combinations ###
INFO:root:Data parameters: {'dataset_name': 'x-squared', 'max_dataset_size': 32768}
INFO:root:After loading the datasets: mem (CPU python)=574.6640625MB; mem (CPU total)=3605.078125MB
INFO:root:###1 out of 9 training parameter combinations ###
INFO:root:Training parameters: {'report_every': 1, 'seed': 1234, 'model': 'MLP', 'uncertainty_quantification': 'diffusion', 'batch_size': 32768, 'n_epochs': 2, 'early_stopping': 100, 'init': 'default', 'learning_rate': 0.001, 'lr_schedule': 'step', 'optimizer': 'adam', 'gradient_clipping': 1, 'data_loader_pin_memory': False, 'data_loader_num_workers': 0, 'distributed_training': False, 'alpha': 0.05, 'n_samples_uq': 100, 'weight_decay': 0.01, 'dropout': 0.001, 'hidden_dim': 64, 'n_layers': 3, 'concat_condition_diffusion': False}
INFO:root:After creating the dataloaders: mem (CPU python)=576.9140625MB; mem (CPU total)=3607.046875MB
INFO:root:NumberParameters: 16961
INFO:root:GPU memory allocated: 2097152
INFO:root:After setting up the model: mem (CPU python)=670.2578125MB; mem (CPU total)=3689.3515625MB
INFO:root:Training starts now.
INFO:root:At the start of the epoch: mem (CPU python)=686.078125MB; mem (CPU total)=3698.66796875MB
INFO:root:[    1] Training loss: 1.04069734, Validation loss: 5525.68310547, Valdiation loss EMA: 5596.59082031
INFO:root:At the start of the epoch: mem (CPU python)=951.08984375MB; mem (CPU total)=3905.0703125MB
INFO:root:[    2] Training loss: 1.00277531, Validation loss: 4228.96679688, Valdiation loss EMA: 4382.38574219
INFO:root:After finishing all epochs: mem (CPU python)=981.484375MB; mem (CPU total)=3934.5703125MB
INFO:root:Training the model took 4.929s.
INFO:root:Emptying the cuda cache took 0.001s.
INFO:root:Starting evaluation: model MLP & uncertainty quantification diffusion
INFO:root:Evaluating the model on Train data.
