INFO:root:Starting the logger.
INFO:root:Using cuda.
INFO:root:: mem (CPU python)=516.55859375MB; mem (CPU total)=3407.58203125MB
INFO:root:############### Starting experiment with config file debug.ini ###############
INFO:root:###1 out of 1 data set parameter combinations ###
INFO:root:Data parameters: {'dataset_name': 'x-squared', 'max_dataset_size': 32768}
INFO:root:After loading the datasets: mem (CPU python)=519.2265625MB; mem (CPU total)=3408.3828125MB
INFO:root:###1 out of 9 training parameter combinations ###
INFO:root:Training parameters: {'report_every': 1, 'seed': 1234, 'model': 'MLP', 'uncertainty_quantification': 'diffusion', 'batch_size': 32768, 'n_epochs': 2, 'early_stopping': 100, 'init': 'default', 'learning_rate': 0.001, 'lr_schedule': 'step', 'optimizer': 'adam', 'gradient_clipping': 1, 'data_loader_pin_memory': False, 'data_loader_num_workers': 0, 'distributed_training': False, 'alpha': 0.05, 'n_samples_uq': 100, 'weight_decay': 0.01, 'dropout': 0.001, 'hidden_dim': 64, 'n_layers': 3, 'concat_condition_diffusion': False}
INFO:root:After creating the dataloaders: mem (CPU python)=521.859375MB; mem (CPU total)=3407.5703125MB
INFO:root:NumberParameters: 16961
INFO:root:GPU memory allocated: 2097152
INFO:root:After setting up the model: mem (CPU python)=615.5546875MB; mem (CPU total)=3488.6015625MB
INFO:root:Training starts now.
INFO:root:At the start of the epoch: mem (CPU python)=633.796875MB; mem (CPU total)=3503.86328125MB
INFO:root:[    1] Training loss: 1.04092240, Validation loss: 5580.81884766, Valdiation loss EMA: 5784.39062500
INFO:root:At the start of the epoch: mem (CPU python)=896.0078125MB; mem (CPU total)=3713.12890625MB
INFO:root:[    2] Training loss: 1.00260961, Validation loss: 4283.39599609, Valdiation loss EMA: 4425.17138672
INFO:root:After finishing all epochs: mem (CPU python)=926.01171875MB; mem (CPU total)=3740.90625MB
INFO:root:Training the model took 8.495s.
INFO:root:Emptying the cuda cache took 0.001s.
INFO:root:Starting evaluation: model MLP & uncertainty quantification diffusion
INFO:root:Evaluating the model on Train data.
