INFO:root:Starting the logger.
INFO:root:Using cuda.
INFO:root:: mem (CPU python)=520.015625MB; mem (CPU total)=3521.0625MB
INFO:root:############### Starting experiment with config file debug.ini ###############
INFO:root:###1 out of 1 data set parameter combinations ###
INFO:root:Data parameters: {'dataset_name': 'x-squared', 'max_dataset_size': 32768}
INFO:root:After loading the datasets: mem (CPU python)=522.9453125MB; mem (CPU total)=3521.0625MB
INFO:root:###1 out of 9 training parameter combinations ###
INFO:root:Training parameters: {'report_every': 1, 'seed': 1234, 'model': 'MLP', 'uncertainty_quantification': 'diffusion', 'batch_size': 32768, 'n_epochs': 2, 'early_stopping': 100, 'init': 'default', 'learning_rate': 0.001, 'lr_schedule': 'step', 'optimizer': 'adam', 'gradient_clipping': 1, 'data_loader_pin_memory': False, 'data_loader_num_workers': 0, 'distributed_training': False, 'alpha': 0.05, 'n_samples_uq': 100, 'weight_decay': 0.01, 'dropout': 0.001, 'hidden_dim': 64, 'n_layers': 3, 'concat_condition_diffusion': False}
INFO:root:After creating the dataloaders: mem (CPU python)=525.20703125MB; mem (CPU total)=3523.03125MB
INFO:root:NumberParameters: 16961
INFO:root:GPU memory allocated: 2097152
INFO:root:After setting up the model: mem (CPU python)=619.34765625MB; mem (CPU total)=3605.3203125MB
INFO:root:Training starts now.
INFO:root:At the start of the epoch: mem (CPU python)=644.22265625MB; mem (CPU total)=3622.09375MB
INFO:root:[    1] Training loss: 1.04180253, Validation loss: 5548.72460938, Valdiation loss EMA: 5733.23730469
INFO:root:At the start of the epoch: mem (CPU python)=910.46875MB; mem (CPU total)=3827.4921875MB
INFO:root:[    2] Training loss: 1.00162017, Validation loss: 4262.54443359, Valdiation loss EMA: 4374.20800781
INFO:root:After finishing all epochs: mem (CPU python)=938.9453125MB; mem (CPU total)=3856.4453125MB
INFO:root:Training the model took 5.018s.
INFO:root:Emptying the cuda cache took 0.001s.
INFO:root:Starting evaluation: model MLP & uncertainty quantification diffusion
INFO:root:Evaluating the model on Train data.
