INFO:root:Starting the logger.
INFO:root:Using cuda.
INFO:root:: mem (CPU python)=518.72265625MB; mem (CPU total)=3437.2578125MB
INFO:root:############### Starting experiment with config file debug.ini ###############
INFO:root:###1 out of 1 data set parameter combinations ###
INFO:root:Data parameters: {'dataset_name': 'x-squared', 'max_dataset_size': 32768}
INFO:root:After loading the datasets: mem (CPU python)=521.12109375MB; mem (CPU total)=3437.2578125MB
INFO:root:###1 out of 9 training parameter combinations ###
INFO:root:Training parameters: {'report_every': 10, 'seed': 1234, 'model': 'MLP', 'uncertainty_quantification': 'dropout', 'batch_size': 32768, 'n_epochs': 100, 'early_stopping': 100, 'init': 'default', 'learning_rate': 0.001, 'lr_schedule': 'step', 'optimizer': 'adam', 'gradient_clipping': 1, 'data_loader_pin_memory': False, 'data_loader_num_workers': 0, 'distributed_training': False, 'alpha': 0.05, 'n_samples_uq': 100, 'weight_decay': 0.01, 'dropout': 0.001, 'hidden_dim': 64, 'n_layers': 3, 'concat_condition_diffusion': False}
INFO:root:After creating the dataloaders: mem (CPU python)=524.21484375MB; mem (CPU total)=3439.2265625MB
INFO:root:NumberParameters: 12673
INFO:root:GPU memory allocated: 2097152
INFO:root:After setting up the model: mem (CPU python)=617.8671875MB; mem (CPU total)=3520.98046875MB
INFO:root:Training starts now.
INFO:root:At the start of the epoch: mem (CPU python)=617.8671875MB; mem (CPU total)=3520.98046875MB
INFO:root:At the start of the epoch: mem (CPU python)=784.36328125MB; mem (CPU total)=3640.203125MB
INFO:root:At the start of the epoch: mem (CPU python)=811.640625MB; mem (CPU total)=3667.875MB
INFO:root:At the start of the epoch: mem (CPU python)=811.64453125MB; mem (CPU total)=3668.3671875MB
INFO:root:At the start of the epoch: mem (CPU python)=811.64453125MB; mem (CPU total)=3668.3671875MB
INFO:root:At the start of the epoch: mem (CPU python)=811.64453125MB; mem (CPU total)=3668.3671875MB
INFO:root:At the start of the epoch: mem (CPU python)=811.64453125MB; mem (CPU total)=3670.796875MB
INFO:root:At the start of the epoch: mem (CPU python)=811.64453125MB; mem (CPU total)=3670.796875MB
INFO:root:At the start of the epoch: mem (CPU python)=811.64453125MB; mem (CPU total)=3671.04296875MB
INFO:root:At the start of the epoch: mem (CPU python)=811.64453125MB; mem (CPU total)=3671.04296875MB
INFO:root:[   10] Training loss: 231.36449738, Validation loss: 21.02010193, Valdiation loss EMA: 21.02010193
INFO:root:At the start of the epoch: mem (CPU python)=812.16015625MB; mem (CPU total)=3671.75390625MB
INFO:root:At the start of the epoch: mem (CPU python)=816.36328125MB; mem (CPU total)=3675.63671875MB
INFO:root:At the start of the epoch: mem (CPU python)=816.36328125MB; mem (CPU total)=3675.63671875MB
INFO:root:At the start of the epoch: mem (CPU python)=816.36328125MB; mem (CPU total)=3675.87890625MB
INFO:root:At the start of the epoch: mem (CPU python)=816.36328125MB; mem (CPU total)=3675.87890625MB
INFO:root:At the start of the epoch: mem (CPU python)=816.36328125MB; mem (CPU total)=3675.87890625MB
INFO:root:At the start of the epoch: mem (CPU python)=816.36328125MB; mem (CPU total)=3675.87890625MB
INFO:root:At the start of the epoch: mem (CPU python)=816.36328125MB; mem (CPU total)=3675.87890625MB
INFO:root:At the start of the epoch: mem (CPU python)=816.36328125MB; mem (CPU total)=3675.87890625MB
INFO:root:At the start of the epoch: mem (CPU python)=816.36328125MB; mem (CPU total)=3675.87890625MB
INFO:root:[   20] Training loss: 185.38051910, Validation loss: 13.79845276, Valdiation loss EMA: 13.79845276
INFO:root:At the start of the epoch: mem (CPU python)=816.36328125MB; mem (CPU total)=3675.87890625MB
INFO:root:At the start of the epoch: mem (CPU python)=816.36328125MB; mem (CPU total)=3675.87890625MB
INFO:root:At the start of the epoch: mem (CPU python)=816.36328125MB; mem (CPU total)=3675.87890625MB
INFO:root:At the start of the epoch: mem (CPU python)=816.36328125MB; mem (CPU total)=3675.87890625MB
INFO:root:At the start of the epoch: mem (CPU python)=816.36328125MB; mem (CPU total)=3675.87890625MB
INFO:root:At the start of the epoch: mem (CPU python)=816.36328125MB; mem (CPU total)=3675.875MB
INFO:root:At the start of the epoch: mem (CPU python)=816.36328125MB; mem (CPU total)=3676.09375MB
INFO:root:At the start of the epoch: mem (CPU python)=816.36328125MB; mem (CPU total)=3676.09375MB
INFO:root:At the start of the epoch: mem (CPU python)=816.36328125MB; mem (CPU total)=3676.09375MB
INFO:root:At the start of the epoch: mem (CPU python)=816.36328125MB; mem (CPU total)=3676.09375MB
INFO:root:[   30] Training loss: 91.52462158, Validation loss: 4.38713341, Valdiation loss EMA: 4.38713341
INFO:root:At the start of the epoch: mem (CPU python)=816.36328125MB; mem (CPU total)=3674.40625MB
INFO:root:At the start of the epoch: mem (CPU python)=816.36328125MB; mem (CPU total)=3674.40625MB
INFO:root:At the start of the epoch: mem (CPU python)=816.36328125MB; mem (CPU total)=3674.40625MB
INFO:root:At the start of the epoch: mem (CPU python)=816.36328125MB; mem (CPU total)=3674.40625MB
INFO:root:At the start of the epoch: mem (CPU python)=816.36328125MB; mem (CPU total)=3674.40625MB
INFO:root:At the start of the epoch: mem (CPU python)=816.36328125MB; mem (CPU total)=3674.1171875MB
INFO:root:At the start of the epoch: mem (CPU python)=816.36328125MB; mem (CPU total)=3674.1171875MB
INFO:root:At the start of the epoch: mem (CPU python)=816.36328125MB; mem (CPU total)=3674.1171875MB
INFO:root:At the start of the epoch: mem (CPU python)=816.36328125MB; mem (CPU total)=3674.1171875MB
INFO:root:At the start of the epoch: mem (CPU python)=816.36328125MB; mem (CPU total)=3674.1171875MB
INFO:root:[   40] Training loss: 48.82787704, Validation loss: 4.73369408, Valdiation loss EMA: 4.73369408
INFO:root:At the start of the epoch: mem (CPU python)=816.36328125MB; mem (CPU total)=3674.1171875MB
INFO:root:At the start of the epoch: mem (CPU python)=816.36328125MB; mem (CPU total)=3675.5703125MB
INFO:root:At the start of the epoch: mem (CPU python)=816.36328125MB; mem (CPU total)=3675.81640625MB
INFO:root:At the start of the epoch: mem (CPU python)=816.36328125MB; mem (CPU total)=3675.81640625MB
INFO:root:At the start of the epoch: mem (CPU python)=816.36328125MB; mem (CPU total)=3675.81640625MB
INFO:root:At the start of the epoch: mem (CPU python)=816.36328125MB; mem (CPU total)=3675.81640625MB
INFO:root:At the start of the epoch: mem (CPU python)=816.36328125MB; mem (CPU total)=3675.81640625MB
INFO:root:At the start of the epoch: mem (CPU python)=816.36328125MB; mem (CPU total)=3675.81640625MB
INFO:root:At the start of the epoch: mem (CPU python)=816.36328125MB; mem (CPU total)=3675.81640625MB
INFO:root:At the start of the epoch: mem (CPU python)=816.36328125MB; mem (CPU total)=3675.81640625MB
INFO:root:[   50] Training loss: 39.39943085, Validation loss: 3.84440041, Valdiation loss EMA: 3.84440041
INFO:root:At the start of the epoch: mem (CPU python)=816.36328125MB; mem (CPU total)=3675.81640625MB
INFO:root:At the start of the epoch: mem (CPU python)=816.36328125MB; mem (CPU total)=3675.81640625MB
INFO:root:At the start of the epoch: mem (CPU python)=816.36328125MB; mem (CPU total)=3675.81640625MB
INFO:root:At the start of the epoch: mem (CPU python)=816.36328125MB; mem (CPU total)=3675.81640625MB
INFO:root:At the start of the epoch: mem (CPU python)=816.36328125MB; mem (CPU total)=3676.0625MB
INFO:root:At the start of the epoch: mem (CPU python)=816.36328125MB; mem (CPU total)=3676.05078125MB
INFO:root:At the start of the epoch: mem (CPU python)=816.36328125MB; mem (CPU total)=3676.05078125MB
INFO:root:At the start of the epoch: mem (CPU python)=816.36328125MB; mem (CPU total)=3676.05078125MB
INFO:root:At the start of the epoch: mem (CPU python)=816.36328125MB; mem (CPU total)=3676.05078125MB
