INFO:root:Starting the logger.
INFO:root:Using cuda.
INFO:root:: mem (CPU python)=519.98828125MB; mem (CPU total)=3505.9296875MB
INFO:root:############### Starting experiment with config file debug.ini ###############
INFO:root:###1 out of 1 data set parameter combinations ###
INFO:root:Data parameters: {'dataset_name': 'x-squared', 'max_dataset_size': 32768}
INFO:root:After loading the datasets: mem (CPU python)=522.96875MB; mem (CPU total)=3506.421875MB
INFO:root:###1 out of 9 training parameter combinations ###
INFO:root:Training parameters: {'report_every': 50, 'seed': 1234, 'model': 'MLP', 'uncertainty_quantification': 'diffusion', 'batch_size': 32768, 'n_epochs': 10000, 'early_stopping': 100, 'init': 'default', 'learning_rate': 0.001, 'lr_schedule': 'step', 'optimizer': 'adam', 'gradient_clipping': 1, 'data_loader_pin_memory': False, 'data_loader_num_workers': 0, 'distributed_training': False, 'alpha': 0.05, 'n_samples_uq': 100, 'weight_decay': 0.01, 'dropout': 0.001, 'hidden_dim': 64, 'n_layers': 3, 'concat_condition_diffusion': False}
INFO:root:After creating the dataloaders: mem (CPU python)=525.12890625MB; mem (CPU total)=3508.390625MB
INFO:root:NumberParameters: 16961
INFO:root:GPU memory allocated: 2097152
INFO:root:After setting up the model: mem (CPU python)=619.0390625MB; mem (CPU total)=3590.203125MB
INFO:root:Training starts now.
INFO:root:At the start of the epoch: mem (CPU python)=636.203125MB; mem (CPU total)=3601.41796875MB
INFO:root:At the start of the epoch: mem (CPU python)=893.5234375MB; mem (CPU total)=3798.171875MB
INFO:root:At the start of the epoch: mem (CPU python)=921.6015625MB; mem (CPU total)=3826.609375MB
INFO:root:At the start of the epoch: mem (CPU python)=921.6015625MB; mem (CPU total)=3826.609375MB
INFO:root:At the start of the epoch: mem (CPU python)=921.6015625MB; mem (CPU total)=3826.6171875MB
INFO:root:At the start of the epoch: mem (CPU python)=921.60546875MB; mem (CPU total)=3826.8515625MB
INFO:root:At the start of the epoch: mem (CPU python)=921.60546875MB; mem (CPU total)=3826.8515625MB
INFO:root:At the start of the epoch: mem (CPU python)=921.60546875MB; mem (CPU total)=3826.37890625MB
INFO:root:At the start of the epoch: mem (CPU python)=921.60546875MB; mem (CPU total)=3826.40234375MB
INFO:root:At the start of the epoch: mem (CPU python)=921.60546875MB; mem (CPU total)=3827.8046875MB
INFO:root:At the start of the epoch: mem (CPU python)=921.60546875MB; mem (CPU total)=3827.8046875MB
INFO:root:At the start of the epoch: mem (CPU python)=921.60546875MB; mem (CPU total)=3828.15234375MB
INFO:root:At the start of the epoch: mem (CPU python)=921.60546875MB; mem (CPU total)=3828.15234375MB
INFO:root:At the start of the epoch: mem (CPU python)=921.60546875MB; mem (CPU total)=3828.15234375MB
INFO:root:At the start of the epoch: mem (CPU python)=921.60546875MB; mem (CPU total)=3828.15234375MB
INFO:root:At the start of the epoch: mem (CPU python)=921.60546875MB; mem (CPU total)=3828.15234375MB
INFO:root:At the start of the epoch: mem (CPU python)=921.60546875MB; mem (CPU total)=3828.15234375MB
INFO:root:At the start of the epoch: mem (CPU python)=921.60546875MB; mem (CPU total)=3828.15234375MB
INFO:root:At the start of the epoch: mem (CPU python)=921.60546875MB; mem (CPU total)=3828.15234375MB
INFO:root:At the start of the epoch: mem (CPU python)=921.60546875MB; mem (CPU total)=3828.15234375MB
INFO:root:At the start of the epoch: mem (CPU python)=921.60546875MB; mem (CPU total)=3828.15234375MB
INFO:root:At the start of the epoch: mem (CPU python)=921.60546875MB; mem (CPU total)=3828.15234375MB
INFO:root:At the start of the epoch: mem (CPU python)=921.60546875MB; mem (CPU total)=3828.15234375MB
INFO:root:At the start of the epoch: mem (CPU python)=921.60546875MB; mem (CPU total)=3828.15234375MB
INFO:root:At the start of the epoch: mem (CPU python)=921.60546875MB; mem (CPU total)=3829.125MB
INFO:root:At the start of the epoch: mem (CPU python)=921.60546875MB; mem (CPU total)=3829.125MB
INFO:root:At the start of the epoch: mem (CPU python)=921.60546875MB; mem (CPU total)=3829.125MB
INFO:root:At the start of the epoch: mem (CPU python)=921.60546875MB; mem (CPU total)=3829.37109375MB
INFO:root:At the start of the epoch: mem (CPU python)=921.60546875MB; mem (CPU total)=3829.37109375MB
INFO:root:At the start of the epoch: mem (CPU python)=921.60546875MB; mem (CPU total)=3829.37109375MB
INFO:root:At the start of the epoch: mem (CPU python)=921.60546875MB; mem (CPU total)=3829.3671875MB
INFO:root:At the start of the epoch: mem (CPU python)=921.60546875MB; mem (CPU total)=3829.3671875MB
INFO:root:At the start of the epoch: mem (CPU python)=921.60546875MB; mem (CPU total)=3829.3671875MB
INFO:root:At the start of the epoch: mem (CPU python)=921.60546875MB; mem (CPU total)=3829.3671875MB
INFO:root:At the start of the epoch: mem (CPU python)=921.60546875MB; mem (CPU total)=3829.3671875MB
INFO:root:At the start of the epoch: mem (CPU python)=921.60546875MB; mem (CPU total)=3829.3671875MB
INFO:root:At the start of the epoch: mem (CPU python)=921.60546875MB; mem (CPU total)=3829.3671875MB
INFO:root:At the start of the epoch: mem (CPU python)=921.60546875MB; mem (CPU total)=3829.3671875MB
INFO:root:At the start of the epoch: mem (CPU python)=921.60546875MB; mem (CPU total)=3829.3671875MB
INFO:root:At the start of the epoch: mem (CPU python)=921.60546875MB; mem (CPU total)=3829.3671875MB
INFO:root:At the start of the epoch: mem (CPU python)=921.60546875MB; mem (CPU total)=3829.3671875MB
INFO:root:At the start of the epoch: mem (CPU python)=921.60546875MB; mem (CPU total)=3829.3671875MB
INFO:root:At the start of the epoch: mem (CPU python)=921.60546875MB; mem (CPU total)=3829.3671875MB
INFO:root:At the start of the epoch: mem (CPU python)=921.7890625MB; mem (CPU total)=3829.3671875MB
INFO:root:At the start of the epoch: mem (CPU python)=921.7890625MB; mem (CPU total)=3829.3671875MB
INFO:root:At the start of the epoch: mem (CPU python)=921.7890625MB; mem (CPU total)=3829.3671875MB
INFO:root:At the start of the epoch: mem (CPU python)=921.7890625MB; mem (CPU total)=3829.3671875MB
INFO:root:At the start of the epoch: mem (CPU python)=921.7890625MB; mem (CPU total)=3829.3671875MB
INFO:root:At the start of the epoch: mem (CPU python)=921.7890625MB; mem (CPU total)=3829.3671875MB
INFO:root:At the start of the epoch: mem (CPU python)=921.7890625MB; mem (CPU total)=3829.3671875MB
INFO:root:[   50] Training loss: 0.68026268, Validation loss: 212.41189453, Valdiation loss EMA: 212.24714844
INFO:root:At the start of the epoch: mem (CPU python)=922.71484375MB; mem (CPU total)=3833.5390625MB
INFO:root:At the start of the epoch: mem (CPU python)=931.0546875MB; mem (CPU total)=3839.6640625MB
INFO:root:At the start of the epoch: mem (CPU python)=931.0546875MB; mem (CPU total)=3840.15625MB
INFO:root:At the start of the epoch: mem (CPU python)=931.0546875MB; mem (CPU total)=3840.08203125MB
INFO:root:At the start of the epoch: mem (CPU python)=931.0546875MB; mem (CPU total)=3840.08203125MB
INFO:root:At the start of the epoch: mem (CPU python)=931.0546875MB; mem (CPU total)=3840.08203125MB
INFO:root:At the start of the epoch: mem (CPU python)=931.0546875MB; mem (CPU total)=3840.08203125MB
INFO:root:At the start of the epoch: mem (CPU python)=931.0546875MB; mem (CPU total)=3840.08203125MB
INFO:root:At the start of the epoch: mem (CPU python)=931.0546875MB; mem (CPU total)=3840.08203125MB
INFO:root:At the start of the epoch: mem (CPU python)=931.0546875MB; mem (CPU total)=3839.609375MB
INFO:root:At the start of the epoch: mem (CPU python)=931.0546875MB; mem (CPU total)=3840.1015625MB
INFO:root:At the start of the epoch: mem (CPU python)=931.0546875MB; mem (CPU total)=3839.8359375MB
INFO:root:At the start of the epoch: mem (CPU python)=931.0546875MB; mem (CPU total)=3838.8515625MB
INFO:root:At the start of the epoch: mem (CPU python)=931.0546875MB; mem (CPU total)=3838.8515625MB
INFO:root:At the start of the epoch: mem (CPU python)=931.0546875MB; mem (CPU total)=3838.8515625MB
INFO:root:At the start of the epoch: mem (CPU python)=931.0546875MB; mem (CPU total)=3838.8515625MB
INFO:root:At the start of the epoch: mem (CPU python)=931.0546875MB; mem (CPU total)=3839.86328125MB
INFO:root:At the start of the epoch: mem (CPU python)=931.0546875MB; mem (CPU total)=3840.2734375MB
INFO:root:At the start of the epoch: mem (CPU python)=931.0546875MB; mem (CPU total)=3840.2734375MB
INFO:root:At the start of the epoch: mem (CPU python)=931.0546875MB; mem (CPU total)=3839.97265625MB
INFO:root:At the start of the epoch: mem (CPU python)=931.0546875MB; mem (CPU total)=3839.97265625MB
INFO:root:At the start of the epoch: mem (CPU python)=931.0546875MB; mem (CPU total)=3839.97265625MB
INFO:root:At the start of the epoch: mem (CPU python)=931.0546875MB; mem (CPU total)=3839.97265625MB
INFO:root:At the start of the epoch: mem (CPU python)=931.0546875MB; mem (CPU total)=3840.94140625MB
INFO:root:At the start of the epoch: mem (CPU python)=931.0546875MB; mem (CPU total)=3840.44921875MB
INFO:root:At the start of the epoch: mem (CPU python)=931.0546875MB; mem (CPU total)=3840.44921875MB
INFO:root:At the start of the epoch: mem (CPU python)=931.0546875MB; mem (CPU total)=3840.4296875MB
INFO:root:At the start of the epoch: mem (CPU python)=931.0546875MB; mem (CPU total)=3840.4296875MB
INFO:root:At the start of the epoch: mem (CPU python)=931.0546875MB; mem (CPU total)=3840.4296875MB
INFO:root:At the start of the epoch: mem (CPU python)=931.0546875MB; mem (CPU total)=3840.4296875MB
INFO:root:At the start of the epoch: mem (CPU python)=931.0546875MB; mem (CPU total)=3840.4296875MB
INFO:root:At the start of the epoch: mem (CPU python)=931.0546875MB; mem (CPU total)=3840.4296875MB
INFO:root:At the start of the epoch: mem (CPU python)=931.0546875MB; mem (CPU total)=3840.4296875MB
INFO:root:At the start of the epoch: mem (CPU python)=931.0546875MB; mem (CPU total)=3840.4296875MB
INFO:root:At the start of the epoch: mem (CPU python)=931.0546875MB; mem (CPU total)=3840.4296875MB
INFO:root:At the start of the epoch: mem (CPU python)=931.0546875MB; mem (CPU total)=3840.4296875MB
INFO:root:At the start of the epoch: mem (CPU python)=931.0546875MB; mem (CPU total)=3840.4296875MB
INFO:root:At the start of the epoch: mem (CPU python)=931.0546875MB; mem (CPU total)=3840.4296875MB
INFO:root:At the start of the epoch: mem (CPU python)=931.0546875MB; mem (CPU total)=3840.4296875MB
INFO:root:At the start of the epoch: mem (CPU python)=931.0546875MB; mem (CPU total)=3840.4296875MB
INFO:root:At the start of the epoch: mem (CPU python)=931.0546875MB; mem (CPU total)=3840.4296875MB
INFO:root:At the start of the epoch: mem (CPU python)=931.0546875MB; mem (CPU total)=3840.4296875MB
INFO:root:At the start of the epoch: mem (CPU python)=931.0546875MB; mem (CPU total)=3840.4296875MB
INFO:root:At the start of the epoch: mem (CPU python)=931.0546875MB; mem (CPU total)=3840.4296875MB
INFO:root:At the start of the epoch: mem (CPU python)=931.0546875MB; mem (CPU total)=3840.4296875MB
INFO:root:At the start of the epoch: mem (CPU python)=931.0546875MB; mem (CPU total)=3840.4296875MB
INFO:root:At the start of the epoch: mem (CPU python)=931.0546875MB; mem (CPU total)=3840.4296875MB
INFO:root:At the start of the epoch: mem (CPU python)=931.0546875MB; mem (CPU total)=3840.4296875MB
INFO:root:At the start of the epoch: mem (CPU python)=931.0546875MB; mem (CPU total)=3840.4296875MB
INFO:root:At the start of the epoch: mem (CPU python)=931.0546875MB; mem (CPU total)=3840.4296875MB
INFO:root:[  100] Training loss: 0.43108117, Validation loss: 51.77300781, Valdiation loss EMA: 54.05778320
INFO:root:At the start of the epoch: mem (CPU python)=931.0546875MB; mem (CPU total)=3841.4453125MB
INFO:root:At the start of the epoch: mem (CPU python)=931.0546875MB; mem (CPU total)=3841.4453125MB
INFO:root:At the start of the epoch: mem (CPU python)=931.0546875MB; mem (CPU total)=3841.4453125MB
INFO:root:At the start of the epoch: mem (CPU python)=931.0546875MB; mem (CPU total)=3841.4453125MB
INFO:root:At the start of the epoch: mem (CPU python)=931.0546875MB; mem (CPU total)=3841.4453125MB
INFO:root:At the start of the epoch: mem (CPU python)=931.0546875MB; mem (CPU total)=3841.4453125MB
INFO:root:At the start of the epoch: mem (CPU python)=931.0546875MB; mem (CPU total)=3841.5MB
INFO:root:At the start of the epoch: mem (CPU python)=931.0546875MB; mem (CPU total)=3841.49609375MB
INFO:root:At the start of the epoch: mem (CPU python)=931.0546875MB; mem (CPU total)=3841.49609375MB
INFO:root:At the start of the epoch: mem (CPU python)=931.0546875MB; mem (CPU total)=3841.49609375MB
INFO:root:At the start of the epoch: mem (CPU python)=931.0546875MB; mem (CPU total)=3841.49609375MB
INFO:root:At the start of the epoch: mem (CPU python)=931.0546875MB; mem (CPU total)=3841.49609375MB
INFO:root:At the start of the epoch: mem (CPU python)=931.0546875MB; mem (CPU total)=3841.49609375MB
INFO:root:At the start of the epoch: mem (CPU python)=931.0546875MB; mem (CPU total)=3841.49609375MB
INFO:root:At the start of the epoch: mem (CPU python)=931.0546875MB; mem (CPU total)=3841.49609375MB
INFO:root:At the start of the epoch: mem (CPU python)=931.0546875MB; mem (CPU total)=3841.49609375MB
INFO:root:At the start of the epoch: mem (CPU python)=931.0546875MB; mem (CPU total)=3841.49609375MB
INFO:root:At the start of the epoch: mem (CPU python)=931.0546875MB; mem (CPU total)=3841.49609375MB
INFO:root:At the start of the epoch: mem (CPU python)=931.0546875MB; mem (CPU total)=3841.49609375MB
INFO:root:At the start of the epoch: mem (CPU python)=931.0546875MB; mem (CPU total)=3841.49609375MB
INFO:root:At the start of the epoch: mem (CPU python)=931.0546875MB; mem (CPU total)=3841.49609375MB
INFO:root:At the start of the epoch: mem (CPU python)=931.0546875MB; mem (CPU total)=3841.7421875MB
INFO:root:At the start of the epoch: mem (CPU python)=931.0546875MB; mem (CPU total)=3841.7421875MB
INFO:root:At the start of the epoch: mem (CPU python)=931.0546875MB; mem (CPU total)=3841.7421875MB
INFO:root:At the start of the epoch: mem (CPU python)=931.0546875MB; mem (CPU total)=3841.7421875MB
INFO:root:At the start of the epoch: mem (CPU python)=931.0546875MB; mem (CPU total)=3841.7421875MB
INFO:root:At the start of the epoch: mem (CPU python)=931.0546875MB; mem (CPU total)=3841.98828125MB
INFO:root:At the start of the epoch: mem (CPU python)=931.0546875MB; mem (CPU total)=3841.98828125MB
INFO:root:At the start of the epoch: mem (CPU python)=931.0546875MB; mem (CPU total)=3841.96875MB
INFO:root:At the start of the epoch: mem (CPU python)=931.0546875MB; mem (CPU total)=3841.96875MB
INFO:root:At the start of the epoch: mem (CPU python)=931.0546875MB; mem (CPU total)=3841.96875MB
INFO:root:At the start of the epoch: mem (CPU python)=931.0546875MB; mem (CPU total)=3841.96875MB
INFO:root:At the start of the epoch: mem (CPU python)=931.0546875MB; mem (CPU total)=3841.96875MB
INFO:root:At the start of the epoch: mem (CPU python)=931.0546875MB; mem (CPU total)=3841.96875MB
INFO:root:At the start of the epoch: mem (CPU python)=931.0546875MB; mem (CPU total)=3841.96875MB
INFO:root:At the start of the epoch: mem (CPU python)=931.0546875MB; mem (CPU total)=3841.96875MB
INFO:root:At the start of the epoch: mem (CPU python)=931.0546875MB; mem (CPU total)=3841.96875MB
INFO:root:At the start of the epoch: mem (CPU python)=931.0546875MB; mem (CPU total)=3841.96875MB
INFO:root:At the start of the epoch: mem (CPU python)=931.0546875MB; mem (CPU total)=3841.96875MB
INFO:root:At the start of the epoch: mem (CPU python)=931.0546875MB; mem (CPU total)=3841.96875MB
INFO:root:At the start of the epoch: mem (CPU python)=931.0546875MB; mem (CPU total)=3842.21484375MB
INFO:root:At the start of the epoch: mem (CPU python)=931.0546875MB; mem (CPU total)=3842.21484375MB
INFO:root:At the start of the epoch: mem (CPU python)=931.0546875MB; mem (CPU total)=3842.21484375MB
INFO:root:At the start of the epoch: mem (CPU python)=931.0546875MB; mem (CPU total)=3842.21484375MB
INFO:root:At the start of the epoch: mem (CPU python)=931.0546875MB; mem (CPU total)=3842.21484375MB
INFO:root:At the start of the epoch: mem (CPU python)=931.0546875MB; mem (CPU total)=3842.21484375MB
INFO:root:At the start of the epoch: mem (CPU python)=931.0546875MB; mem (CPU total)=3842.21484375MB
INFO:root:At the start of the epoch: mem (CPU python)=931.0546875MB; mem (CPU total)=3842.21484375MB
INFO:root:At the start of the epoch: mem (CPU python)=931.0546875MB; mem (CPU total)=3842.2109375MB
INFO:root:At the start of the epoch: mem (CPU python)=931.0546875MB; mem (CPU total)=3842.2109375MB
INFO:root:[  150] Training loss: 0.33999355, Validation loss: 5.66996948, Valdiation loss EMA: 5.71598572
INFO:root:At the start of the epoch: mem (CPU python)=931.0546875MB; mem (CPU total)=3839.99609375MB
INFO:root:At the start of the epoch: mem (CPU python)=931.0546875MB; mem (CPU total)=3839.99609375MB
INFO:root:At the start of the epoch: mem (CPU python)=931.0546875MB; mem (CPU total)=3839.99609375MB
INFO:root:At the start of the epoch: mem (CPU python)=931.0546875MB; mem (CPU total)=3839.99609375MB
INFO:root:At the start of the epoch: mem (CPU python)=931.0546875MB; mem (CPU total)=3839.99609375MB
INFO:root:At the start of the epoch: mem (CPU python)=931.0546875MB; mem (CPU total)=3839.99609375MB
INFO:root:At the start of the epoch: mem (CPU python)=931.0546875MB; mem (CPU total)=3839.99609375MB
INFO:root:At the start of the epoch: mem (CPU python)=931.0546875MB; mem (CPU total)=3839.99609375MB
INFO:root:At the start of the epoch: mem (CPU python)=931.0546875MB; mem (CPU total)=3839.99609375MB
INFO:root:At the start of the epoch: mem (CPU python)=931.0546875MB; mem (CPU total)=3839.99609375MB
INFO:root:At the start of the epoch: mem (CPU python)=931.0546875MB; mem (CPU total)=3839.99609375MB
INFO:root:At the start of the epoch: mem (CPU python)=931.0546875MB; mem (CPU total)=3839.99609375MB
INFO:root:At the start of the epoch: mem (CPU python)=931.0546875MB; mem (CPU total)=3839.99609375MB
INFO:root:At the start of the epoch: mem (CPU python)=931.0546875MB; mem (CPU total)=3839.99609375MB
INFO:root:At the start of the epoch: mem (CPU python)=931.0546875MB; mem (CPU total)=3839.99609375MB
INFO:root:At the start of the epoch: mem (CPU python)=931.0546875MB; mem (CPU total)=3838.578125MB
INFO:root:At the start of the epoch: mem (CPU python)=931.0546875MB; mem (CPU total)=3838.04296875MB
INFO:root:At the start of the epoch: mem (CPU python)=931.0546875MB; mem (CPU total)=3838.04296875MB
INFO:root:At the start of the epoch: mem (CPU python)=931.0546875MB; mem (CPU total)=3838.04296875MB
INFO:root:At the start of the epoch: mem (CPU python)=931.0546875MB; mem (CPU total)=3838.04296875MB
INFO:root:At the start of the epoch: mem (CPU python)=931.0546875MB; mem (CPU total)=3838.04296875MB
INFO:root:At the start of the epoch: mem (CPU python)=931.0546875MB; mem (CPU total)=3838.04296875MB
INFO:root:At the start of the epoch: mem (CPU python)=931.0546875MB; mem (CPU total)=3838.04296875MB
INFO:root:At the start of the epoch: mem (CPU python)=931.0546875MB; mem (CPU total)=3837.7578125MB
INFO:root:At the start of the epoch: mem (CPU python)=931.0546875MB; mem (CPU total)=3837.7578125MB
INFO:root:At the start of the epoch: mem (CPU python)=931.0546875MB; mem (CPU total)=3837.7578125MB
INFO:root:At the start of the epoch: mem (CPU python)=931.0546875MB; mem (CPU total)=3837.7578125MB
INFO:root:At the start of the epoch: mem (CPU python)=931.0546875MB; mem (CPU total)=3837.7578125MB
INFO:root:At the start of the epoch: mem (CPU python)=931.0546875MB; mem (CPU total)=3837.7578125MB
INFO:root:At the start of the epoch: mem (CPU python)=931.0546875MB; mem (CPU total)=3837.7578125MB
INFO:root:At the start of the epoch: mem (CPU python)=931.0546875MB; mem (CPU total)=3837.7578125MB
INFO:root:At the start of the epoch: mem (CPU python)=931.0546875MB; mem (CPU total)=3837.7578125MB
INFO:root:At the start of the epoch: mem (CPU python)=931.0546875MB; mem (CPU total)=3837.7578125MB
INFO:root:At the start of the epoch: mem (CPU python)=931.0546875MB; mem (CPU total)=3837.7578125MB
INFO:root:At the start of the epoch: mem (CPU python)=931.0546875MB; mem (CPU total)=3837.7578125MB
INFO:root:At the start of the epoch: mem (CPU python)=931.0546875MB; mem (CPU total)=3837.7578125MB
INFO:root:At the start of the epoch: mem (CPU python)=931.0546875MB; mem (CPU total)=3837.7578125MB
INFO:root:At the start of the epoch: mem (CPU python)=931.0546875MB; mem (CPU total)=3837.7578125MB
INFO:root:At the start of the epoch: mem (CPU python)=931.0546875MB; mem (CPU total)=3837.7578125MB
INFO:root:At the start of the epoch: mem (CPU python)=931.0546875MB; mem (CPU total)=3837.7578125MB
INFO:root:At the start of the epoch: mem (CPU python)=931.0546875MB; mem (CPU total)=3837.75390625MB
INFO:root:At the start of the epoch: mem (CPU python)=931.0546875MB; mem (CPU total)=3836.80859375MB
INFO:root:At the start of the epoch: mem (CPU python)=931.0546875MB; mem (CPU total)=3836.80859375MB
INFO:root:At the start of the epoch: mem (CPU python)=931.0546875MB; mem (CPU total)=3836.80859375MB
INFO:root:At the start of the epoch: mem (CPU python)=931.0546875MB; mem (CPU total)=3836.80859375MB
INFO:root:At the start of the epoch: mem (CPU python)=931.0546875MB; mem (CPU total)=3836.76953125MB
INFO:root:At the start of the epoch: mem (CPU python)=931.0546875MB; mem (CPU total)=3836.76953125MB
INFO:root:At the start of the epoch: mem (CPU python)=931.0546875MB; mem (CPU total)=3836.76953125MB
INFO:root:At the start of the epoch: mem (CPU python)=931.0546875MB; mem (CPU total)=3836.76953125MB
INFO:root:At the start of the epoch: mem (CPU python)=931.0546875MB; mem (CPU total)=3836.76953125MB
INFO:root:[  200] Training loss: 0.24175257, Validation loss: 8.66695435, Valdiation loss EMA: 9.11513062
INFO:root:At the start of the epoch: mem (CPU python)=931.0546875MB; mem (CPU total)=3836.76953125MB
INFO:root:At the start of the epoch: mem (CPU python)=931.0546875MB; mem (CPU total)=3836.76953125MB
INFO:root:At the start of the epoch: mem (CPU python)=931.0546875MB; mem (CPU total)=3836.76953125MB
INFO:root:At the start of the epoch: mem (CPU python)=931.0546875MB; mem (CPU total)=3836.76953125MB
INFO:root:At the start of the epoch: mem (CPU python)=931.0546875MB; mem (CPU total)=3836.75390625MB
INFO:root:At the start of the epoch: mem (CPU python)=931.0546875MB; mem (CPU total)=3836.75390625MB
INFO:root:At the start of the epoch: mem (CPU python)=931.0546875MB; mem (CPU total)=3836.75390625MB
INFO:root:At the start of the epoch: mem (CPU python)=931.0546875MB; mem (CPU total)=3836.75390625MB
INFO:root:At the start of the epoch: mem (CPU python)=931.0546875MB; mem (CPU total)=3836.75390625MB
INFO:root:At the start of the epoch: mem (CPU python)=931.0546875MB; mem (CPU total)=3836.75390625MB
INFO:root:At the start of the epoch: mem (CPU python)=931.0546875MB; mem (CPU total)=3836.26171875MB
INFO:root:At the start of the epoch: mem (CPU python)=931.0546875MB; mem (CPU total)=3836.26171875MB
INFO:root:At the start of the epoch: mem (CPU python)=931.0546875MB; mem (CPU total)=3836.26171875MB
INFO:root:At the start of the epoch: mem (CPU python)=931.0546875MB; mem (CPU total)=3836.26171875MB
INFO:root:At the start of the epoch: mem (CPU python)=931.0546875MB; mem (CPU total)=3836.26171875MB
INFO:root:At the start of the epoch: mem (CPU python)=931.0546875MB; mem (CPU total)=3836.26171875MB
INFO:root:At the start of the epoch: mem (CPU python)=931.0546875MB; mem (CPU total)=3836.26171875MB
INFO:root:At the start of the epoch: mem (CPU python)=931.0546875MB; mem (CPU total)=3836.26171875MB
INFO:root:At the start of the epoch: mem (CPU python)=931.0546875MB; mem (CPU total)=3836.26171875MB
INFO:root:At the start of the epoch: mem (CPU python)=931.0546875MB; mem (CPU total)=3836.26171875MB
INFO:root:At the start of the epoch: mem (CPU python)=931.0546875MB; mem (CPU total)=3836.26171875MB
INFO:root:At the start of the epoch: mem (CPU python)=931.0546875MB; mem (CPU total)=3836.26171875MB
INFO:root:At the start of the epoch: mem (CPU python)=931.0546875MB; mem (CPU total)=3836.26171875MB
INFO:root:At the start of the epoch: mem (CPU python)=931.0546875MB; mem (CPU total)=3836.26171875MB
INFO:root:At the start of the epoch: mem (CPU python)=931.0546875MB; mem (CPU total)=3836.26171875MB
INFO:root:At the start of the epoch: mem (CPU python)=931.0546875MB; mem (CPU total)=3836.26171875MB
INFO:root:At the start of the epoch: mem (CPU python)=931.0546875MB; mem (CPU total)=3836.26171875MB
INFO:root:At the start of the epoch: mem (CPU python)=931.0546875MB; mem (CPU total)=3836.26171875MB
INFO:root:At the start of the epoch: mem (CPU python)=931.0546875MB; mem (CPU total)=3836.26171875MB
INFO:root:At the start of the epoch: mem (CPU python)=931.0546875MB; mem (CPU total)=3836.26171875MB
INFO:root:At the start of the epoch: mem (CPU python)=931.0546875MB; mem (CPU total)=3836.26171875MB
INFO:root:At the start of the epoch: mem (CPU python)=931.0546875MB; mem (CPU total)=3835.3125MB
INFO:root:At the start of the epoch: mem (CPU python)=931.0546875MB; mem (CPU total)=3835.2734375MB
INFO:root:At the start of the epoch: mem (CPU python)=931.0546875MB; mem (CPU total)=3835.2734375MB
INFO:root:At the start of the epoch: mem (CPU python)=931.0546875MB; mem (CPU total)=3835.2734375MB
INFO:root:At the start of the epoch: mem (CPU python)=931.0546875MB; mem (CPU total)=3835.2734375MB
INFO:root:At the start of the epoch: mem (CPU python)=931.0546875MB; mem (CPU total)=3835.2734375MB
INFO:root:At the start of the epoch: mem (CPU python)=931.0546875MB; mem (CPU total)=3835.2734375MB
INFO:root:At the start of the epoch: mem (CPU python)=931.0546875MB; mem (CPU total)=3835.2734375MB
INFO:root:At the start of the epoch: mem (CPU python)=931.0546875MB; mem (CPU total)=3835.2734375MB
INFO:root:At the start of the epoch: mem (CPU python)=931.0546875MB; mem (CPU total)=3835.2734375MB
INFO:root:At the start of the epoch: mem (CPU python)=931.0546875MB; mem (CPU total)=3835.2734375MB
INFO:root:At the start of the epoch: mem (CPU python)=931.0546875MB; mem (CPU total)=3835.2734375MB
INFO:root:At the start of the epoch: mem (CPU python)=931.0546875MB; mem (CPU total)=3835.51953125MB
INFO:root:At the start of the epoch: mem (CPU python)=931.0546875MB; mem (CPU total)=3835.51953125MB
INFO:root:At the start of the epoch: mem (CPU python)=931.0546875MB; mem (CPU total)=3835.51953125MB
INFO:root:At the start of the epoch: mem (CPU python)=931.0546875MB; mem (CPU total)=3835.51953125MB
INFO:root:At the start of the epoch: mem (CPU python)=931.0546875MB; mem (CPU total)=3835.51953125MB
INFO:root:At the start of the epoch: mem (CPU python)=931.0546875MB; mem (CPU total)=3835.51953125MB
INFO:root:At the start of the epoch: mem (CPU python)=931.0546875MB; mem (CPU total)=3835.765625MB
INFO:root:[  250] Training loss: 0.29887821, Validation loss: 0.73922630, Valdiation loss EMA: 0.71591431
INFO:root:At the start of the epoch: mem (CPU python)=931.0546875MB; mem (CPU total)=3835.0234375MB
INFO:root:At the start of the epoch: mem (CPU python)=931.0546875MB; mem (CPU total)=3834.078125MB
INFO:root:At the start of the epoch: mem (CPU python)=931.0546875MB; mem (CPU total)=3834.078125MB
INFO:root:At the start of the epoch: mem (CPU python)=931.0546875MB; mem (CPU total)=3834.32421875MB
INFO:root:At the start of the epoch: mem (CPU python)=931.0546875MB; mem (CPU total)=3834.32421875MB
INFO:root:At the start of the epoch: mem (CPU python)=931.0546875MB; mem (CPU total)=3834.32421875MB
INFO:root:At the start of the epoch: mem (CPU python)=931.0546875MB; mem (CPU total)=3834.015625MB
INFO:root:At the start of the epoch: mem (CPU python)=931.0546875MB; mem (CPU total)=3834.015625MB
INFO:root:At the start of the epoch: mem (CPU python)=931.0546875MB; mem (CPU total)=3834.015625MB
INFO:root:At the start of the epoch: mem (CPU python)=931.0546875MB; mem (CPU total)=3834.015625MB
INFO:root:At the start of the epoch: mem (CPU python)=931.0546875MB; mem (CPU total)=3834.015625MB
INFO:root:At the start of the epoch: mem (CPU python)=931.0546875MB; mem (CPU total)=3834.015625MB
INFO:root:At the start of the epoch: mem (CPU python)=931.0546875MB; mem (CPU total)=3834.015625MB
INFO:root:At the start of the epoch: mem (CPU python)=931.0546875MB; mem (CPU total)=3834.015625MB
INFO:root:At the start of the epoch: mem (CPU python)=931.0546875MB; mem (CPU total)=3834.015625MB
INFO:root:At the start of the epoch: mem (CPU python)=931.0546875MB; mem (CPU total)=3834.015625MB
INFO:root:At the start of the epoch: mem (CPU python)=931.0546875MB; mem (CPU total)=3834.015625MB
INFO:root:At the start of the epoch: mem (CPU python)=931.0546875MB; mem (CPU total)=3834.015625MB
INFO:root:At the start of the epoch: mem (CPU python)=931.0546875MB; mem (CPU total)=3834.015625MB
INFO:root:At the start of the epoch: mem (CPU python)=931.0546875MB; mem (CPU total)=3834.015625MB
INFO:root:At the start of the epoch: mem (CPU python)=931.0546875MB; mem (CPU total)=3834.01171875MB
INFO:root:At the start of the epoch: mem (CPU python)=931.0546875MB; mem (CPU total)=3834.01171875MB
INFO:root:At the start of the epoch: mem (CPU python)=931.0546875MB; mem (CPU total)=3833.06640625MB
INFO:root:At the start of the epoch: mem (CPU python)=931.0546875MB; mem (CPU total)=3833.06640625MB
INFO:root:At the start of the epoch: mem (CPU python)=931.0546875MB; mem (CPU total)=3833.06640625MB
INFO:root:At the start of the epoch: mem (CPU python)=931.0546875MB; mem (CPU total)=3833.06640625MB
INFO:root:At the start of the epoch: mem (CPU python)=931.0546875MB; mem (CPU total)=3833.02734375MB
INFO:root:At the start of the epoch: mem (CPU python)=931.0546875MB; mem (CPU total)=3833.02734375MB
INFO:root:At the start of the epoch: mem (CPU python)=931.0546875MB; mem (CPU total)=3833.02734375MB
INFO:root:At the start of the epoch: mem (CPU python)=931.0546875MB; mem (CPU total)=3833.02734375MB
INFO:root:At the start of the epoch: mem (CPU python)=931.0546875MB; mem (CPU total)=3833.02734375MB
INFO:root:At the start of the epoch: mem (CPU python)=931.0546875MB; mem (CPU total)=3833.02734375MB
INFO:root:At the start of the epoch: mem (CPU python)=931.0546875MB; mem (CPU total)=3833.02734375MB
INFO:root:At the start of the epoch: mem (CPU python)=931.0546875MB; mem (CPU total)=3833.02734375MB
INFO:root:At the start of the epoch: mem (CPU python)=931.0546875MB; mem (CPU total)=3833.02734375MB
INFO:root:At the start of the epoch: mem (CPU python)=931.0546875MB; mem (CPU total)=3833.02734375MB
INFO:root:At the start of the epoch: mem (CPU python)=931.0546875MB; mem (CPU total)=3833.02734375MB
INFO:root:At the start of the epoch: mem (CPU python)=931.0546875MB; mem (CPU total)=3833.02734375MB
INFO:root:At the start of the epoch: mem (CPU python)=931.0546875MB; mem (CPU total)=3833.02734375MB
INFO:root:At the start of the epoch: mem (CPU python)=931.0546875MB; mem (CPU total)=3833.02734375MB
INFO:root:At the start of the epoch: mem (CPU python)=931.0546875MB; mem (CPU total)=3833.2734375MB
INFO:root:At the start of the epoch: mem (CPU python)=931.0546875MB; mem (CPU total)=3833.2734375MB
INFO:root:At the start of the epoch: mem (CPU python)=931.0546875MB; mem (CPU total)=3833.2734375MB
INFO:root:At the start of the epoch: mem (CPU python)=931.0546875MB; mem (CPU total)=3832.30859375MB
INFO:root:At the start of the epoch: mem (CPU python)=931.0546875MB; mem (CPU total)=3832.30859375MB
INFO:root:At the start of the epoch: mem (CPU python)=931.0546875MB; mem (CPU total)=3832.5546875MB
INFO:root:At the start of the epoch: mem (CPU python)=931.0546875MB; mem (CPU total)=3832.5546875MB
INFO:root:At the start of the epoch: mem (CPU python)=931.0546875MB; mem (CPU total)=3832.5546875MB
INFO:root:At the start of the epoch: mem (CPU python)=931.0546875MB; mem (CPU total)=3832.5546875MB
INFO:root:At the start of the epoch: mem (CPU python)=931.0546875MB; mem (CPU total)=3832.28125MB
INFO:root:[  300] Training loss: 0.23477254, Validation loss: 0.76799438, Valdiation loss EMA: 0.79264351
INFO:root:At the start of the epoch: mem (CPU python)=931.0546875MB; mem (CPU total)=3831.54296875MB
INFO:root:At the start of the epoch: mem (CPU python)=931.0546875MB; mem (CPU total)=3831.54296875MB
INFO:root:At the start of the epoch: mem (CPU python)=931.0546875MB; mem (CPU total)=3831.54296875MB
INFO:root:At the start of the epoch: mem (CPU python)=931.0546875MB; mem (CPU total)=3831.54296875MB
INFO:root:At the start of the epoch: mem (CPU python)=931.0546875MB; mem (CPU total)=3831.7890625MB
INFO:root:At the start of the epoch: mem (CPU python)=931.0546875MB; mem (CPU total)=3831.7890625MB
INFO:root:At the start of the epoch: mem (CPU python)=931.0546875MB; mem (CPU total)=3832.03515625MB
INFO:root:At the start of the epoch: mem (CPU python)=931.0546875MB; mem (CPU total)=3832.03515625MB
INFO:root:At the start of the epoch: mem (CPU python)=931.0546875MB; mem (CPU total)=3832.03125MB
INFO:root:At the start of the epoch: mem (CPU python)=931.0546875MB; mem (CPU total)=3832.03125MB
INFO:root:At the start of the epoch: mem (CPU python)=931.0546875MB; mem (CPU total)=3832.03125MB
INFO:root:At the start of the epoch: mem (CPU python)=931.0546875MB; mem (CPU total)=3832.03125MB
INFO:root:At the start of the epoch: mem (CPU python)=931.0546875MB; mem (CPU total)=3832.03125MB
INFO:root:At the start of the epoch: mem (CPU python)=931.0546875MB; mem (CPU total)=3832.03125MB
INFO:root:At the start of the epoch: mem (CPU python)=931.0546875MB; mem (CPU total)=3832.03125MB
INFO:root:At the start of the epoch: mem (CPU python)=931.0546875MB; mem (CPU total)=3832.03125MB
INFO:root:At the start of the epoch: mem (CPU python)=931.0546875MB; mem (CPU total)=3832.03125MB
INFO:root:At the start of the epoch: mem (CPU python)=931.0546875MB; mem (CPU total)=3832.03125MB
INFO:root:At the start of the epoch: mem (CPU python)=931.0546875MB; mem (CPU total)=3832.03125MB
INFO:root:At the start of the epoch: mem (CPU python)=931.0546875MB; mem (CPU total)=3832.03125MB
INFO:root:At the start of the epoch: mem (CPU python)=931.0546875MB; mem (CPU total)=3832.03125MB
INFO:root:At the start of the epoch: mem (CPU python)=931.0546875MB; mem (CPU total)=3832.03125MB
INFO:root:At the start of the epoch: mem (CPU python)=931.0546875MB; mem (CPU total)=3832.03125MB
INFO:root:At the start of the epoch: mem (CPU python)=931.0546875MB; mem (CPU total)=3832.03125MB
INFO:root:At the start of the epoch: mem (CPU python)=931.0546875MB; mem (CPU total)=3832.265625MB
INFO:root:At the start of the epoch: mem (CPU python)=931.0546875MB; mem (CPU total)=3832.265625MB
INFO:root:At the start of the epoch: mem (CPU python)=931.0546875MB; mem (CPU total)=3832.265625MB
INFO:root:At the start of the epoch: mem (CPU python)=931.0546875MB; mem (CPU total)=3832.265625MB
INFO:root:At the start of the epoch: mem (CPU python)=931.0546875MB; mem (CPU total)=3832.265625MB
INFO:root:At the start of the epoch: mem (CPU python)=931.0546875MB; mem (CPU total)=3832.265625MB
INFO:root:At the start of the epoch: mem (CPU python)=931.0546875MB; mem (CPU total)=3832.265625MB
INFO:root:At the start of the epoch: mem (CPU python)=931.0546875MB; mem (CPU total)=3832.265625MB
INFO:root:At the start of the epoch: mem (CPU python)=931.0546875MB; mem (CPU total)=3832.51171875MB
INFO:root:At the start of the epoch: mem (CPU python)=931.0546875MB; mem (CPU total)=3832.0390625MB
INFO:root:At the start of the epoch: mem (CPU python)=931.0546875MB; mem (CPU total)=3832.0390625MB
INFO:root:At the start of the epoch: mem (CPU python)=931.0546875MB; mem (CPU total)=3832.0MB
INFO:root:At the start of the epoch: mem (CPU python)=931.0546875MB; mem (CPU total)=3832.0MB
INFO:root:At the start of the epoch: mem (CPU python)=931.0546875MB; mem (CPU total)=3832.0MB
INFO:root:At the start of the epoch: mem (CPU python)=931.0546875MB; mem (CPU total)=3831.015625MB
INFO:root:At the start of the epoch: mem (CPU python)=931.0546875MB; mem (CPU total)=3831.015625MB
INFO:root:At the start of the epoch: mem (CPU python)=931.0546875MB; mem (CPU total)=3831.015625MB
INFO:root:At the start of the epoch: mem (CPU python)=931.0546875MB; mem (CPU total)=3831.015625MB
INFO:root:At the start of the epoch: mem (CPU python)=931.0546875MB; mem (CPU total)=3831.015625MB
INFO:root:At the start of the epoch: mem (CPU python)=931.0546875MB; mem (CPU total)=3831.015625MB
INFO:root:At the start of the epoch: mem (CPU python)=931.0546875MB; mem (CPU total)=3831.015625MB
INFO:root:At the start of the epoch: mem (CPU python)=931.0546875MB; mem (CPU total)=3831.015625MB
INFO:root:At the start of the epoch: mem (CPU python)=931.0546875MB; mem (CPU total)=3831.015625MB
INFO:root:At the start of the epoch: mem (CPU python)=931.0546875MB; mem (CPU total)=3831.015625MB
INFO:root:At the start of the epoch: mem (CPU python)=931.0546875MB; mem (CPU total)=3831.01171875MB
INFO:root:At the start of the epoch: mem (CPU python)=931.0546875MB; mem (CPU total)=3831.01171875MB
INFO:root:[  350] Training loss: 0.23546929, Validation loss: 0.40001373, Valdiation loss EMA: 0.43840775
INFO:root:At the start of the epoch: mem (CPU python)=931.0546875MB; mem (CPU total)=3830.48828125MB
INFO:root:At the start of the epoch: mem (CPU python)=931.0546875MB; mem (CPU total)=3830.48828125MB
INFO:root:At the start of the epoch: mem (CPU python)=931.0546875MB; mem (CPU total)=3830.48828125MB
INFO:root:At the start of the epoch: mem (CPU python)=931.0546875MB; mem (CPU total)=3830.48828125MB
INFO:root:At the start of the epoch: mem (CPU python)=931.0546875MB; mem (CPU total)=3830.48828125MB
INFO:root:At the start of the epoch: mem (CPU python)=931.0546875MB; mem (CPU total)=3830.98046875MB
INFO:root:At the start of the epoch: mem (CPU python)=931.0546875MB; mem (CPU total)=3830.98046875MB
INFO:root:At the start of the epoch: mem (CPU python)=931.0546875MB; mem (CPU total)=3831.2265625MB
INFO:root:At the start of the epoch: mem (CPU python)=931.0546875MB; mem (CPU total)=3831.2265625MB
INFO:root:At the start of the epoch: mem (CPU python)=931.0546875MB; mem (CPU total)=3831.2265625MB
INFO:root:At the start of the epoch: mem (CPU python)=931.0546875MB; mem (CPU total)=3831.2265625MB
INFO:root:At the start of the epoch: mem (CPU python)=931.0546875MB; mem (CPU total)=3831.2265625MB
INFO:root:At the start of the epoch: mem (CPU python)=931.0546875MB; mem (CPU total)=3831.2265625MB
INFO:root:At the start of the epoch: mem (CPU python)=931.0546875MB; mem (CPU total)=3831.2265625MB
INFO:root:At the start of the epoch: mem (CPU python)=931.0546875MB; mem (CPU total)=3831.2265625MB
INFO:root:At the start of the epoch: mem (CPU python)=931.0546875MB; mem (CPU total)=3831.47265625MB
INFO:root:At the start of the epoch: mem (CPU python)=931.0546875MB; mem (CPU total)=3831.47265625MB
INFO:root:At the start of the epoch: mem (CPU python)=931.0546875MB; mem (CPU total)=3831.47265625MB
INFO:root:At the start of the epoch: mem (CPU python)=931.0546875MB; mem (CPU total)=3831.47265625MB
INFO:root:At the start of the epoch: mem (CPU python)=931.0546875MB; mem (CPU total)=3831.47265625MB
INFO:root:At the start of the epoch: mem (CPU python)=931.0546875MB; mem (CPU total)=3831.47265625MB
INFO:root:At the start of the epoch: mem (CPU python)=931.0546875MB; mem (CPU total)=3831.71875MB
INFO:root:At the start of the epoch: mem (CPU python)=931.0546875MB; mem (CPU total)=3831.71875MB
INFO:root:At the start of the epoch: mem (CPU python)=931.0546875MB; mem (CPU total)=3831.71875MB
INFO:root:At the start of the epoch: mem (CPU python)=931.0546875MB; mem (CPU total)=3831.24609375MB
INFO:root:At the start of the epoch: mem (CPU python)=931.0546875MB; mem (CPU total)=3831.24609375MB
INFO:root:At the start of the epoch: mem (CPU python)=931.0546875MB; mem (CPU total)=3830.98046875MB
INFO:root:At the start of the epoch: mem (CPU python)=931.0546875MB; mem (CPU total)=3831.4609375MB
INFO:root:At the start of the epoch: mem (CPU python)=931.0546875MB; mem (CPU total)=3831.4609375MB
INFO:root:At the start of the epoch: mem (CPU python)=931.0546875MB; mem (CPU total)=3831.4609375MB
INFO:root:At the start of the epoch: mem (CPU python)=931.0546875MB; mem (CPU total)=3831.4609375MB
INFO:root:At the start of the epoch: mem (CPU python)=931.0546875MB; mem (CPU total)=3831.4609375MB
INFO:root:At the start of the epoch: mem (CPU python)=931.0546875MB; mem (CPU total)=3831.70703125MB
INFO:root:At the start of the epoch: mem (CPU python)=931.0546875MB; mem (CPU total)=3831.70703125MB
INFO:root:At the start of the epoch: mem (CPU python)=931.0546875MB; mem (CPU total)=3831.70703125MB
INFO:root:At the start of the epoch: mem (CPU python)=931.0546875MB; mem (CPU total)=3831.953125MB
INFO:root:At the start of the epoch: mem (CPU python)=931.0546875MB; mem (CPU total)=3831.953125MB
INFO:root:At the start of the epoch: mem (CPU python)=931.0546875MB; mem (CPU total)=3831.953125MB
INFO:root:At the start of the epoch: mem (CPU python)=931.0546875MB; mem (CPU total)=3831.94921875MB
INFO:root:At the start of the epoch: mem (CPU python)=931.0546875MB; mem (CPU total)=3831.94921875MB
INFO:root:At the start of the epoch: mem (CPU python)=931.0546875MB; mem (CPU total)=3831.94921875MB
INFO:root:At the start of the epoch: mem (CPU python)=931.0546875MB; mem (CPU total)=3831.94921875MB
INFO:root:At the start of the epoch: mem (CPU python)=931.0546875MB; mem (CPU total)=3831.94921875MB
INFO:root:At the start of the epoch: mem (CPU python)=931.0546875MB; mem (CPU total)=3831.94921875MB
INFO:root:At the start of the epoch: mem (CPU python)=931.0546875MB; mem (CPU total)=3831.703125MB
INFO:root:At the start of the epoch: mem (CPU python)=931.0546875MB; mem (CPU total)=3831.703125MB
INFO:root:At the start of the epoch: mem (CPU python)=931.0546875MB; mem (CPU total)=3831.703125MB
INFO:root:At the start of the epoch: mem (CPU python)=931.0546875MB; mem (CPU total)=3831.703125MB
INFO:root:At the start of the epoch: mem (CPU python)=931.0546875MB; mem (CPU total)=3831.703125MB
INFO:root:At the start of the epoch: mem (CPU python)=931.0546875MB; mem (CPU total)=3831.703125MB
INFO:root:[  400] Training loss: 0.23748642, Validation loss: 1.00757782, Valdiation loss EMA: 1.00081055
INFO:root:At the start of the epoch: mem (CPU python)=931.0546875MB; mem (CPU total)=3832.18359375MB
INFO:root:At the start of the epoch: mem (CPU python)=931.0546875MB; mem (CPU total)=3832.18359375MB
INFO:root:At the start of the epoch: mem (CPU python)=931.0546875MB; mem (CPU total)=3832.18359375MB
INFO:root:At the start of the epoch: mem (CPU python)=931.0546875MB; mem (CPU total)=3832.18359375MB
INFO:root:At the start of the epoch: mem (CPU python)=931.0546875MB; mem (CPU total)=3832.18359375MB
INFO:root:At the start of the epoch: mem (CPU python)=931.0546875MB; mem (CPU total)=3832.18359375MB
INFO:root:At the start of the epoch: mem (CPU python)=931.0546875MB; mem (CPU total)=3832.18359375MB
INFO:root:At the start of the epoch: mem (CPU python)=931.0546875MB; mem (CPU total)=3832.18359375MB
INFO:root:At the start of the epoch: mem (CPU python)=931.0546875MB; mem (CPU total)=3832.18359375MB
INFO:root:At the start of the epoch: mem (CPU python)=931.0546875MB; mem (CPU total)=3832.4296875MB
INFO:root:At the start of the epoch: mem (CPU python)=931.0546875MB; mem (CPU total)=3832.4296875MB
INFO:root:At the start of the epoch: mem (CPU python)=931.0546875MB; mem (CPU total)=3832.4296875MB
INFO:root:At the start of the epoch: mem (CPU python)=931.0546875MB; mem (CPU total)=3832.4296875MB
INFO:root:At the start of the epoch: mem (CPU python)=931.0546875MB; mem (CPU total)=3831.484375MB
INFO:root:At the start of the epoch: mem (CPU python)=931.0546875MB; mem (CPU total)=3831.484375MB
INFO:root:At the start of the epoch: mem (CPU python)=931.0546875MB; mem (CPU total)=3831.484375MB
INFO:root:At the start of the epoch: mem (CPU python)=931.0546875MB; mem (CPU total)=3831.484375MB
INFO:root:At the start of the epoch: mem (CPU python)=931.0546875MB; mem (CPU total)=3831.484375MB
INFO:root:At the start of the epoch: mem (CPU python)=931.0546875MB; mem (CPU total)=3831.484375MB
INFO:root:At the start of the epoch: mem (CPU python)=931.0546875MB; mem (CPU total)=3831.484375MB
INFO:root:At the start of the epoch: mem (CPU python)=931.0546875MB; mem (CPU total)=3831.484375MB
INFO:root:At the start of the epoch: mem (CPU python)=931.0546875MB; mem (CPU total)=3831.4453125MB
INFO:root:At the start of the epoch: mem (CPU python)=931.0546875MB; mem (CPU total)=3831.4453125MB
INFO:root:At the start of the epoch: mem (CPU python)=931.0546875MB; mem (CPU total)=3831.4453125MB
INFO:root:At the start of the epoch: mem (CPU python)=931.0546875MB; mem (CPU total)=3831.69140625MB
INFO:root:At the start of the epoch: mem (CPU python)=931.0546875MB; mem (CPU total)=3831.69140625MB
INFO:root:At the start of the epoch: mem (CPU python)=931.0546875MB; mem (CPU total)=3831.69140625MB
INFO:root:At the start of the epoch: mem (CPU python)=931.0546875MB; mem (CPU total)=3831.69140625MB
INFO:root:At the start of the epoch: mem (CPU python)=931.0546875MB; mem (CPU total)=3831.6875MB
INFO:root:At the start of the epoch: mem (CPU python)=931.0546875MB; mem (CPU total)=3831.6875MB
INFO:root:At the start of the epoch: mem (CPU python)=931.0546875MB; mem (CPU total)=3831.6875MB
INFO:root:At the start of the epoch: mem (CPU python)=931.0546875MB; mem (CPU total)=3831.93359375MB
INFO:root:At the start of the epoch: mem (CPU python)=931.0546875MB; mem (CPU total)=3831.93359375MB
INFO:root:At the start of the epoch: mem (CPU python)=931.0546875MB; mem (CPU total)=3831.93359375MB
INFO:root:At the start of the epoch: mem (CPU python)=931.0546875MB; mem (CPU total)=3831.93359375MB
INFO:root:At the start of the epoch: mem (CPU python)=931.0546875MB; mem (CPU total)=3831.93359375MB
INFO:root:At the start of the epoch: mem (CPU python)=931.0546875MB; mem (CPU total)=3831.93359375MB
INFO:root:At the start of the epoch: mem (CPU python)=931.0546875MB; mem (CPU total)=3831.93359375MB
INFO:root:At the start of the epoch: mem (CPU python)=931.0546875MB; mem (CPU total)=3831.93359375MB
INFO:root:At the start of the epoch: mem (CPU python)=931.0546875MB; mem (CPU total)=3831.93359375MB
INFO:root:At the start of the epoch: mem (CPU python)=931.0546875MB; mem (CPU total)=3831.93359375MB
INFO:root:At the start of the epoch: mem (CPU python)=931.0546875MB; mem (CPU total)=3831.93359375MB
INFO:root:At the start of the epoch: mem (CPU python)=931.0546875MB; mem (CPU total)=3832.1796875MB
INFO:root:At the start of the epoch: mem (CPU python)=931.0546875MB; mem (CPU total)=3832.1796875MB
INFO:root:At the start of the epoch: mem (CPU python)=931.0546875MB; mem (CPU total)=3832.1796875MB
INFO:root:At the start of the epoch: mem (CPU python)=931.0546875MB; mem (CPU total)=3832.42578125MB
INFO:root:At the start of the epoch: mem (CPU python)=931.0546875MB; mem (CPU total)=3832.42578125MB
INFO:root:At the start of the epoch: mem (CPU python)=931.0546875MB; mem (CPU total)=3832.42578125MB
INFO:root:At the start of the epoch: mem (CPU python)=931.0546875MB; mem (CPU total)=3832.42578125MB
INFO:root:At the start of the epoch: mem (CPU python)=931.0546875MB; mem (CPU total)=3832.42578125MB
INFO:root:[  450] Training loss: 0.19986021, Validation loss: 0.16644243, Valdiation loss EMA: 0.14893624
INFO:root:At the start of the epoch: mem (CPU python)=931.0546875MB; mem (CPU total)=3832.91796875MB
INFO:root:At the start of the epoch: mem (CPU python)=931.0546875MB; mem (CPU total)=3832.91796875MB
INFO:root:At the start of the epoch: mem (CPU python)=931.0546875MB; mem (CPU total)=3832.91796875MB
INFO:root:At the start of the epoch: mem (CPU python)=931.0546875MB; mem (CPU total)=3832.91796875MB
INFO:root:At the start of the epoch: mem (CPU python)=931.0546875MB; mem (CPU total)=3832.91796875MB
INFO:root:At the start of the epoch: mem (CPU python)=931.0546875MB; mem (CPU total)=3833.1640625MB
INFO:root:At the start of the epoch: mem (CPU python)=931.0546875MB; mem (CPU total)=3833.1640625MB
INFO:root:At the start of the epoch: mem (CPU python)=931.0546875MB; mem (CPU total)=3833.1640625MB
INFO:root:At the start of the epoch: mem (CPU python)=931.0546875MB; mem (CPU total)=3832.21875MB
INFO:root:At the start of the epoch: mem (CPU python)=931.0546875MB; mem (CPU total)=3832.21875MB
INFO:root:At the start of the epoch: mem (CPU python)=931.0546875MB; mem (CPU total)=3832.17578125MB
INFO:root:At the start of the epoch: mem (CPU python)=931.0546875MB; mem (CPU total)=3832.17578125MB
INFO:root:At the start of the epoch: mem (CPU python)=931.0546875MB; mem (CPU total)=3832.17578125MB
INFO:root:At the start of the epoch: mem (CPU python)=931.0546875MB; mem (CPU total)=3832.17578125MB
INFO:root:At the start of the epoch: mem (CPU python)=931.0546875MB; mem (CPU total)=3832.17578125MB
INFO:root:At the start of the epoch: mem (CPU python)=931.0546875MB; mem (CPU total)=3832.17578125MB
INFO:root:At the start of the epoch: mem (CPU python)=931.0546875MB; mem (CPU total)=3832.17578125MB
INFO:root:At the start of the epoch: mem (CPU python)=931.0546875MB; mem (CPU total)=3832.17578125MB
INFO:root:At the start of the epoch: mem (CPU python)=931.0546875MB; mem (CPU total)=3832.171875MB
INFO:root:At the start of the epoch: mem (CPU python)=931.0546875MB; mem (CPU total)=3832.171875MB
INFO:root:At the start of the epoch: mem (CPU python)=931.0546875MB; mem (CPU total)=3832.171875MB
INFO:root:At the start of the epoch: mem (CPU python)=931.0546875MB; mem (CPU total)=3832.171875MB
INFO:root:At the start of the epoch: mem (CPU python)=931.0546875MB; mem (CPU total)=3832.171875MB
INFO:root:At the start of the epoch: mem (CPU python)=931.0546875MB; mem (CPU total)=3832.171875MB
INFO:root:At the start of the epoch: mem (CPU python)=931.0546875MB; mem (CPU total)=3832.171875MB
INFO:root:At the start of the epoch: mem (CPU python)=931.0546875MB; mem (CPU total)=3832.171875MB
INFO:root:At the start of the epoch: mem (CPU python)=931.0546875MB; mem (CPU total)=3832.171875MB
INFO:root:At the start of the epoch: mem (CPU python)=931.0546875MB; mem (CPU total)=3832.171875MB
INFO:root:At the start of the epoch: mem (CPU python)=931.0546875MB; mem (CPU total)=3831.22265625MB
INFO:root:At the start of the epoch: mem (CPU python)=931.0546875MB; mem (CPU total)=3831.22265625MB
INFO:root:At the start of the epoch: mem (CPU python)=931.0546875MB; mem (CPU total)=3831.1875MB
INFO:root:At the start of the epoch: mem (CPU python)=931.0546875MB; mem (CPU total)=3831.1875MB
INFO:root:At the start of the epoch: mem (CPU python)=931.0546875MB; mem (CPU total)=3831.43359375MB
INFO:root:At the start of the epoch: mem (CPU python)=931.0546875MB; mem (CPU total)=3831.43359375MB
INFO:root:At the start of the epoch: mem (CPU python)=931.0546875MB; mem (CPU total)=3831.43359375MB
INFO:root:At the start of the epoch: mem (CPU python)=931.0546875MB; mem (CPU total)=3831.43359375MB
INFO:root:At the start of the epoch: mem (CPU python)=931.0546875MB; mem (CPU total)=3831.6796875MB
INFO:root:At the start of the epoch: mem (CPU python)=931.0546875MB; mem (CPU total)=3831.6796875MB
INFO:root:At the start of the epoch: mem (CPU python)=931.0546875MB; mem (CPU total)=3831.6796875MB
INFO:root:At the start of the epoch: mem (CPU python)=931.0546875MB; mem (CPU total)=3831.6796875MB
INFO:root:At the start of the epoch: mem (CPU python)=931.0546875MB; mem (CPU total)=3831.6796875MB
INFO:root:At the start of the epoch: mem (CPU python)=931.0546875MB; mem (CPU total)=3831.6796875MB
INFO:root:At the start of the epoch: mem (CPU python)=931.0546875MB; mem (CPU total)=3831.6796875MB
INFO:root:At the start of the epoch: mem (CPU python)=931.0546875MB; mem (CPU total)=3831.6796875MB
INFO:root:At the start of the epoch: mem (CPU python)=931.0546875MB; mem (CPU total)=3831.6796875MB
INFO:root:At the start of the epoch: mem (CPU python)=931.0546875MB; mem (CPU total)=3831.92578125MB
INFO:root:At the start of the epoch: mem (CPU python)=931.0546875MB; mem (CPU total)=3831.92578125MB
INFO:root:At the start of the epoch: mem (CPU python)=931.0546875MB; mem (CPU total)=3831.92578125MB
INFO:root:At the start of the epoch: mem (CPU python)=931.0546875MB; mem (CPU total)=3831.92578125MB
INFO:root:At the start of the epoch: mem (CPU python)=931.0546875MB; mem (CPU total)=3832.171875MB
INFO:root:[  500] Training loss: 0.24254069, Validation loss: 0.08267155, Valdiation loss EMA: 0.07987929
INFO:root:At the start of the epoch: mem (CPU python)=931.0546875MB; mem (CPU total)=3831.6796875MB
INFO:root:At the start of the epoch: mem (CPU python)=931.0546875MB; mem (CPU total)=3831.6796875MB
INFO:root:At the start of the epoch: mem (CPU python)=931.0546875MB; mem (CPU total)=3831.6796875MB
INFO:root:At the start of the epoch: mem (CPU python)=931.0546875MB; mem (CPU total)=3831.6796875MB
INFO:root:At the start of the epoch: mem (CPU python)=931.0546875MB; mem (CPU total)=3831.6796875MB
INFO:root:At the start of the epoch: mem (CPU python)=931.0546875MB; mem (CPU total)=3832.14453125MB
INFO:root:At the start of the epoch: mem (CPU python)=931.0546875MB; mem (CPU total)=3832.14453125MB
INFO:root:At the start of the epoch: mem (CPU python)=931.0546875MB; mem (CPU total)=3832.14453125MB
INFO:root:At the start of the epoch: mem (CPU python)=931.0546875MB; mem (CPU total)=3832.140625MB
INFO:root:At the start of the epoch: mem (CPU python)=931.0546875MB; mem (CPU total)=3832.140625MB
INFO:root:At the start of the epoch: mem (CPU python)=931.0546875MB; mem (CPU total)=3832.140625MB
INFO:root:At the start of the epoch: mem (CPU python)=931.0546875MB; mem (CPU total)=3832.38671875MB
INFO:root:At the start of the epoch: mem (CPU python)=931.0546875MB; mem (CPU total)=3832.38671875MB
INFO:root:At the start of the epoch: mem (CPU python)=931.0546875MB; mem (CPU total)=3832.38671875MB
INFO:root:At the start of the epoch: mem (CPU python)=931.0546875MB; mem (CPU total)=3832.38671875MB
INFO:root:At the start of the epoch: mem (CPU python)=931.0546875MB; mem (CPU total)=3832.6328125MB
INFO:root:At the start of the epoch: mem (CPU python)=931.0546875MB; mem (CPU total)=3832.6328125MB
INFO:root:At the start of the epoch: mem (CPU python)=931.0546875MB; mem (CPU total)=3832.16015625MB
INFO:root:At the start of the epoch: mem (CPU python)=931.0546875MB; mem (CPU total)=3832.16015625MB
INFO:root:At the start of the epoch: mem (CPU python)=931.0546875MB; mem (CPU total)=3832.16015625MB
INFO:root:At the start of the epoch: mem (CPU python)=931.0546875MB; mem (CPU total)=3832.16015625MB
INFO:root:At the start of the epoch: mem (CPU python)=931.0546875MB; mem (CPU total)=3832.16015625MB
INFO:root:At the start of the epoch: mem (CPU python)=931.0546875MB; mem (CPU total)=3832.16015625MB
INFO:root:At the start of the epoch: mem (CPU python)=931.0546875MB; mem (CPU total)=3832.16015625MB
INFO:root:At the start of the epoch: mem (CPU python)=931.0546875MB; mem (CPU total)=3832.140625MB
INFO:root:At the start of the epoch: mem (CPU python)=931.0546875MB; mem (CPU total)=3832.38671875MB
INFO:root:At the start of the epoch: mem (CPU python)=931.0546875MB; mem (CPU total)=3832.38671875MB
INFO:root:At the start of the epoch: mem (CPU python)=931.0546875MB; mem (CPU total)=3832.38671875MB
INFO:root:At the start of the epoch: mem (CPU python)=931.0546875MB; mem (CPU total)=3832.38671875MB
INFO:root:At the start of the epoch: mem (CPU python)=931.0546875MB; mem (CPU total)=3832.38671875MB
INFO:root:At the start of the epoch: mem (CPU python)=931.0546875MB; mem (CPU total)=3832.38671875MB
INFO:root:At the start of the epoch: mem (CPU python)=931.0546875MB; mem (CPU total)=3832.6328125MB
INFO:root:At the start of the epoch: mem (CPU python)=931.0546875MB; mem (CPU total)=3832.6328125MB
INFO:root:At the start of the epoch: mem (CPU python)=931.0546875MB; mem (CPU total)=3832.6328125MB
INFO:root:At the start of the epoch: mem (CPU python)=931.0546875MB; mem (CPU total)=3832.6328125MB
INFO:root:At the start of the epoch: mem (CPU python)=931.0546875MB; mem (CPU total)=3832.6328125MB
INFO:root:At the start of the epoch: mem (CPU python)=931.0546875MB; mem (CPU total)=3832.87890625MB
INFO:root:At the start of the epoch: mem (CPU python)=931.0546875MB; mem (CPU total)=3832.87890625MB
INFO:root:At the start of the epoch: mem (CPU python)=931.0546875MB; mem (CPU total)=3832.87890625MB
INFO:root:At the start of the epoch: mem (CPU python)=931.0546875MB; mem (CPU total)=3832.38671875MB
INFO:root:At the start of the epoch: mem (CPU python)=931.0546875MB; mem (CPU total)=3832.38671875MB
INFO:root:At the start of the epoch: mem (CPU python)=931.0546875MB; mem (CPU total)=3832.38671875MB
INFO:root:At the start of the epoch: mem (CPU python)=931.0546875MB; mem (CPU total)=3832.38671875MB
INFO:root:At the start of the epoch: mem (CPU python)=931.0546875MB; mem (CPU total)=3832.6328125MB
INFO:root:At the start of the epoch: mem (CPU python)=931.0546875MB; mem (CPU total)=3832.6328125MB
INFO:root:At the start of the epoch: mem (CPU python)=931.0546875MB; mem (CPU total)=3832.6328125MB
INFO:root:At the start of the epoch: mem (CPU python)=931.0546875MB; mem (CPU total)=3832.6328125MB
INFO:root:At the start of the epoch: mem (CPU python)=931.0546875MB; mem (CPU total)=3832.6328125MB
INFO:root:At the start of the epoch: mem (CPU python)=931.0546875MB; mem (CPU total)=3832.6328125MB
INFO:root:At the start of the epoch: mem (CPU python)=931.0546875MB; mem (CPU total)=3832.6328125MB
INFO:root:[  550] Training loss: 0.25302242, Validation loss: 0.47629200, Valdiation loss EMA: 0.49223183
INFO:root:At the start of the epoch: mem (CPU python)=931.0546875MB; mem (CPU total)=3832.609375MB
INFO:root:At the start of the epoch: mem (CPU python)=931.0546875MB; mem (CPU total)=3832.609375MB
INFO:root:At the start of the epoch: mem (CPU python)=931.0546875MB; mem (CPU total)=3832.609375MB
INFO:root:At the start of the epoch: mem (CPU python)=931.0546875MB; mem (CPU total)=3832.609375MB
INFO:root:At the start of the epoch: mem (CPU python)=931.0546875MB; mem (CPU total)=3832.85546875MB
INFO:root:At the start of the epoch: mem (CPU python)=931.0546875MB; mem (CPU total)=3832.85546875MB
INFO:root:At the start of the epoch: mem (CPU python)=931.0546875MB; mem (CPU total)=3832.85546875MB
INFO:root:At the start of the epoch: mem (CPU python)=931.0546875MB; mem (CPU total)=3832.85546875MB
INFO:root:At the start of the epoch: mem (CPU python)=931.0546875MB; mem (CPU total)=3832.09765625MB
INFO:root:At the start of the epoch: mem (CPU python)=931.0546875MB; mem (CPU total)=3832.34375MB
INFO:root:At the start of the epoch: mem (CPU python)=931.0546875MB; mem (CPU total)=3832.34375MB
INFO:root:At the start of the epoch: mem (CPU python)=931.0546875MB; mem (CPU total)=3831.3984375MB
INFO:root:At the start of the epoch: mem (CPU python)=931.0546875MB; mem (CPU total)=3831.3984375MB
INFO:root:At the start of the epoch: mem (CPU python)=931.0546875MB; mem (CPU total)=3831.3984375MB
INFO:root:At the start of the epoch: mem (CPU python)=931.0546875MB; mem (CPU total)=3831.3984375MB
INFO:root:At the start of the epoch: mem (CPU python)=931.0546875MB; mem (CPU total)=3831.3984375MB
INFO:root:At the start of the epoch: mem (CPU python)=931.0546875MB; mem (CPU total)=3831.3984375MB
INFO:root:At the start of the epoch: mem (CPU python)=931.0546875MB; mem (CPU total)=3831.3984375MB
INFO:root:At the start of the epoch: mem (CPU python)=931.0546875MB; mem (CPU total)=3831.3984375MB
INFO:root:At the start of the epoch: mem (CPU python)=931.0546875MB; mem (CPU total)=3831.3984375MB
INFO:root:At the start of the epoch: mem (CPU python)=931.0546875MB; mem (CPU total)=3831.60546875MB
INFO:root:At the start of the epoch: mem (CPU python)=931.0546875MB; mem (CPU total)=3831.60546875MB
INFO:root:At the start of the epoch: mem (CPU python)=931.0546875MB; mem (CPU total)=3831.60546875MB
INFO:root:At the start of the epoch: mem (CPU python)=931.0546875MB; mem (CPU total)=3831.60546875MB
INFO:root:At the start of the epoch: mem (CPU python)=931.0546875MB; mem (CPU total)=3831.60546875MB
INFO:root:At the start of the epoch: mem (CPU python)=931.0546875MB; mem (CPU total)=3831.60546875MB
INFO:root:At the start of the epoch: mem (CPU python)=931.0546875MB; mem (CPU total)=3831.60546875MB
INFO:root:At the start of the epoch: mem (CPU python)=931.0546875MB; mem (CPU total)=3831.60546875MB
INFO:root:At the start of the epoch: mem (CPU python)=931.0546875MB; mem (CPU total)=3831.60546875MB
INFO:root:At the start of the epoch: mem (CPU python)=931.0546875MB; mem (CPU total)=3830.8671875MB
INFO:root:At the start of the epoch: mem (CPU python)=931.0546875MB; mem (CPU total)=3830.8671875MB
INFO:root:At the start of the epoch: mem (CPU python)=931.0546875MB; mem (CPU total)=3830.8671875MB
INFO:root:At the start of the epoch: mem (CPU python)=931.0546875MB; mem (CPU total)=3830.8671875MB
INFO:root:At the start of the epoch: mem (CPU python)=931.0546875MB; mem (CPU total)=3830.8671875MB
INFO:root:At the start of the epoch: mem (CPU python)=931.0546875MB; mem (CPU total)=3830.8671875MB
INFO:root:At the start of the epoch: mem (CPU python)=931.0546875MB; mem (CPU total)=3830.8671875MB
INFO:root:At the start of the epoch: mem (CPU python)=931.0546875MB; mem (CPU total)=3830.8671875MB
INFO:root:At the start of the epoch: mem (CPU python)=931.0546875MB; mem (CPU total)=3830.8671875MB
INFO:root:At the start of the epoch: mem (CPU python)=931.0546875MB; mem (CPU total)=3830.8671875MB
INFO:root:At the start of the epoch: mem (CPU python)=931.0546875MB; mem (CPU total)=3830.86328125MB
INFO:root:At the start of the epoch: mem (CPU python)=931.0546875MB; mem (CPU total)=3830.86328125MB
INFO:root:At the start of the epoch: mem (CPU python)=931.0546875MB; mem (CPU total)=3830.86328125MB
INFO:root:At the start of the epoch: mem (CPU python)=931.0546875MB; mem (CPU total)=3830.86328125MB
INFO:root:At the start of the epoch: mem (CPU python)=931.0546875MB; mem (CPU total)=3830.86328125MB
INFO:root:At the start of the epoch: mem (CPU python)=931.0546875MB; mem (CPU total)=3830.86328125MB
INFO:root:At the start of the epoch: mem (CPU python)=931.0546875MB; mem (CPU total)=3830.86328125MB
INFO:root:At the start of the epoch: mem (CPU python)=931.0546875MB; mem (CPU total)=3830.86328125MB
INFO:root:At the start of the epoch: mem (CPU python)=931.0546875MB; mem (CPU total)=3830.86328125MB
INFO:root:At the start of the epoch: mem (CPU python)=931.0546875MB; mem (CPU total)=3830.86328125MB
INFO:root:At the start of the epoch: mem (CPU python)=931.0546875MB; mem (CPU total)=3831.109375MB
INFO:root:EP 599: Early stopping
INFO:root:After finishing all epochs: mem (CPU python)=931.0546875MB; mem (CPU total)=3830.84375MB
INFO:root:Training the model took 106.549s.
INFO:root:Emptying the cuda cache took 0.001s.
INFO:root:Starting evaluation: model MLP & uncertainty quantification diffusion
INFO:root:Evaluating the model on Train data.
