INFO:root:Starting the logger.
INFO:root:Using cuda.
INFO:root:: mem (CPU python)=566.02734375MB; mem (CPU total)=2944.0078125MB
INFO:root:############### Starting experiment with config file debug.ini ###############
INFO:root:###1 out of 1 data set parameter combinations ###
INFO:root:Data parameters: {'dataset_name': 'x-squared', 'max_dataset_size': 32768}
INFO:root:After loading the datasets: mem (CPU python)=568.5703125MB; mem (CPU total)=2943.6953125MB
INFO:root:###1 out of 9 training parameter combinations ###
INFO:root:Training parameters: {'report_every': 1, 'seed': 1234, 'model': 'MLP', 'uncertainty_quantification': 'diffusion', 'batch_size': 32768, 'n_epochs': 2, 'early_stopping': 100, 'init': 'default', 'learning_rate': 0.001, 'lr_schedule': 'step', 'optimizer': 'adam', 'gradient_clipping': 1, 'data_loader_pin_memory': False, 'data_loader_num_workers': 0, 'distributed_training': False, 'alpha': 0.05, 'n_samples_uq': 100, 'weight_decay': 0.01, 'dropout': 0.001, 'hidden_dim': 64, 'n_layers': 3, 'concat_condition_diffusion': False}
INFO:root:After creating the dataloaders: mem (CPU python)=571.2890625MB; mem (CPU total)=2946.17578125MB
INFO:root:NumberParameters: 16961
INFO:root:GPU memory allocated: 2097152
INFO:root:After setting up the model: mem (CPU python)=665.32421875MB; mem (CPU total)=3026.59765625MB
INFO:root:Training starts now.
INFO:root:At the start of the epoch: mem (CPU python)=682.09375MB; mem (CPU total)=3037.32421875MB
INFO:root:[    1] Training loss: 1.04051638, Validation loss: 5447.40869141, Valdiation loss EMA: 5666.23437500
INFO:root:At the start of the epoch: mem (CPU python)=994.91796875MB; mem (CPU total)=3414.6640625MB
INFO:root:[    2] Training loss: 1.00226581, Validation loss: 4280.53564453, Valdiation loss EMA: 4370.11230469
INFO:root:After finishing all epochs: mem (CPU python)=1018.921875MB; mem (CPU total)=3444.53515625MB
INFO:root:Training the model took 32.303s.
INFO:root:Emptying the cuda cache took 0.001s.
INFO:root:Starting evaluation: model MLP & uncertainty quantification diffusion
INFO:root:Evaluating the model on Train data.
