INFO:root:Starting the logger.
INFO:root:Using cuda.
INFO:root:: mem (CPU python)=514.546875MB; mem (CPU total)=3515.18359375MB
INFO:root:############### Starting experiment with config file debug.ini ###############
INFO:root:###1 out of 1 data set parameter combinations ###
INFO:root:Data parameters: {'dataset_name': 'x-squared', 'max_dataset_size': 32768}
INFO:root:After loading the datasets: mem (CPU python)=517.3125MB; mem (CPU total)=3515.25390625MB
INFO:root:###1 out of 9 training parameter combinations ###
INFO:root:Training parameters: {'report_every': 50, 'seed': 1234, 'model': 'MLP', 'uncertainty_quantification': 'diffusion', 'batch_size': 32768, 'n_epochs': 100, 'early_stopping': 100, 'init': 'default', 'learning_rate': 0.001, 'lr_schedule': 'step', 'optimizer': 'adam', 'gradient_clipping': 1, 'data_loader_pin_memory': False, 'data_loader_num_workers': 0, 'distributed_training': False, 'alpha': 0.05, 'n_samples_uq': 100, 'weight_decay': 0.01, 'dropout': 0.001, 'hidden_dim': 64, 'n_layers': 3, 'concat_condition_diffusion': False}
INFO:root:After creating the dataloaders: mem (CPU python)=519.97265625MB; mem (CPU total)=3514.83203125MB
INFO:root:NumberParameters: 16961
INFO:root:GPU memory allocated: 2097152
INFO:root:After setting up the model: mem (CPU python)=613.7421875MB; mem (CPU total)=3592.3359375MB
INFO:root:Training starts now.
INFO:root:At the start of the epoch: mem (CPU python)=652.94921875MB; mem (CPU total)=3614.7421875MB
INFO:root:At the start of the epoch: mem (CPU python)=901.1328125MB; mem (CPU total)=3813.29296875MB
INFO:root:At the start of the epoch: mem (CPU python)=929.4453125MB; mem (CPU total)=3839.42578125MB
INFO:root:At the start of the epoch: mem (CPU python)=929.4453125MB; mem (CPU total)=3840.5078125MB
INFO:root:At the start of the epoch: mem (CPU python)=929.4453125MB; mem (CPU total)=3840.5078125MB
INFO:root:At the start of the epoch: mem (CPU python)=929.4453125MB; mem (CPU total)=3840.5078125MB
INFO:root:At the start of the epoch: mem (CPU python)=929.4453125MB; mem (CPU total)=3840.5078125MB
INFO:root:At the start of the epoch: mem (CPU python)=929.4453125MB; mem (CPU total)=3840.5078125MB
INFO:root:At the start of the epoch: mem (CPU python)=929.4453125MB; mem (CPU total)=3840.75390625MB
INFO:root:At the start of the epoch: mem (CPU python)=929.4453125MB; mem (CPU total)=3840.75390625MB
INFO:root:At the start of the epoch: mem (CPU python)=929.4453125MB; mem (CPU total)=3840.75390625MB
INFO:root:At the start of the epoch: mem (CPU python)=929.4453125MB; mem (CPU total)=3840.75390625MB
INFO:root:At the start of the epoch: mem (CPU python)=929.4453125MB; mem (CPU total)=3840.75390625MB
INFO:root:At the start of the epoch: mem (CPU python)=929.4453125MB; mem (CPU total)=3840.75390625MB
INFO:root:At the start of the epoch: mem (CPU python)=929.4453125MB; mem (CPU total)=3840.75390625MB
INFO:root:At the start of the epoch: mem (CPU python)=929.4453125MB; mem (CPU total)=3840.75390625MB
INFO:root:At the start of the epoch: mem (CPU python)=929.4453125MB; mem (CPU total)=3840.75390625MB
INFO:root:At the start of the epoch: mem (CPU python)=929.4453125MB; mem (CPU total)=3840.75390625MB
INFO:root:At the start of the epoch: mem (CPU python)=929.4453125MB; mem (CPU total)=3840.75390625MB
INFO:root:At the start of the epoch: mem (CPU python)=929.4453125MB; mem (CPU total)=3840.75390625MB
INFO:root:At the start of the epoch: mem (CPU python)=929.4453125MB; mem (CPU total)=3840.75390625MB
INFO:root:At the start of the epoch: mem (CPU python)=929.4453125MB; mem (CPU total)=3841.0MB
INFO:root:At the start of the epoch: mem (CPU python)=929.4453125MB; mem (CPU total)=3840.74609375MB
INFO:root:At the start of the epoch: mem (CPU python)=929.4453125MB; mem (CPU total)=3840.74609375MB
INFO:root:At the start of the epoch: mem (CPU python)=929.4453125MB; mem (CPU total)=3840.74609375MB
INFO:root:At the start of the epoch: mem (CPU python)=929.4453125MB; mem (CPU total)=3840.2734375MB
INFO:root:At the start of the epoch: mem (CPU python)=929.4453125MB; mem (CPU total)=3840.51953125MB
INFO:root:At the start of the epoch: mem (CPU python)=929.4453125MB; mem (CPU total)=3840.25390625MB
INFO:root:At the start of the epoch: mem (CPU python)=929.4453125MB; mem (CPU total)=3840.25MB
INFO:root:At the start of the epoch: mem (CPU python)=929.4453125MB; mem (CPU total)=3840.25MB
INFO:root:At the start of the epoch: mem (CPU python)=929.4453125MB; mem (CPU total)=3840.25MB
INFO:root:At the start of the epoch: mem (CPU python)=929.4453125MB; mem (CPU total)=3840.25MB
INFO:root:At the start of the epoch: mem (CPU python)=929.4453125MB; mem (CPU total)=3840.25MB
INFO:root:At the start of the epoch: mem (CPU python)=929.4453125MB; mem (CPU total)=3840.49609375MB
INFO:root:At the start of the epoch: mem (CPU python)=929.4453125MB; mem (CPU total)=3840.49609375MB
INFO:root:At the start of the epoch: mem (CPU python)=929.4453125MB; mem (CPU total)=3840.7421875MB
INFO:root:At the start of the epoch: mem (CPU python)=929.4453125MB; mem (CPU total)=3840.7421875MB
INFO:root:At the start of the epoch: mem (CPU python)=929.4453125MB; mem (CPU total)=3840.4921875MB
INFO:root:At the start of the epoch: mem (CPU python)=929.4453125MB; mem (CPU total)=3840.73828125MB
INFO:root:At the start of the epoch: mem (CPU python)=929.4453125MB; mem (CPU total)=3840.73828125MB
INFO:root:At the start of the epoch: mem (CPU python)=929.4453125MB; mem (CPU total)=3840.73828125MB
INFO:root:At the start of the epoch: mem (CPU python)=929.4453125MB; mem (CPU total)=3840.73828125MB
INFO:root:At the start of the epoch: mem (CPU python)=929.4453125MB; mem (CPU total)=3840.73828125MB
INFO:root:At the start of the epoch: mem (CPU python)=929.4453125MB; mem (CPU total)=3840.73828125MB
INFO:root:At the start of the epoch: mem (CPU python)=929.4453125MB; mem (CPU total)=3840.73828125MB
INFO:root:At the start of the epoch: mem (CPU python)=929.4453125MB; mem (CPU total)=3840.73828125MB
INFO:root:At the start of the epoch: mem (CPU python)=929.4453125MB; mem (CPU total)=3840.984375MB
INFO:root:At the start of the epoch: mem (CPU python)=929.4453125MB; mem (CPU total)=3841.23046875MB
INFO:root:At the start of the epoch: mem (CPU python)=929.4453125MB; mem (CPU total)=3841.23046875MB
INFO:root:At the start of the epoch: mem (CPU python)=929.4453125MB; mem (CPU total)=3841.23046875MB
INFO:root:[   50] Training loss: 0.67618107, Validation loss: 222.49453125, Valdiation loss EMA: 220.38966797
INFO:root:At the start of the epoch: mem (CPU python)=930.25390625MB; mem (CPU total)=3839.7578125MB
INFO:root:At the start of the epoch: mem (CPU python)=938.64453125MB; mem (CPU total)=3847.140625MB
INFO:root:At the start of the epoch: mem (CPU python)=938.64453125MB; mem (CPU total)=3847.140625MB
INFO:root:At the start of the epoch: mem (CPU python)=938.64453125MB; mem (CPU total)=3847.140625MB
INFO:root:At the start of the epoch: mem (CPU python)=938.64453125MB; mem (CPU total)=3847.140625MB
INFO:root:At the start of the epoch: mem (CPU python)=938.64453125MB; mem (CPU total)=3847.42578125MB
INFO:root:At the start of the epoch: mem (CPU python)=938.64453125MB; mem (CPU total)=3847.42578125MB
INFO:root:At the start of the epoch: mem (CPU python)=938.64453125MB; mem (CPU total)=3847.42578125MB
INFO:root:At the start of the epoch: mem (CPU python)=938.64453125MB; mem (CPU total)=3847.42578125MB
INFO:root:At the start of the epoch: mem (CPU python)=938.64453125MB; mem (CPU total)=3847.671875MB
INFO:root:At the start of the epoch: mem (CPU python)=938.64453125MB; mem (CPU total)=3847.671875MB
INFO:root:At the start of the epoch: mem (CPU python)=938.64453125MB; mem (CPU total)=3847.671875MB
INFO:root:At the start of the epoch: mem (CPU python)=938.64453125MB; mem (CPU total)=3847.671875MB
INFO:root:At the start of the epoch: mem (CPU python)=938.64453125MB; mem (CPU total)=3847.91796875MB
INFO:root:At the start of the epoch: mem (CPU python)=938.64453125MB; mem (CPU total)=3847.91796875MB
INFO:root:At the start of the epoch: mem (CPU python)=938.64453125MB; mem (CPU total)=3847.91796875MB
INFO:root:At the start of the epoch: mem (CPU python)=938.64453125MB; mem (CPU total)=3847.91796875MB
INFO:root:At the start of the epoch: mem (CPU python)=938.64453125MB; mem (CPU total)=3847.9140625MB
INFO:root:At the start of the epoch: mem (CPU python)=938.64453125MB; mem (CPU total)=3848.16015625MB
INFO:root:At the start of the epoch: mem (CPU python)=938.64453125MB; mem (CPU total)=3848.16015625MB
INFO:root:At the start of the epoch: mem (CPU python)=938.64453125MB; mem (CPU total)=3848.16015625MB
INFO:root:At the start of the epoch: mem (CPU python)=938.64453125MB; mem (CPU total)=3848.40625MB
INFO:root:At the start of the epoch: mem (CPU python)=938.64453125MB; mem (CPU total)=3848.40625MB
INFO:root:At the start of the epoch: mem (CPU python)=938.64453125MB; mem (CPU total)=3848.40625MB
INFO:root:At the start of the epoch: mem (CPU python)=938.64453125MB; mem (CPU total)=3848.40625MB
INFO:root:At the start of the epoch: mem (CPU python)=938.64453125MB; mem (CPU total)=3848.40625MB
INFO:root:At the start of the epoch: mem (CPU python)=938.64453125MB; mem (CPU total)=3847.890625MB
INFO:root:At the start of the epoch: mem (CPU python)=938.64453125MB; mem (CPU total)=3847.890625MB
INFO:root:At the start of the epoch: mem (CPU python)=938.64453125MB; mem (CPU total)=3847.890625MB
INFO:root:At the start of the epoch: mem (CPU python)=938.64453125MB; mem (CPU total)=3848.13671875MB
INFO:root:At the start of the epoch: mem (CPU python)=938.64453125MB; mem (CPU total)=3848.13671875MB
INFO:root:At the start of the epoch: mem (CPU python)=938.64453125MB; mem (CPU total)=3848.13671875MB
INFO:root:At the start of the epoch: mem (CPU python)=938.64453125MB; mem (CPU total)=3848.13671875MB
INFO:root:At the start of the epoch: mem (CPU python)=938.64453125MB; mem (CPU total)=3848.13671875MB
INFO:root:At the start of the epoch: mem (CPU python)=938.64453125MB; mem (CPU total)=3848.3828125MB
INFO:root:At the start of the epoch: mem (CPU python)=938.64453125MB; mem (CPU total)=3848.3828125MB
INFO:root:At the start of the epoch: mem (CPU python)=938.64453125MB; mem (CPU total)=3848.3828125MB
INFO:root:At the start of the epoch: mem (CPU python)=938.64453125MB; mem (CPU total)=3848.3828125MB
INFO:root:At the start of the epoch: mem (CPU python)=938.64453125MB; mem (CPU total)=3848.3828125MB
INFO:root:At the start of the epoch: mem (CPU python)=938.64453125MB; mem (CPU total)=3848.3828125MB
INFO:root:At the start of the epoch: mem (CPU python)=938.64453125MB; mem (CPU total)=3848.875MB
INFO:root:At the start of the epoch: mem (CPU python)=938.64453125MB; mem (CPU total)=3848.875MB
INFO:root:At the start of the epoch: mem (CPU python)=938.64453125MB; mem (CPU total)=3848.875MB
INFO:root:At the start of the epoch: mem (CPU python)=938.64453125MB; mem (CPU total)=3848.875MB
INFO:root:At the start of the epoch: mem (CPU python)=938.64453125MB; mem (CPU total)=3848.875MB
INFO:root:At the start of the epoch: mem (CPU python)=938.64453125MB; mem (CPU total)=3849.109375MB
INFO:root:At the start of the epoch: mem (CPU python)=938.64453125MB; mem (CPU total)=3849.109375MB
INFO:root:At the start of the epoch: mem (CPU python)=938.64453125MB; mem (CPU total)=3849.109375MB
INFO:root:At the start of the epoch: mem (CPU python)=938.64453125MB; mem (CPU total)=3849.109375MB
INFO:root:At the start of the epoch: mem (CPU python)=938.64453125MB; mem (CPU total)=3849.109375MB
INFO:root:[  100] Training loss: 0.43492527, Validation loss: 109.30793945, Valdiation loss EMA: 106.61874023
INFO:root:After finishing all epochs: mem (CPU python)=938.64453125MB; mem (CPU total)=3850.09375MB
INFO:root:Training the model took 31.831s.
INFO:root:Emptying the cuda cache took 0.001s.
INFO:root:Starting evaluation: model MLP & uncertainty quantification diffusion
INFO:root:Evaluating the model on Train data.
