INFO:root:Starting the logger.
INFO:root:Using cuda.
INFO:root:: mem (CPU python)=571.88671875MB; mem (CPU total)=3545.5625MB
INFO:root:############### Starting experiment with config file debug.ini ###############
INFO:root:###1 out of 1 data set parameter combinations ###
INFO:root:Data parameters: {'dataset_name': 'x-squared', 'max_dataset_size': 32768}
INFO:root:After loading the datasets: mem (CPU python)=574.3125MB; mem (CPU total)=3546.0546875MB
INFO:root:###1 out of 9 training parameter combinations ###
INFO:root:Training parameters: {'report_every': 1, 'seed': 1234, 'model': 'MLP', 'uncertainty_quantification': 'diffusion', 'batch_size': 32768, 'n_epochs': 2, 'early_stopping': 100, 'init': 'default', 'learning_rate': 0.001, 'lr_schedule': 'step', 'optimizer': 'adam', 'gradient_clipping': 1, 'data_loader_pin_memory': False, 'data_loader_num_workers': 0, 'distributed_training': False, 'alpha': 0.05, 'n_samples_uq': 100, 'weight_decay': 0.01, 'dropout': 0.001, 'hidden_dim': 64, 'n_layers': 3, 'concat_condition_diffusion': False}
INFO:root:After creating the dataloaders: mem (CPU python)=577.28125MB; mem (CPU total)=3547.53125MB
INFO:root:NumberParameters: 16961
INFO:root:GPU memory allocated: 2097152
INFO:root:After setting up the model: mem (CPU python)=671.12890625MB; mem (CPU total)=3629.80078125MB
INFO:root:Training starts now.
INFO:root:At the start of the epoch: mem (CPU python)=688.92578125MB; mem (CPU total)=3640.94140625MB
INFO:root:[    1] Training loss: 1.04012930, Validation loss: 5456.55859375, Valdiation loss EMA: 5695.49853516
INFO:root:At the start of the epoch: mem (CPU python)=1004.265625MB; mem (CPU total)=3892.328125MB
INFO:root:[    2] Training loss: 1.00289822, Validation loss: 4288.34912109, Valdiation loss EMA: 4363.52392578
INFO:root:After finishing all epochs: mem (CPU python)=1033.98046875MB; mem (CPU total)=3924.203125MB
INFO:root:Training the model took 9.038s.
INFO:root:Emptying the cuda cache took 0.001s.
INFO:root:Starting evaluation: model MLP & uncertainty quantification diffusion
INFO:root:Evaluating the model on Train data.
