INFO:root:Starting the logger.
INFO:root:Using cuda.
INFO:root:: mem (CPU python)=518.90625MB; mem (CPU total)=3566.96484375MB
INFO:root:############### Starting experiment with config file debug.ini ###############
INFO:root:###1 out of 1 data set parameter combinations ###
INFO:root:Data parameters: {'dataset_name': 'x-squared', 'max_dataset_size': 32768}
INFO:root:After loading the datasets: mem (CPU python)=521.4140625MB; mem (CPU total)=3567.203125MB
INFO:root:###1 out of 9 training parameter combinations ###
INFO:root:Training parameters: {'report_every': 50, 'seed': 1234, 'model': 'MLP', 'uncertainty_quantification': 'diffusion', 'batch_size': 32768, 'n_epochs': 10000, 'early_stopping': 100, 'init': 'default', 'learning_rate': 0.001, 'lr_schedule': 'step', 'optimizer': 'adam', 'gradient_clipping': 1, 'data_loader_pin_memory': False, 'data_loader_num_workers': 0, 'distributed_training': False, 'alpha': 0.05, 'n_samples_uq': 100, 'weight_decay': 0.01, 'dropout': 0.001, 'hidden_dim': 64, 'n_layers': 3, 'concat_condition_diffusion': False}
INFO:root:After creating the dataloaders: mem (CPU python)=524.44921875MB; mem (CPU total)=3569.171875MB
INFO:root:NumberParameters: 16961
INFO:root:GPU memory allocated: 2097152
INFO:root:After setting up the model: mem (CPU python)=617.875MB; mem (CPU total)=3650.78515625MB
INFO:root:Training starts now.
INFO:root:At the start of the epoch: mem (CPU python)=659.3984375MB; mem (CPU total)=3677.5625MB
INFO:root:At the start of the epoch: mem (CPU python)=908.85546875MB; mem (CPU total)=3876.38671875MB
INFO:root:At the start of the epoch: mem (CPU python)=938.1953125MB; mem (CPU total)=3904.94921875MB
INFO:root:At the start of the epoch: mem (CPU python)=938.1953125MB; mem (CPU total)=3905.6875MB
INFO:root:At the start of the epoch: mem (CPU python)=938.1953125MB; mem (CPU total)=3908.640625MB
INFO:root:At the start of the epoch: mem (CPU python)=938.1953125MB; mem (CPU total)=3909.625MB
INFO:root:At the start of the epoch: mem (CPU python)=938.1953125MB; mem (CPU total)=3909.87109375MB
INFO:root:At the start of the epoch: mem (CPU python)=938.1953125MB; mem (CPU total)=3909.87109375MB
INFO:root:At the start of the epoch: mem (CPU python)=938.1953125MB; mem (CPU total)=3909.87109375MB
INFO:root:At the start of the epoch: mem (CPU python)=938.1953125MB; mem (CPU total)=3909.87109375MB
INFO:root:At the start of the epoch: mem (CPU python)=938.1953125MB; mem (CPU total)=3909.87109375MB
INFO:root:At the start of the epoch: mem (CPU python)=938.1953125MB; mem (CPU total)=3910.36328125MB
INFO:root:At the start of the epoch: mem (CPU python)=938.1953125MB; mem (CPU total)=3910.36328125MB
INFO:root:At the start of the epoch: mem (CPU python)=938.1953125MB; mem (CPU total)=3911.09765625MB
INFO:root:At the start of the epoch: mem (CPU python)=938.1953125MB; mem (CPU total)=3911.09765625MB
INFO:root:At the start of the epoch: mem (CPU python)=938.1953125MB; mem (CPU total)=3911.09765625MB
INFO:root:At the start of the epoch: mem (CPU python)=938.1953125MB; mem (CPU total)=3911.09765625MB
INFO:root:At the start of the epoch: mem (CPU python)=938.1953125MB; mem (CPU total)=3911.09765625MB
INFO:root:At the start of the epoch: mem (CPU python)=938.1953125MB; mem (CPU total)=3911.09765625MB
INFO:root:At the start of the epoch: mem (CPU python)=938.1953125MB; mem (CPU total)=3911.09765625MB
INFO:root:At the start of the epoch: mem (CPU python)=938.1953125MB; mem (CPU total)=3911.09765625MB
INFO:root:At the start of the epoch: mem (CPU python)=938.1953125MB; mem (CPU total)=3911.09765625MB
INFO:root:At the start of the epoch: mem (CPU python)=938.1953125MB; mem (CPU total)=3911.09765625MB
INFO:root:At the start of the epoch: mem (CPU python)=938.1953125MB; mem (CPU total)=3911.09765625MB
INFO:root:At the start of the epoch: mem (CPU python)=938.1953125MB; mem (CPU total)=3911.09765625MB
INFO:root:At the start of the epoch: mem (CPU python)=938.1953125MB; mem (CPU total)=3911.09765625MB
INFO:root:At the start of the epoch: mem (CPU python)=938.1953125MB; mem (CPU total)=3911.09765625MB
INFO:root:At the start of the epoch: mem (CPU python)=938.1953125MB; mem (CPU total)=3911.09765625MB
INFO:root:At the start of the epoch: mem (CPU python)=938.1953125MB; mem (CPU total)=3911.09765625MB
INFO:root:At the start of the epoch: mem (CPU python)=938.1953125MB; mem (CPU total)=3911.09375MB
INFO:root:At the start of the epoch: mem (CPU python)=938.1953125MB; mem (CPU total)=3911.09375MB
INFO:root:At the start of the epoch: mem (CPU python)=938.1953125MB; mem (CPU total)=3911.09375MB
INFO:root:At the start of the epoch: mem (CPU python)=938.1953125MB; mem (CPU total)=3911.09375MB
INFO:root:At the start of the epoch: mem (CPU python)=938.1953125MB; mem (CPU total)=3911.09375MB
INFO:root:At the start of the epoch: mem (CPU python)=938.1953125MB; mem (CPU total)=3911.09375MB
INFO:root:At the start of the epoch: mem (CPU python)=938.1953125MB; mem (CPU total)=3910.35546875MB
INFO:root:At the start of the epoch: mem (CPU python)=938.1953125MB; mem (CPU total)=3910.35546875MB
INFO:root:At the start of the epoch: mem (CPU python)=938.1953125MB; mem (CPU total)=3910.35546875MB
INFO:root:At the start of the epoch: mem (CPU python)=938.1953125MB; mem (CPU total)=3910.35546875MB
INFO:root:At the start of the epoch: mem (CPU python)=938.1953125MB; mem (CPU total)=3910.35546875MB
INFO:root:At the start of the epoch: mem (CPU python)=938.1953125MB; mem (CPU total)=3910.35546875MB
INFO:root:At the start of the epoch: mem (CPU python)=938.28515625MB; mem (CPU total)=3910.35546875MB
INFO:root:At the start of the epoch: mem (CPU python)=938.28515625MB; mem (CPU total)=3910.35546875MB
INFO:root:At the start of the epoch: mem (CPU python)=938.28515625MB; mem (CPU total)=3910.35546875MB
INFO:root:At the start of the epoch: mem (CPU python)=938.28515625MB; mem (CPU total)=3910.35546875MB
INFO:root:At the start of the epoch: mem (CPU python)=938.28515625MB; mem (CPU total)=3910.35546875MB
INFO:root:At the start of the epoch: mem (CPU python)=938.28515625MB; mem (CPU total)=3910.35546875MB
INFO:root:At the start of the epoch: mem (CPU python)=938.28515625MB; mem (CPU total)=3910.35546875MB
INFO:root:At the start of the epoch: mem (CPU python)=938.28515625MB; mem (CPU total)=3910.35546875MB
INFO:root:At the start of the epoch: mem (CPU python)=938.28515625MB; mem (CPU total)=3910.35546875MB
INFO:root:[   50] Training loss: 0.68221412, Validation loss: 238.20837891, Valdiation loss EMA: 232.28832031
INFO:root:At the start of the epoch: mem (CPU python)=939.34375MB; mem (CPU total)=3803.421875MB
INFO:root:At the start of the epoch: mem (CPU python)=947.64453125MB; mem (CPU total)=3807.8515625MB
INFO:root:At the start of the epoch: mem (CPU python)=947.64453125MB; mem (CPU total)=3808.0234375MB
INFO:root:At the start of the epoch: mem (CPU python)=947.64453125MB; mem (CPU total)=3808.0234375MB
INFO:root:At the start of the epoch: mem (CPU python)=947.64453125MB; mem (CPU total)=3808.0234375MB
INFO:root:At the start of the epoch: mem (CPU python)=947.64453125MB; mem (CPU total)=3808.2421875MB
INFO:root:At the start of the epoch: mem (CPU python)=947.64453125MB; mem (CPU total)=3808.2421875MB
INFO:root:At the start of the epoch: mem (CPU python)=947.64453125MB; mem (CPU total)=3808.2421875MB
INFO:root:At the start of the epoch: mem (CPU python)=947.64453125MB; mem (CPU total)=3808.2421875MB
INFO:root:At the start of the epoch: mem (CPU python)=947.64453125MB; mem (CPU total)=3807.76953125MB
INFO:root:At the start of the epoch: mem (CPU python)=947.64453125MB; mem (CPU total)=3807.50390625MB
INFO:root:At the start of the epoch: mem (CPU python)=947.64453125MB; mem (CPU total)=3807.50390625MB
INFO:root:At the start of the epoch: mem (CPU python)=947.64453125MB; mem (CPU total)=3807.50390625MB
INFO:root:At the start of the epoch: mem (CPU python)=947.64453125MB; mem (CPU total)=3807.50390625MB
INFO:root:At the start of the epoch: mem (CPU python)=947.64453125MB; mem (CPU total)=3807.50390625MB
INFO:root:At the start of the epoch: mem (CPU python)=947.64453125MB; mem (CPU total)=3807.50390625MB
INFO:root:At the start of the epoch: mem (CPU python)=947.64453125MB; mem (CPU total)=3807.50390625MB
INFO:root:At the start of the epoch: mem (CPU python)=947.64453125MB; mem (CPU total)=3807.50390625MB
INFO:root:At the start of the epoch: mem (CPU python)=947.64453125MB; mem (CPU total)=3807.5MB
INFO:root:At the start of the epoch: mem (CPU python)=947.64453125MB; mem (CPU total)=3807.5MB
INFO:root:At the start of the epoch: mem (CPU python)=947.64453125MB; mem (CPU total)=3807.5MB
INFO:root:At the start of the epoch: mem (CPU python)=947.64453125MB; mem (CPU total)=3807.5MB
INFO:root:At the start of the epoch: mem (CPU python)=947.64453125MB; mem (CPU total)=3807.5MB
INFO:root:At the start of the epoch: mem (CPU python)=947.64453125MB; mem (CPU total)=3807.5MB
INFO:root:At the start of the epoch: mem (CPU python)=947.64453125MB; mem (CPU total)=3806.5546875MB
INFO:root:At the start of the epoch: mem (CPU python)=947.64453125MB; mem (CPU total)=3806.265625MB
INFO:root:At the start of the epoch: mem (CPU python)=947.64453125MB; mem (CPU total)=3806.265625MB
INFO:root:At the start of the epoch: mem (CPU python)=947.64453125MB; mem (CPU total)=3806.5MB
INFO:root:At the start of the epoch: mem (CPU python)=947.64453125MB; mem (CPU total)=3806.5MB
INFO:root:At the start of the epoch: mem (CPU python)=947.64453125MB; mem (CPU total)=3806.5MB
INFO:root:At the start of the epoch: mem (CPU python)=947.64453125MB; mem (CPU total)=3806.5MB
INFO:root:At the start of the epoch: mem (CPU python)=947.64453125MB; mem (CPU total)=3806.5MB
INFO:root:At the start of the epoch: mem (CPU python)=947.64453125MB; mem (CPU total)=3806.5MB
INFO:root:At the start of the epoch: mem (CPU python)=947.64453125MB; mem (CPU total)=3806.5MB
INFO:root:At the start of the epoch: mem (CPU python)=947.64453125MB; mem (CPU total)=3806.49609375MB
INFO:root:At the start of the epoch: mem (CPU python)=947.64453125MB; mem (CPU total)=3806.49609375MB
INFO:root:At the start of the epoch: mem (CPU python)=947.64453125MB; mem (CPU total)=3806.49609375MB
INFO:root:At the start of the epoch: mem (CPU python)=947.64453125MB; mem (CPU total)=3806.49609375MB
INFO:root:At the start of the epoch: mem (CPU python)=947.64453125MB; mem (CPU total)=3806.49609375MB
INFO:root:At the start of the epoch: mem (CPU python)=947.64453125MB; mem (CPU total)=3806.49609375MB
INFO:root:At the start of the epoch: mem (CPU python)=947.64453125MB; mem (CPU total)=3806.49609375MB
INFO:root:At the start of the epoch: mem (CPU python)=947.64453125MB; mem (CPU total)=3806.49609375MB
INFO:root:At the start of the epoch: mem (CPU python)=947.64453125MB; mem (CPU total)=3806.49609375MB
INFO:root:At the start of the epoch: mem (CPU python)=947.64453125MB; mem (CPU total)=3806.49609375MB
INFO:root:At the start of the epoch: mem (CPU python)=947.64453125MB; mem (CPU total)=3806.49609375MB
INFO:root:At the start of the epoch: mem (CPU python)=947.64453125MB; mem (CPU total)=3806.49609375MB
INFO:root:At the start of the epoch: mem (CPU python)=947.64453125MB; mem (CPU total)=3806.49609375MB
INFO:root:At the start of the epoch: mem (CPU python)=947.64453125MB; mem (CPU total)=3805.55078125MB
INFO:root:At the start of the epoch: mem (CPU python)=947.64453125MB; mem (CPU total)=3805.51171875MB
INFO:root:At the start of the epoch: mem (CPU python)=947.64453125MB; mem (CPU total)=3805.51171875MB
INFO:root:[  100] Training loss: 0.43318894, Validation loss: 89.51050781, Valdiation loss EMA: 88.37466797
INFO:root:At the start of the epoch: mem (CPU python)=947.64453125MB; mem (CPU total)=3781.27734375MB
INFO:root:At the start of the epoch: mem (CPU python)=947.64453125MB; mem (CPU total)=3781.27734375MB
INFO:root:At the start of the epoch: mem (CPU python)=947.64453125MB; mem (CPU total)=3781.27734375MB
INFO:root:At the start of the epoch: mem (CPU python)=947.64453125MB; mem (CPU total)=3781.27734375MB
INFO:root:At the start of the epoch: mem (CPU python)=947.64453125MB; mem (CPU total)=3781.27734375MB
INFO:root:At the start of the epoch: mem (CPU python)=947.64453125MB; mem (CPU total)=3781.25390625MB
INFO:root:At the start of the epoch: mem (CPU python)=947.64453125MB; mem (CPU total)=3781.25390625MB
INFO:root:At the start of the epoch: mem (CPU python)=947.64453125MB; mem (CPU total)=3781.25390625MB
INFO:root:At the start of the epoch: mem (CPU python)=947.64453125MB; mem (CPU total)=3781.25MB
INFO:root:At the start of the epoch: mem (CPU python)=947.64453125MB; mem (CPU total)=3780.77734375MB
INFO:root:At the start of the epoch: mem (CPU python)=947.64453125MB; mem (CPU total)=3780.77734375MB
INFO:root:At the start of the epoch: mem (CPU python)=947.64453125MB; mem (CPU total)=3780.77734375MB
INFO:root:At the start of the epoch: mem (CPU python)=947.64453125MB; mem (CPU total)=3780.77734375MB
INFO:root:At the start of the epoch: mem (CPU python)=947.64453125MB; mem (CPU total)=3780.77734375MB
INFO:root:At the start of the epoch: mem (CPU python)=947.64453125MB; mem (CPU total)=3780.77734375MB
INFO:root:At the start of the epoch: mem (CPU python)=947.64453125MB; mem (CPU total)=3780.77734375MB
INFO:root:At the start of the epoch: mem (CPU python)=947.64453125MB; mem (CPU total)=3780.77734375MB
INFO:root:At the start of the epoch: mem (CPU python)=947.64453125MB; mem (CPU total)=3780.53125MB
INFO:root:At the start of the epoch: mem (CPU python)=947.64453125MB; mem (CPU total)=3780.53125MB
INFO:root:At the start of the epoch: mem (CPU python)=947.64453125MB; mem (CPU total)=3780.53125MB
INFO:root:At the start of the epoch: mem (CPU python)=947.64453125MB; mem (CPU total)=3780.53125MB
INFO:root:At the start of the epoch: mem (CPU python)=947.64453125MB; mem (CPU total)=3780.53125MB
INFO:root:At the start of the epoch: mem (CPU python)=947.64453125MB; mem (CPU total)=3780.53125MB
INFO:root:At the start of the epoch: mem (CPU python)=947.64453125MB; mem (CPU total)=3780.53125MB
INFO:root:At the start of the epoch: mem (CPU python)=947.64453125MB; mem (CPU total)=3780.53125MB
INFO:root:At the start of the epoch: mem (CPU python)=947.64453125MB; mem (CPU total)=3780.265625MB
INFO:root:At the start of the epoch: mem (CPU python)=947.64453125MB; mem (CPU total)=3780.265625MB
INFO:root:At the start of the epoch: mem (CPU python)=947.64453125MB; mem (CPU total)=3780.265625MB
INFO:root:At the start of the epoch: mem (CPU python)=947.64453125MB; mem (CPU total)=3780.265625MB
INFO:root:At the start of the epoch: mem (CPU python)=947.64453125MB; mem (CPU total)=3780.265625MB
INFO:root:At the start of the epoch: mem (CPU python)=947.64453125MB; mem (CPU total)=3780.265625MB
INFO:root:At the start of the epoch: mem (CPU python)=947.64453125MB; mem (CPU total)=3780.265625MB
INFO:root:At the start of the epoch: mem (CPU python)=947.64453125MB; mem (CPU total)=3780.265625MB
INFO:root:At the start of the epoch: mem (CPU python)=947.64453125MB; mem (CPU total)=3780.265625MB
INFO:root:At the start of the epoch: mem (CPU python)=947.64453125MB; mem (CPU total)=3780.265625MB
INFO:root:At the start of the epoch: mem (CPU python)=947.64453125MB; mem (CPU total)=3780.265625MB
INFO:root:At the start of the epoch: mem (CPU python)=947.64453125MB; mem (CPU total)=3780.265625MB
INFO:root:At the start of the epoch: mem (CPU python)=947.64453125MB; mem (CPU total)=3780.265625MB
INFO:root:At the start of the epoch: mem (CPU python)=947.64453125MB; mem (CPU total)=3780.265625MB
INFO:root:At the start of the epoch: mem (CPU python)=947.64453125MB; mem (CPU total)=3780.265625MB
INFO:root:At the start of the epoch: mem (CPU python)=947.64453125MB; mem (CPU total)=3780.265625MB
INFO:root:At the start of the epoch: mem (CPU python)=947.64453125MB; mem (CPU total)=3780.265625MB
INFO:root:At the start of the epoch: mem (CPU python)=947.64453125MB; mem (CPU total)=3780.265625MB
INFO:root:At the start of the epoch: mem (CPU python)=947.64453125MB; mem (CPU total)=3780.265625MB
INFO:root:At the start of the epoch: mem (CPU python)=947.64453125MB; mem (CPU total)=3780.265625MB
INFO:root:At the start of the epoch: mem (CPU python)=947.64453125MB; mem (CPU total)=3780.265625MB
INFO:root:At the start of the epoch: mem (CPU python)=947.64453125MB; mem (CPU total)=3780.265625MB
INFO:root:At the start of the epoch: mem (CPU python)=947.64453125MB; mem (CPU total)=3780.265625MB
INFO:root:At the start of the epoch: mem (CPU python)=947.64453125MB; mem (CPU total)=3784.734375MB
INFO:root:At the start of the epoch: mem (CPU python)=947.64453125MB; mem (CPU total)=3785.2265625MB
INFO:root:[  150] Training loss: 0.34431086, Validation loss: 27.41338623, Valdiation loss EMA: 25.82536377
INFO:root:At the start of the epoch: mem (CPU python)=947.64453125MB; mem (CPU total)=3785.2734375MB
INFO:root:At the start of the epoch: mem (CPU python)=947.64453125MB; mem (CPU total)=3785.2734375MB
INFO:root:At the start of the epoch: mem (CPU python)=947.64453125MB; mem (CPU total)=3785.02734375MB
INFO:root:At the start of the epoch: mem (CPU python)=947.64453125MB; mem (CPU total)=3784.77734375MB
INFO:root:At the start of the epoch: mem (CPU python)=947.64453125MB; mem (CPU total)=3784.77734375MB
INFO:root:At the start of the epoch: mem (CPU python)=947.64453125MB; mem (CPU total)=3784.77734375MB
INFO:root:At the start of the epoch: mem (CPU python)=947.64453125MB; mem (CPU total)=3784.77734375MB
INFO:root:At the start of the epoch: mem (CPU python)=947.64453125MB; mem (CPU total)=3784.77734375MB
INFO:root:At the start of the epoch: mem (CPU python)=947.64453125MB; mem (CPU total)=3784.77734375MB
INFO:root:At the start of the epoch: mem (CPU python)=947.64453125MB; mem (CPU total)=3784.77734375MB
INFO:root:At the start of the epoch: mem (CPU python)=947.64453125MB; mem (CPU total)=3784.77734375MB
INFO:root:At the start of the epoch: mem (CPU python)=947.64453125MB; mem (CPU total)=3784.77734375MB
INFO:root:At the start of the epoch: mem (CPU python)=947.64453125MB; mem (CPU total)=3784.77734375MB
INFO:root:At the start of the epoch: mem (CPU python)=947.64453125MB; mem (CPU total)=3784.77734375MB
INFO:root:At the start of the epoch: mem (CPU python)=947.64453125MB; mem (CPU total)=3784.77734375MB
INFO:root:At the start of the epoch: mem (CPU python)=947.64453125MB; mem (CPU total)=3784.77734375MB
INFO:root:At the start of the epoch: mem (CPU python)=947.64453125MB; mem (CPU total)=3784.77734375MB
INFO:root:At the start of the epoch: mem (CPU python)=947.64453125MB; mem (CPU total)=3784.77734375MB
INFO:root:At the start of the epoch: mem (CPU python)=947.64453125MB; mem (CPU total)=3784.77734375MB
INFO:root:At the start of the epoch: mem (CPU python)=947.64453125MB; mem (CPU total)=3784.77734375MB
INFO:root:At the start of the epoch: mem (CPU python)=947.64453125MB; mem (CPU total)=3784.77734375MB
INFO:root:At the start of the epoch: mem (CPU python)=947.64453125MB; mem (CPU total)=3784.765625MB
INFO:root:At the start of the epoch: mem (CPU python)=947.64453125MB; mem (CPU total)=3784.765625MB
INFO:root:At the start of the epoch: mem (CPU python)=947.64453125MB; mem (CPU total)=3784.765625MB
INFO:root:At the start of the epoch: mem (CPU python)=947.64453125MB; mem (CPU total)=3784.765625MB
INFO:root:At the start of the epoch: mem (CPU python)=947.64453125MB; mem (CPU total)=3784.765625MB
INFO:root:At the start of the epoch: mem (CPU python)=947.64453125MB; mem (CPU total)=3784.765625MB
INFO:root:At the start of the epoch: mem (CPU python)=947.64453125MB; mem (CPU total)=3784.765625MB
INFO:root:At the start of the epoch: mem (CPU python)=947.64453125MB; mem (CPU total)=3784.765625MB
INFO:root:At the start of the epoch: mem (CPU python)=947.64453125MB; mem (CPU total)=3784.765625MB
INFO:root:At the start of the epoch: mem (CPU python)=947.64453125MB; mem (CPU total)=3783.8203125MB
INFO:root:At the start of the epoch: mem (CPU python)=947.64453125MB; mem (CPU total)=3783.8203125MB
INFO:root:At the start of the epoch: mem (CPU python)=947.64453125MB; mem (CPU total)=3783.8203125MB
INFO:root:At the start of the epoch: mem (CPU python)=947.64453125MB; mem (CPU total)=3783.8203125MB
INFO:root:At the start of the epoch: mem (CPU python)=947.64453125MB; mem (CPU total)=3784.06640625MB
INFO:root:At the start of the epoch: mem (CPU python)=947.64453125MB; mem (CPU total)=3784.06640625MB
INFO:root:At the start of the epoch: mem (CPU python)=947.64453125MB; mem (CPU total)=3784.02734375MB
INFO:root:At the start of the epoch: mem (CPU python)=947.64453125MB; mem (CPU total)=3784.0234375MB
INFO:root:At the start of the epoch: mem (CPU python)=947.64453125MB; mem (CPU total)=3784.0234375MB
INFO:root:At the start of the epoch: mem (CPU python)=947.64453125MB; mem (CPU total)=3784.0234375MB
INFO:root:At the start of the epoch: mem (CPU python)=947.64453125MB; mem (CPU total)=3784.0234375MB
INFO:root:At the start of the epoch: mem (CPU python)=947.64453125MB; mem (CPU total)=3784.0234375MB
INFO:root:At the start of the epoch: mem (CPU python)=947.64453125MB; mem (CPU total)=3784.0234375MB
INFO:root:At the start of the epoch: mem (CPU python)=947.64453125MB; mem (CPU total)=3784.0234375MB
INFO:root:At the start of the epoch: mem (CPU python)=947.64453125MB; mem (CPU total)=3784.0234375MB
INFO:root:At the start of the epoch: mem (CPU python)=947.64453125MB; mem (CPU total)=3784.0234375MB
INFO:root:At the start of the epoch: mem (CPU python)=947.64453125MB; mem (CPU total)=3784.0234375MB
INFO:root:At the start of the epoch: mem (CPU python)=947.64453125MB; mem (CPU total)=3784.0234375MB
INFO:root:At the start of the epoch: mem (CPU python)=947.64453125MB; mem (CPU total)=3784.0234375MB
INFO:root:At the start of the epoch: mem (CPU python)=947.64453125MB; mem (CPU total)=3784.0234375MB
INFO:root:[  200] Training loss: 0.24664048, Validation loss: 15.69042358, Valdiation loss EMA: 15.25902954
INFO:root:At the start of the epoch: mem (CPU python)=947.64453125MB; mem (CPU total)=3784.98828125MB
INFO:root:At the start of the epoch: mem (CPU python)=947.64453125MB; mem (CPU total)=3784.98828125MB
INFO:root:At the start of the epoch: mem (CPU python)=947.64453125MB; mem (CPU total)=3784.98828125MB
INFO:root:At the start of the epoch: mem (CPU python)=947.64453125MB; mem (CPU total)=3784.98828125MB
INFO:root:At the start of the epoch: mem (CPU python)=947.64453125MB; mem (CPU total)=3784.98828125MB
INFO:root:At the start of the epoch: mem (CPU python)=947.64453125MB; mem (CPU total)=3785.20703125MB
INFO:root:At the start of the epoch: mem (CPU python)=947.64453125MB; mem (CPU total)=3785.20703125MB
INFO:root:At the start of the epoch: mem (CPU python)=947.64453125MB; mem (CPU total)=3785.20703125MB
INFO:root:At the start of the epoch: mem (CPU python)=947.64453125MB; mem (CPU total)=3785.20703125MB
INFO:root:At the start of the epoch: mem (CPU python)=947.64453125MB; mem (CPU total)=3785.20703125MB
INFO:root:At the start of the epoch: mem (CPU python)=947.64453125MB; mem (CPU total)=3785.20703125MB
INFO:root:At the start of the epoch: mem (CPU python)=947.64453125MB; mem (CPU total)=3785.20703125MB
INFO:root:At the start of the epoch: mem (CPU python)=947.64453125MB; mem (CPU total)=3785.20703125MB
INFO:root:At the start of the epoch: mem (CPU python)=947.64453125MB; mem (CPU total)=3785.20703125MB
INFO:root:At the start of the epoch: mem (CPU python)=947.64453125MB; mem (CPU total)=3785.20703125MB
INFO:root:At the start of the epoch: mem (CPU python)=947.64453125MB; mem (CPU total)=3785.20703125MB
INFO:root:At the start of the epoch: mem (CPU python)=947.64453125MB; mem (CPU total)=3785.20703125MB
INFO:root:At the start of the epoch: mem (CPU python)=947.64453125MB; mem (CPU total)=3783.5234375MB
INFO:root:At the start of the epoch: mem (CPU python)=947.64453125MB; mem (CPU total)=3783.5234375MB
INFO:root:At the start of the epoch: mem (CPU python)=947.64453125MB; mem (CPU total)=3783.5234375MB
INFO:root:At the start of the epoch: mem (CPU python)=947.64453125MB; mem (CPU total)=3783.5234375MB
INFO:root:At the start of the epoch: mem (CPU python)=947.64453125MB; mem (CPU total)=3783.5234375MB
INFO:root:At the start of the epoch: mem (CPU python)=947.64453125MB; mem (CPU total)=3783.5234375MB
INFO:root:At the start of the epoch: mem (CPU python)=947.64453125MB; mem (CPU total)=3783.5234375MB
INFO:root:At the start of the epoch: mem (CPU python)=947.64453125MB; mem (CPU total)=3783.5234375MB
INFO:root:At the start of the epoch: mem (CPU python)=947.64453125MB; mem (CPU total)=3783.484375MB
INFO:root:At the start of the epoch: mem (CPU python)=947.64453125MB; mem (CPU total)=3783.71875MB
INFO:root:At the start of the epoch: mem (CPU python)=947.64453125MB; mem (CPU total)=3783.71484375MB
INFO:root:At the start of the epoch: mem (CPU python)=947.64453125MB; mem (CPU total)=3783.71484375MB
INFO:root:At the start of the epoch: mem (CPU python)=947.64453125MB; mem (CPU total)=3783.71484375MB
INFO:root:At the start of the epoch: mem (CPU python)=947.64453125MB; mem (CPU total)=3783.71484375MB
INFO:root:At the start of the epoch: mem (CPU python)=947.64453125MB; mem (CPU total)=3783.71484375MB
INFO:root:At the start of the epoch: mem (CPU python)=947.64453125MB; mem (CPU total)=3783.71484375MB
INFO:root:At the start of the epoch: mem (CPU python)=947.64453125MB; mem (CPU total)=3783.9609375MB
INFO:root:At the start of the epoch: mem (CPU python)=947.64453125MB; mem (CPU total)=3783.9609375MB
INFO:root:At the start of the epoch: mem (CPU python)=947.64453125MB; mem (CPU total)=3783.9609375MB
INFO:root:At the start of the epoch: mem (CPU python)=947.64453125MB; mem (CPU total)=3783.9609375MB
INFO:root:At the start of the epoch: mem (CPU python)=947.64453125MB; mem (CPU total)=3783.9609375MB
INFO:root:At the start of the epoch: mem (CPU python)=947.64453125MB; mem (CPU total)=3783.9609375MB
INFO:root:At the start of the epoch: mem (CPU python)=947.64453125MB; mem (CPU total)=3783.9609375MB
INFO:root:At the start of the epoch: mem (CPU python)=947.64453125MB; mem (CPU total)=3783.9609375MB
INFO:root:At the start of the epoch: mem (CPU python)=947.64453125MB; mem (CPU total)=3783.9609375MB
INFO:root:At the start of the epoch: mem (CPU python)=947.64453125MB; mem (CPU total)=3783.9609375MB
INFO:root:At the start of the epoch: mem (CPU python)=947.64453125MB; mem (CPU total)=3783.015625MB
INFO:root:At the start of the epoch: mem (CPU python)=947.64453125MB; mem (CPU total)=3783.22265625MB
INFO:root:At the start of the epoch: mem (CPU python)=947.64453125MB; mem (CPU total)=3785.68359375MB
INFO:root:At the start of the epoch: mem (CPU python)=947.64453125MB; mem (CPU total)=3787.6484375MB
INFO:root:At the start of the epoch: mem (CPU python)=947.64453125MB; mem (CPU total)=3787.6484375MB
INFO:root:At the start of the epoch: mem (CPU python)=947.64453125MB; mem (CPU total)=3787.6484375MB
INFO:root:At the start of the epoch: mem (CPU python)=947.64453125MB; mem (CPU total)=3787.6484375MB
INFO:root:[  250] Training loss: 0.29710006, Validation loss: 1.41238297, Valdiation loss EMA: 1.40732590
INFO:root:At the start of the epoch: mem (CPU python)=947.64453125MB; mem (CPU total)=3783.95703125MB
INFO:root:At the start of the epoch: mem (CPU python)=947.64453125MB; mem (CPU total)=3783.95703125MB
INFO:root:At the start of the epoch: mem (CPU python)=947.64453125MB; mem (CPU total)=3783.95703125MB
INFO:root:At the start of the epoch: mem (CPU python)=947.64453125MB; mem (CPU total)=3783.95703125MB
INFO:root:At the start of the epoch: mem (CPU python)=947.64453125MB; mem (CPU total)=3783.95703125MB
INFO:root:At the start of the epoch: mem (CPU python)=947.64453125MB; mem (CPU total)=3783.95703125MB
INFO:root:At the start of the epoch: mem (CPU python)=947.64453125MB; mem (CPU total)=3783.95703125MB
INFO:root:At the start of the epoch: mem (CPU python)=947.64453125MB; mem (CPU total)=3783.95703125MB
INFO:root:At the start of the epoch: mem (CPU python)=947.64453125MB; mem (CPU total)=3783.95703125MB
INFO:root:At the start of the epoch: mem (CPU python)=947.64453125MB; mem (CPU total)=3783.95703125MB
INFO:root:At the start of the epoch: mem (CPU python)=947.64453125MB; mem (CPU total)=3783.95703125MB
INFO:root:At the start of the epoch: mem (CPU python)=947.64453125MB; mem (CPU total)=3783.95703125MB
INFO:root:At the start of the epoch: mem (CPU python)=947.64453125MB; mem (CPU total)=3783.95703125MB
INFO:root:At the start of the epoch: mem (CPU python)=947.64453125MB; mem (CPU total)=3783.95703125MB
INFO:root:At the start of the epoch: mem (CPU python)=947.64453125MB; mem (CPU total)=3783.95703125MB
INFO:root:At the start of the epoch: mem (CPU python)=947.64453125MB; mem (CPU total)=3783.95703125MB
INFO:root:At the start of the epoch: mem (CPU python)=947.64453125MB; mem (CPU total)=3783.953125MB
INFO:root:At the start of the epoch: mem (CPU python)=947.64453125MB; mem (CPU total)=3783.953125MB
INFO:root:At the start of the epoch: mem (CPU python)=947.64453125MB; mem (CPU total)=3783.953125MB
INFO:root:At the start of the epoch: mem (CPU python)=947.64453125MB; mem (CPU total)=3783.953125MB
INFO:root:At the start of the epoch: mem (CPU python)=947.64453125MB; mem (CPU total)=3783.953125MB
INFO:root:At the start of the epoch: mem (CPU python)=947.64453125MB; mem (CPU total)=3783.953125MB
INFO:root:At the start of the epoch: mem (CPU python)=947.64453125MB; mem (CPU total)=3783.953125MB
INFO:root:At the start of the epoch: mem (CPU python)=947.64453125MB; mem (CPU total)=3783.953125MB
INFO:root:At the start of the epoch: mem (CPU python)=947.64453125MB; mem (CPU total)=3783.953125MB
INFO:root:At the start of the epoch: mem (CPU python)=947.64453125MB; mem (CPU total)=3783.953125MB
INFO:root:At the start of the epoch: mem (CPU python)=947.64453125MB; mem (CPU total)=3783.953125MB
INFO:root:At the start of the epoch: mem (CPU python)=947.64453125MB; mem (CPU total)=3783.953125MB
INFO:root:At the start of the epoch: mem (CPU python)=947.64453125MB; mem (CPU total)=3783.953125MB
INFO:root:At the start of the epoch: mem (CPU python)=947.64453125MB; mem (CPU total)=3783.953125MB
INFO:root:At the start of the epoch: mem (CPU python)=947.64453125MB; mem (CPU total)=3783.953125MB
INFO:root:At the start of the epoch: mem (CPU python)=947.64453125MB; mem (CPU total)=3783.953125MB
INFO:root:At the start of the epoch: mem (CPU python)=947.64453125MB; mem (CPU total)=3783.953125MB
INFO:root:At the start of the epoch: mem (CPU python)=947.64453125MB; mem (CPU total)=3783.48046875MB
INFO:root:At the start of the epoch: mem (CPU python)=947.64453125MB; mem (CPU total)=3783.48046875MB
INFO:root:At the start of the epoch: mem (CPU python)=947.64453125MB; mem (CPU total)=3783.48046875MB
INFO:root:At the start of the epoch: mem (CPU python)=947.64453125MB; mem (CPU total)=3783.48046875MB
INFO:root:At the start of the epoch: mem (CPU python)=947.64453125MB; mem (CPU total)=3783.48046875MB
INFO:root:At the start of the epoch: mem (CPU python)=947.64453125MB; mem (CPU total)=3783.4609375MB
INFO:root:At the start of the epoch: mem (CPU python)=947.64453125MB; mem (CPU total)=3783.4609375MB
INFO:root:At the start of the epoch: mem (CPU python)=947.64453125MB; mem (CPU total)=3783.4609375MB
INFO:root:At the start of the epoch: mem (CPU python)=947.64453125MB; mem (CPU total)=3783.70703125MB
INFO:root:At the start of the epoch: mem (CPU python)=947.64453125MB; mem (CPU total)=3783.70703125MB
INFO:root:At the start of the epoch: mem (CPU python)=947.64453125MB; mem (CPU total)=3783.70703125MB
INFO:root:At the start of the epoch: mem (CPU python)=947.64453125MB; mem (CPU total)=3783.70703125MB
INFO:root:At the start of the epoch: mem (CPU python)=947.64453125MB; mem (CPU total)=3783.70703125MB
INFO:root:At the start of the epoch: mem (CPU python)=947.64453125MB; mem (CPU total)=3783.70703125MB
INFO:root:At the start of the epoch: mem (CPU python)=947.64453125MB; mem (CPU total)=3783.70703125MB
INFO:root:At the start of the epoch: mem (CPU python)=947.64453125MB; mem (CPU total)=3783.70703125MB
INFO:root:At the start of the epoch: mem (CPU python)=947.64453125MB; mem (CPU total)=3783.70703125MB
INFO:root:[  300] Training loss: 0.24461421, Validation loss: 1.51692139, Valdiation loss EMA: 1.47017654
INFO:root:At the start of the epoch: mem (CPU python)=947.64453125MB; mem (CPU total)=3783.70703125MB
INFO:root:At the start of the epoch: mem (CPU python)=947.64453125MB; mem (CPU total)=3782.76171875MB
INFO:root:At the start of the epoch: mem (CPU python)=947.64453125MB; mem (CPU total)=3782.76171875MB
INFO:root:At the start of the epoch: mem (CPU python)=947.64453125MB; mem (CPU total)=3782.265625MB
INFO:root:At the start of the epoch: mem (CPU python)=947.64453125MB; mem (CPU total)=3782.265625MB
INFO:root:At the start of the epoch: mem (CPU python)=947.64453125MB; mem (CPU total)=3782.2265625MB
INFO:root:At the start of the epoch: mem (CPU python)=947.64453125MB; mem (CPU total)=3782.2265625MB
INFO:root:At the start of the epoch: mem (CPU python)=947.64453125MB; mem (CPU total)=3782.22265625MB
INFO:root:At the start of the epoch: mem (CPU python)=947.64453125MB; mem (CPU total)=3782.22265625MB
INFO:root:At the start of the epoch: mem (CPU python)=947.64453125MB; mem (CPU total)=3782.22265625MB
INFO:root:At the start of the epoch: mem (CPU python)=947.64453125MB; mem (CPU total)=3782.22265625MB
INFO:root:At the start of the epoch: mem (CPU python)=947.64453125MB; mem (CPU total)=3782.22265625MB
INFO:root:At the start of the epoch: mem (CPU python)=947.64453125MB; mem (CPU total)=3782.22265625MB
INFO:root:At the start of the epoch: mem (CPU python)=947.64453125MB; mem (CPU total)=3782.22265625MB
INFO:root:At the start of the epoch: mem (CPU python)=947.64453125MB; mem (CPU total)=3782.22265625MB
INFO:root:At the start of the epoch: mem (CPU python)=947.64453125MB; mem (CPU total)=3782.22265625MB
INFO:root:At the start of the epoch: mem (CPU python)=947.64453125MB; mem (CPU total)=3782.22265625MB
INFO:root:At the start of the epoch: mem (CPU python)=947.64453125MB; mem (CPU total)=3782.22265625MB
INFO:root:At the start of the epoch: mem (CPU python)=947.64453125MB; mem (CPU total)=3782.22265625MB
INFO:root:At the start of the epoch: mem (CPU python)=947.64453125MB; mem (CPU total)=3782.22265625MB
INFO:root:At the start of the epoch: mem (CPU python)=947.64453125MB; mem (CPU total)=3782.22265625MB
INFO:root:At the start of the epoch: mem (CPU python)=947.64453125MB; mem (CPU total)=3782.22265625MB
INFO:root:At the start of the epoch: mem (CPU python)=947.64453125MB; mem (CPU total)=3782.22265625MB
INFO:root:At the start of the epoch: mem (CPU python)=947.64453125MB; mem (CPU total)=3782.22265625MB
INFO:root:At the start of the epoch: mem (CPU python)=947.64453125MB; mem (CPU total)=3782.22265625MB
INFO:root:At the start of the epoch: mem (CPU python)=947.64453125MB; mem (CPU total)=3782.22265625MB
INFO:root:At the start of the epoch: mem (CPU python)=947.64453125MB; mem (CPU total)=3782.22265625MB
INFO:root:At the start of the epoch: mem (CPU python)=947.64453125MB; mem (CPU total)=3782.22265625MB
INFO:root:At the start of the epoch: mem (CPU python)=947.64453125MB; mem (CPU total)=3782.22265625MB
INFO:root:At the start of the epoch: mem (CPU python)=947.64453125MB; mem (CPU total)=3782.22265625MB
INFO:root:At the start of the epoch: mem (CPU python)=947.64453125MB; mem (CPU total)=3782.22265625MB
INFO:root:At the start of the epoch: mem (CPU python)=947.64453125MB; mem (CPU total)=3782.22265625MB
INFO:root:At the start of the epoch: mem (CPU python)=947.64453125MB; mem (CPU total)=3782.22265625MB
INFO:root:At the start of the epoch: mem (CPU python)=947.64453125MB; mem (CPU total)=3782.22265625MB
INFO:root:At the start of the epoch: mem (CPU python)=947.64453125MB; mem (CPU total)=3782.22265625MB
INFO:root:At the start of the epoch: mem (CPU python)=947.64453125MB; mem (CPU total)=3782.22265625MB
INFO:root:At the start of the epoch: mem (CPU python)=947.64453125MB; mem (CPU total)=3782.22265625MB
INFO:root:At the start of the epoch: mem (CPU python)=947.64453125MB; mem (CPU total)=3782.22265625MB
INFO:root:At the start of the epoch: mem (CPU python)=947.64453125MB; mem (CPU total)=3782.22265625MB
INFO:root:At the start of the epoch: mem (CPU python)=947.64453125MB; mem (CPU total)=3782.22265625MB
INFO:root:At the start of the epoch: mem (CPU python)=947.64453125MB; mem (CPU total)=3782.22265625MB
INFO:root:At the start of the epoch: mem (CPU python)=947.64453125MB; mem (CPU total)=3782.22265625MB
INFO:root:At the start of the epoch: mem (CPU python)=947.64453125MB; mem (CPU total)=3782.22265625MB
INFO:root:At the start of the epoch: mem (CPU python)=947.64453125MB; mem (CPU total)=3782.22265625MB
INFO:root:At the start of the epoch: mem (CPU python)=947.64453125MB; mem (CPU total)=3781.27734375MB
INFO:root:At the start of the epoch: mem (CPU python)=947.64453125MB; mem (CPU total)=3781.27734375MB
INFO:root:At the start of the epoch: mem (CPU python)=947.64453125MB; mem (CPU total)=3781.2734375MB
INFO:root:At the start of the epoch: mem (CPU python)=947.64453125MB; mem (CPU total)=3781.234375MB
INFO:root:At the start of the epoch: mem (CPU python)=947.64453125MB; mem (CPU total)=3781.234375MB
INFO:root:At the start of the epoch: mem (CPU python)=947.64453125MB; mem (CPU total)=3781.234375MB
INFO:root:[  350] Training loss: 0.24534461, Validation loss: 0.86150764, Valdiation loss EMA: 0.77835007
INFO:root:At the start of the epoch: mem (CPU python)=947.64453125MB; mem (CPU total)=3780.49609375MB
INFO:root:At the start of the epoch: mem (CPU python)=947.64453125MB; mem (CPU total)=3780.49609375MB
INFO:root:At the start of the epoch: mem (CPU python)=947.64453125MB; mem (CPU total)=3780.49609375MB
INFO:root:At the start of the epoch: mem (CPU python)=947.64453125MB; mem (CPU total)=3780.49609375MB
INFO:root:At the start of the epoch: mem (CPU python)=947.64453125MB; mem (CPU total)=3780.7421875MB
INFO:root:At the start of the epoch: mem (CPU python)=947.64453125MB; mem (CPU total)=3780.7421875MB
INFO:root:At the start of the epoch: mem (CPU python)=947.64453125MB; mem (CPU total)=3780.9609375MB
INFO:root:At the start of the epoch: mem (CPU python)=947.64453125MB; mem (CPU total)=3780.9609375MB
INFO:root:At the start of the epoch: mem (CPU python)=947.64453125MB; mem (CPU total)=3780.9609375MB
INFO:root:At the start of the epoch: mem (CPU python)=947.64453125MB; mem (CPU total)=3780.9609375MB
INFO:root:At the start of the epoch: mem (CPU python)=947.64453125MB; mem (CPU total)=3780.9609375MB
INFO:root:At the start of the epoch: mem (CPU python)=947.64453125MB; mem (CPU total)=3780.9609375MB
INFO:root:At the start of the epoch: mem (CPU python)=947.64453125MB; mem (CPU total)=3780.9609375MB
INFO:root:At the start of the epoch: mem (CPU python)=947.64453125MB; mem (CPU total)=3780.9609375MB
INFO:root:At the start of the epoch: mem (CPU python)=947.64453125MB; mem (CPU total)=3780.9609375MB
INFO:root:At the start of the epoch: mem (CPU python)=947.64453125MB; mem (CPU total)=3780.9609375MB
INFO:root:At the start of the epoch: mem (CPU python)=947.64453125MB; mem (CPU total)=3780.9609375MB
INFO:root:At the start of the epoch: mem (CPU python)=947.64453125MB; mem (CPU total)=3780.9609375MB
INFO:root:At the start of the epoch: mem (CPU python)=947.64453125MB; mem (CPU total)=3780.9609375MB
INFO:root:At the start of the epoch: mem (CPU python)=947.64453125MB; mem (CPU total)=3780.9609375MB
INFO:root:At the start of the epoch: mem (CPU python)=947.64453125MB; mem (CPU total)=3780.9609375MB
INFO:root:At the start of the epoch: mem (CPU python)=947.64453125MB; mem (CPU total)=3780.9609375MB
INFO:root:At the start of the epoch: mem (CPU python)=947.64453125MB; mem (CPU total)=3780.9609375MB
INFO:root:At the start of the epoch: mem (CPU python)=947.64453125MB; mem (CPU total)=3780.9609375MB
INFO:root:At the start of the epoch: mem (CPU python)=947.64453125MB; mem (CPU total)=3780.9609375MB
INFO:root:At the start of the epoch: mem (CPU python)=947.64453125MB; mem (CPU total)=3780.9609375MB
INFO:root:At the start of the epoch: mem (CPU python)=947.64453125MB; mem (CPU total)=3780.9609375MB
INFO:root:At the start of the epoch: mem (CPU python)=947.64453125MB; mem (CPU total)=3780.9609375MB
INFO:root:At the start of the epoch: mem (CPU python)=947.64453125MB; mem (CPU total)=3781.1953125MB
INFO:root:At the start of the epoch: mem (CPU python)=947.64453125MB; mem (CPU total)=3781.1953125MB
INFO:root:At the start of the epoch: mem (CPU python)=947.64453125MB; mem (CPU total)=3781.1953125MB
INFO:root:At the start of the epoch: mem (CPU python)=947.64453125MB; mem (CPU total)=3781.1953125MB
INFO:root:At the start of the epoch: mem (CPU python)=947.64453125MB; mem (CPU total)=3781.1953125MB
INFO:root:At the start of the epoch: mem (CPU python)=947.64453125MB; mem (CPU total)=3781.1953125MB
INFO:root:At the start of the epoch: mem (CPU python)=947.64453125MB; mem (CPU total)=3780.45703125MB
INFO:root:At the start of the epoch: mem (CPU python)=947.64453125MB; mem (CPU total)=3780.45703125MB
INFO:root:At the start of the epoch: mem (CPU python)=947.64453125MB; mem (CPU total)=3780.45703125MB
INFO:root:At the start of the epoch: mem (CPU python)=947.64453125MB; mem (CPU total)=3780.45703125MB
INFO:root:At the start of the epoch: mem (CPU python)=947.64453125MB; mem (CPU total)=3780.45703125MB
INFO:root:At the start of the epoch: mem (CPU python)=947.64453125MB; mem (CPU total)=3780.45703125MB
INFO:root:At the start of the epoch: mem (CPU python)=947.64453125MB; mem (CPU total)=3780.45703125MB
INFO:root:At the start of the epoch: mem (CPU python)=947.64453125MB; mem (CPU total)=3780.453125MB
INFO:root:At the start of the epoch: mem (CPU python)=947.64453125MB; mem (CPU total)=3780.453125MB
INFO:root:At the start of the epoch: mem (CPU python)=947.64453125MB; mem (CPU total)=3780.453125MB
INFO:root:At the start of the epoch: mem (CPU python)=947.64453125MB; mem (CPU total)=3780.453125MB
INFO:root:At the start of the epoch: mem (CPU python)=947.64453125MB; mem (CPU total)=3780.453125MB
INFO:root:At the start of the epoch: mem (CPU python)=947.64453125MB; mem (CPU total)=3780.453125MB
INFO:root:At the start of the epoch: mem (CPU python)=947.64453125MB; mem (CPU total)=3780.453125MB
INFO:root:At the start of the epoch: mem (CPU python)=947.64453125MB; mem (CPU total)=3780.453125MB
INFO:root:At the start of the epoch: mem (CPU python)=947.64453125MB; mem (CPU total)=3780.453125MB
INFO:root:[  400] Training loss: 0.23154721, Validation loss: 0.41791595, Valdiation loss EMA: 0.35407276
INFO:root:At the start of the epoch: mem (CPU python)=947.64453125MB; mem (CPU total)=3780.671875MB
INFO:root:At the start of the epoch: mem (CPU python)=947.64453125MB; mem (CPU total)=3780.671875MB
INFO:root:At the start of the epoch: mem (CPU python)=947.64453125MB; mem (CPU total)=3780.671875MB
INFO:root:At the start of the epoch: mem (CPU python)=947.64453125MB; mem (CPU total)=3780.671875MB
INFO:root:At the start of the epoch: mem (CPU python)=947.64453125MB; mem (CPU total)=3780.671875MB
INFO:root:At the start of the epoch: mem (CPU python)=947.64453125MB; mem (CPU total)=3780.671875MB
INFO:root:At the start of the epoch: mem (CPU python)=947.64453125MB; mem (CPU total)=3780.671875MB
INFO:root:At the start of the epoch: mem (CPU python)=947.64453125MB; mem (CPU total)=3780.671875MB
INFO:root:At the start of the epoch: mem (CPU python)=947.64453125MB; mem (CPU total)=3780.40625MB
INFO:root:At the start of the epoch: mem (CPU python)=947.64453125MB; mem (CPU total)=3780.40625MB
INFO:root:At the start of the epoch: mem (CPU python)=947.64453125MB; mem (CPU total)=3780.40625MB
INFO:root:At the start of the epoch: mem (CPU python)=947.64453125MB; mem (CPU total)=3780.40625MB
INFO:root:At the start of the epoch: mem (CPU python)=947.64453125MB; mem (CPU total)=3780.40625MB
INFO:root:At the start of the epoch: mem (CPU python)=947.64453125MB; mem (CPU total)=3780.40625MB
INFO:root:At the start of the epoch: mem (CPU python)=947.64453125MB; mem (CPU total)=3780.40625MB
INFO:root:At the start of the epoch: mem (CPU python)=947.64453125MB; mem (CPU total)=3780.40625MB
INFO:root:At the start of the epoch: mem (CPU python)=947.64453125MB; mem (CPU total)=3780.40625MB
INFO:root:At the start of the epoch: mem (CPU python)=947.64453125MB; mem (CPU total)=3780.40625MB
INFO:root:At the start of the epoch: mem (CPU python)=947.64453125MB; mem (CPU total)=3780.40625MB
INFO:root:At the start of the epoch: mem (CPU python)=947.64453125MB; mem (CPU total)=3780.40625MB
INFO:root:At the start of the epoch: mem (CPU python)=947.64453125MB; mem (CPU total)=3780.40625MB
INFO:root:At the start of the epoch: mem (CPU python)=947.64453125MB; mem (CPU total)=3780.40625MB
INFO:root:At the start of the epoch: mem (CPU python)=947.64453125MB; mem (CPU total)=3780.40625MB
INFO:root:At the start of the epoch: mem (CPU python)=947.64453125MB; mem (CPU total)=3779.93359375MB
INFO:root:At the start of the epoch: mem (CPU python)=947.64453125MB; mem (CPU total)=3779.93359375MB
INFO:root:At the start of the epoch: mem (CPU python)=947.64453125MB; mem (CPU total)=3779.93359375MB
INFO:root:At the start of the epoch: mem (CPU python)=947.64453125MB; mem (CPU total)=3779.93359375MB
INFO:root:At the start of the epoch: mem (CPU python)=947.64453125MB; mem (CPU total)=3779.9296875MB
INFO:root:At the start of the epoch: mem (CPU python)=947.64453125MB; mem (CPU total)=3779.9296875MB
INFO:root:At the start of the epoch: mem (CPU python)=947.64453125MB; mem (CPU total)=3779.6640625MB
INFO:root:At the start of the epoch: mem (CPU python)=947.64453125MB; mem (CPU total)=3779.6640625MB
INFO:root:At the start of the epoch: mem (CPU python)=947.64453125MB; mem (CPU total)=3779.6640625MB
INFO:root:At the start of the epoch: mem (CPU python)=947.64453125MB; mem (CPU total)=3779.6640625MB
INFO:root:At the start of the epoch: mem (CPU python)=947.64453125MB; mem (CPU total)=3779.6640625MB
INFO:root:At the start of the epoch: mem (CPU python)=947.64453125MB; mem (CPU total)=3779.6640625MB
INFO:root:At the start of the epoch: mem (CPU python)=947.64453125MB; mem (CPU total)=3779.6640625MB
INFO:root:At the start of the epoch: mem (CPU python)=947.64453125MB; mem (CPU total)=3779.6640625MB
INFO:root:At the start of the epoch: mem (CPU python)=947.64453125MB; mem (CPU total)=3779.64453125MB
INFO:root:At the start of the epoch: mem (CPU python)=947.64453125MB; mem (CPU total)=3779.64453125MB
INFO:root:At the start of the epoch: mem (CPU python)=947.64453125MB; mem (CPU total)=3779.64453125MB
INFO:root:At the start of the epoch: mem (CPU python)=947.64453125MB; mem (CPU total)=3779.64453125MB
INFO:root:At the start of the epoch: mem (CPU python)=947.64453125MB; mem (CPU total)=3779.890625MB
INFO:root:At the start of the epoch: mem (CPU python)=947.64453125MB; mem (CPU total)=3779.890625MB
INFO:root:At the start of the epoch: mem (CPU python)=947.64453125MB; mem (CPU total)=3779.890625MB
INFO:root:At the start of the epoch: mem (CPU python)=947.64453125MB; mem (CPU total)=3779.890625MB
INFO:root:At the start of the epoch: mem (CPU python)=947.64453125MB; mem (CPU total)=3779.15234375MB
INFO:root:At the start of the epoch: mem (CPU python)=947.64453125MB; mem (CPU total)=3779.15234375MB
INFO:root:At the start of the epoch: mem (CPU python)=947.64453125MB; mem (CPU total)=3779.1328125MB
INFO:root:At the start of the epoch: mem (CPU python)=947.64453125MB; mem (CPU total)=3779.1328125MB
INFO:root:At the start of the epoch: mem (CPU python)=947.64453125MB; mem (CPU total)=3779.1328125MB
INFO:root:[  450] Training loss: 0.20505934, Validation loss: 1.03462990, Valdiation loss EMA: 1.02410934
INFO:root:At the start of the epoch: mem (CPU python)=947.64453125MB; mem (CPU total)=3779.37109375MB
INFO:root:At the start of the epoch: mem (CPU python)=947.64453125MB; mem (CPU total)=3779.37109375MB
INFO:root:At the start of the epoch: mem (CPU python)=947.64453125MB; mem (CPU total)=3779.37109375MB
INFO:root:At the start of the epoch: mem (CPU python)=947.64453125MB; mem (CPU total)=3779.37109375MB
INFO:root:At the start of the epoch: mem (CPU python)=947.64453125MB; mem (CPU total)=3779.37109375MB
INFO:root:At the start of the epoch: mem (CPU python)=947.64453125MB; mem (CPU total)=3779.37109375MB
INFO:root:At the start of the epoch: mem (CPU python)=947.64453125MB; mem (CPU total)=3779.37109375MB
INFO:root:At the start of the epoch: mem (CPU python)=947.64453125MB; mem (CPU total)=3779.37109375MB
INFO:root:At the start of the epoch: mem (CPU python)=947.64453125MB; mem (CPU total)=3779.37109375MB
INFO:root:At the start of the epoch: mem (CPU python)=947.64453125MB; mem (CPU total)=3779.86328125MB
INFO:root:At the start of the epoch: mem (CPU python)=947.64453125MB; mem (CPU total)=3779.86328125MB
INFO:root:At the start of the epoch: mem (CPU python)=947.64453125MB; mem (CPU total)=3779.86328125MB
INFO:root:At the start of the epoch: mem (CPU python)=947.64453125MB; mem (CPU total)=3779.86328125MB
INFO:root:At the start of the epoch: mem (CPU python)=947.64453125MB; mem (CPU total)=3779.86328125MB
INFO:root:At the start of the epoch: mem (CPU python)=947.64453125MB; mem (CPU total)=3779.63671875MB
INFO:root:At the start of the epoch: mem (CPU python)=947.64453125MB; mem (CPU total)=3779.63671875MB
INFO:root:At the start of the epoch: mem (CPU python)=947.64453125MB; mem (CPU total)=3779.63671875MB
INFO:root:At the start of the epoch: mem (CPU python)=947.64453125MB; mem (CPU total)=3779.6328125MB
INFO:root:At the start of the epoch: mem (CPU python)=947.64453125MB; mem (CPU total)=3779.3671875MB
INFO:root:At the start of the epoch: mem (CPU python)=947.64453125MB; mem (CPU total)=3779.3671875MB
INFO:root:At the start of the epoch: mem (CPU python)=947.64453125MB; mem (CPU total)=3779.3671875MB
INFO:root:At the start of the epoch: mem (CPU python)=947.64453125MB; mem (CPU total)=3779.3671875MB
INFO:root:At the start of the epoch: mem (CPU python)=947.64453125MB; mem (CPU total)=3779.3671875MB
INFO:root:At the start of the epoch: mem (CPU python)=947.64453125MB; mem (CPU total)=3779.3671875MB
INFO:root:At the start of the epoch: mem (CPU python)=947.64453125MB; mem (CPU total)=3779.859375MB
INFO:root:At the start of the epoch: mem (CPU python)=947.64453125MB; mem (CPU total)=3779.859375MB
INFO:root:At the start of the epoch: mem (CPU python)=947.64453125MB; mem (CPU total)=3779.859375MB
INFO:root:At the start of the epoch: mem (CPU python)=947.64453125MB; mem (CPU total)=3779.859375MB
INFO:root:At the start of the epoch: mem (CPU python)=947.64453125MB; mem (CPU total)=3779.859375MB
INFO:root:At the start of the epoch: mem (CPU python)=947.64453125MB; mem (CPU total)=3779.859375MB
INFO:root:At the start of the epoch: mem (CPU python)=947.64453125MB; mem (CPU total)=3779.859375MB
INFO:root:At the start of the epoch: mem (CPU python)=947.64453125MB; mem (CPU total)=3779.859375MB
INFO:root:At the start of the epoch: mem (CPU python)=947.64453125MB; mem (CPU total)=3779.859375MB
INFO:root:At the start of the epoch: mem (CPU python)=947.64453125MB; mem (CPU total)=3780.10546875MB
INFO:root:At the start of the epoch: mem (CPU python)=947.64453125MB; mem (CPU total)=3780.10546875MB
INFO:root:At the start of the epoch: mem (CPU python)=947.64453125MB; mem (CPU total)=3780.10546875MB
INFO:root:At the start of the epoch: mem (CPU python)=947.64453125MB; mem (CPU total)=3780.10546875MB
INFO:root:At the start of the epoch: mem (CPU python)=947.64453125MB; mem (CPU total)=3780.10546875MB
INFO:root:At the start of the epoch: mem (CPU python)=947.64453125MB; mem (CPU total)=3780.10546875MB
INFO:root:At the start of the epoch: mem (CPU python)=947.64453125MB; mem (CPU total)=3780.3515625MB
INFO:root:At the start of the epoch: mem (CPU python)=947.64453125MB; mem (CPU total)=3780.59765625MB
INFO:root:At the start of the epoch: mem (CPU python)=947.64453125MB; mem (CPU total)=3780.59765625MB
INFO:root:At the start of the epoch: mem (CPU python)=947.64453125MB; mem (CPU total)=3780.59765625MB
INFO:root:At the start of the epoch: mem (CPU python)=947.64453125MB; mem (CPU total)=3780.59765625MB
INFO:root:At the start of the epoch: mem (CPU python)=947.64453125MB; mem (CPU total)=3780.609375MB
INFO:root:At the start of the epoch: mem (CPU python)=947.64453125MB; mem (CPU total)=3780.609375MB
INFO:root:At the start of the epoch: mem (CPU python)=947.64453125MB; mem (CPU total)=3780.609375MB
INFO:root:At the start of the epoch: mem (CPU python)=947.64453125MB; mem (CPU total)=3781.078125MB
INFO:root:At the start of the epoch: mem (CPU python)=947.64453125MB; mem (CPU total)=3781.078125MB
INFO:root:At the start of the epoch: mem (CPU python)=947.64453125MB; mem (CPU total)=3781.078125MB
INFO:root:EP 499: Early stopping
INFO:root:After finishing all epochs: mem (CPU python)=947.64453125MB; mem (CPU total)=3780.33984375MB
INFO:root:Training the model took 88.981s.
INFO:root:Emptying the cuda cache took 0.001s.
INFO:root:Starting evaluation: model MLP & uncertainty quantification diffusion
INFO:root:Evaluating the model on Train data.
